
<!DOCTYPE html>
<html>


<head>
	<meta charset='UTF-8' /> 
	<meta name='description' content='' />
	<meta name='robots' content='noodp, noydir' />
	<meta name='viewport' content='width=device-width, initial-scale=1' />
	<meta id="timeStampFormat" name="timeStampFormat" content='MMM d, yyyy hh:mm:ss a'/>
	
	<link href='https://fonts.googleapis.com/css?family=Source+Sans+Pro:400,600' rel='stylesheet' type='text/css' />
	<link href="https://fonts.googleapis.com/icon?family=Material+Icons" rel="stylesheet" />

		<link href='https://cdn.rawgit.com/anshooarora/extentreports-java/b4a58fcfd1e137bd9287244035a7c80d3d73b3af/dist/css/extent.css' type='text/css' rel='stylesheet' />
	
	<title>SEI Automation</title>

	<style type='text/css'>
	</style>
</head>

	<body class='extent standard default hide-overflow bdd-report'>
		<div id='theme-selector' alt='Click to toggle theme. To enable by default, use theme configuration.' title='Click to toggle theme. To enable by default, use theme configuration.'>
			<span><i class='material-icons'>desktop_windows</i></span>
		</div>

<nav>
	<div class="nav-wrapper">
		<a href="#!" class="brand-logo blue darken-3">Extent</a>

		<!-- slideout menu -->
		<ul id='slide-out' class='side-nav fixed hide-on-med-and-down'>
			<li class='waves-effect active'><a href='#!' view='test-view' onclick="configureView(0);chartsView('test');"><i class='material-icons'>dashboard</i></a></li>
						<li class='waves-effect'><a href='#!' view='category-view' onclick="configureView(1)"><i class='material-icons'>label_outline</i></a></li>
			<li class='waves-effect'><a href='#!' view='exception-view' onclick="configureView(2)"><i class='material-icons'>bug_report</i></a></li>
			<li class='waves-effect'><a href='#!' onclick="configureView(-1);chartsView('dashboard');" view='dashboard-view'><i class='material-icons'>track_changes</i></i></a></li>
		</ul>

		<!-- report name -->
		<span class='report-name'>
			
    	<script>
            		var logoElem = document.getElementsByClassName('brand-logo')[0],
            			image = document.createElement('img'),
            			styleElement = document.createElement('style');
            			logoElem.innerHTML = '',
            			basePath = window.location.href.replace('extentreport.html', '')
           			/* Add logo image and anchor */
           			image.src = 'https://www.capella.edu/content/dam/capella/hp-site/logo_capellaheader_237x37_121718.png';
           			/* basePath + 'Logo.png'; */
           			logoElem.setAttribute('href', 'https://www.capella.edu');
           			logoElem.setAttribute('target', '_blank');
           			
           			logoElem.style.backgroundColor='#fff';
           		/*	logoElem.style.backgroundColor = '#fff !important'; */
           			logoElem.appendChild(image);
           			
           			/* Add style for the anchor */
           			styleElement.type = 'text/css';
				    document.getElementsByTagName('head')[0].appendChild(styleElement);
				    styleElement.appendChild(document.createTextNode('nav .nav-wrapper .blue.darken-3.brand-logo{background-color: #fff !important}'));
            			
            		var reportNameElem = document.getElementsByClassName('report-name')[0];
            			reportNameElem.innerHTML = 'SEI Automation Report';
            			
            		var favicon = document.createElement('link');
            		favicon.setAttribute('rel', 'icon');
            		favicon.setAttribute('href', 'https://www.capella.edu/content/dam/capella/favicon.ico');
            		favicon.setAttribute('type', 'image/x-icon');
            		document.getElementsByTagName('head')[0].appendChild(favicon); 
            	</script>
            	<style>
            		nav .brand-logo {
            			width: 120px !important;
            			padding: 1px 7px !important;
            		}
            		
            		nav .brand-logo.blue.darken-3 {
            			background-color: #fff !important;
            		}
            		
            		nav .brand-logo img {
            			max-width: 100%;
            			height: auto;
            		}
            		nav .report-name{
            			position:absolute;
            				left: calc(50% - 120px);
            			font-size: 20px;
            			font-weight: 700;
            			}
            	</style>
            	
		</span>
		
		<!-- report headline -->
		<span class='report-headline'></span>

		<!-- nav-right -->
		<ul id='nav-mobile' class='right hide-on-med-and-down nav-right'>
			<li>
                <a href='#!'>
                    <span class='label suite-start-time blue darken-3'>Aug 27, 2020 02:41:17 PM</span>
				</a>
			</li>
			<li>
                <a href='#!'>
                    <span class='label blue darken-3'>3.1.5</span>
				</a>
			</li>
		</ul>
	</div>
</nav>

		<!-- container -->
		<div class='container'>

<div id='test-view' class='view'>
				
	<section id='controls'>
		<div class='controls grey lighten-4'>
			<!-- test toggle -->
			<div class='chip transparent'>
				<a class='dropdown-button tests-toggle' data-activates='tests-toggle' data-constrainwidth='true' data-beloworigin='true' data-hover='true' href='#'>
					<i class='material-icons'>warning</i> Status
				</a>
				<ul id='tests-toggle' class='dropdown-content'>
											<li status='pass'><a href='#!'>Pass <i class='material-icons green-text'>check_circle</i></a></li>
						<li status='fail'><a href='#!'>Fail <i class='material-icons red-text'>cancel</i></a></li>
						<li status='skip'><a href='#!'>Skip <i class='material-icons cyan-text'>redo</i></a></li>
					<li class='divider'></li>
					<li status='clear' clear='true'><a href='#!'>Clear Filters <i class='material-icons'>clear</i></a></li>
				</ul>
			</div>
			<!-- test toggle -->

			<!-- category toggle -->
			<div class='chip transparent'>
				<a class='dropdown-button category-toggle' data-activates='category-toggle' data-constrainwidth='false' data-beloworigin='true' data-hover='true' href='#'>
					<i class='material-icons'>local_offer</i> Category
				</a>
				<ul id='category-toggle' class='dropdown-content'>
					<li><a href='#'>@PEPRFI</a></li>
					<li><a href='#'>@Forms</a></li>
					<li><a href='#'>@SUEDU</a></li>
					<li><a href='#'>@BannerRFI</a></li>
					<li><a href='#'>@FooterRFI</a></li>
					<li><a href='#'>@DownloadFormMBA</a></li>
					<li><a href='#'>@OMS</a></li>
					<li><a href='#'>@MicroSiteForminMBAEntrepreneurship</a></li>
					<li><a href='#'>@MicroSiteForminMBAPage</a></li>
					<li><a href='#'>@DownloadFormCheddar</a></li>
					<li><a href='#'>@LinkedInpageMBAForm</a></li>
					<li><a href='#'>@SUPMLP</a></li>
					<li><a href='#'>@LinkedInpageBBAForm</a></li>
					<li><a href='#'>@ShortForm</a></li>
					<li><a href='#'>@ShortFormwithDropdown</a></li>
					<li><a href='#'>@TwoStepForm</a></li>
					<li><a href='#'>@LongForm</a></li>
					<li><a href='#'>@CheddarFormWithDropdown</a></li>
					<li><a href='#'>@CheddarDownloadForm</a></li>
					<li><a href='#'>@EmailUsForm</a></li>
					<li><a href='#'>@CUEDU</a></li>
					<li><a href='#'>@RequestInfoForm</a></li>
					<li><a href='#'>@ScheduleConsultationForm</a></li>
					<li><a href='#'>@ReferaFriendForm</a></li>
					<li><a href='#'>@RegistrationForm</a></li>
					<li><a href='#'>@PFQForm</a></li>
					<li><a href='#'>@IRFForm</a></li>
					<li><a href='#'>@CUPMLP</a></li>
					<li class='divider'></li>
					<li class='clear'><a href='#!' clear='true'>Clear Filters</a></li>
				</ul>
			</div>
			<!-- category toggle -->

			<!-- clear filters -->
			<div class='chip transparent hide'>
				<a class='' id='clear-filters' alt='Clear Filters' title='Clear Filters'>
					<i class='material-icons'>close</i> Clear
				</a>
			</div>
			<!-- clear filters -->

			<!-- enable dashboard -->
			<div id='toggle-test-view-charts' class='chip transparent'>
				<a class='pink-text' id='enable-dashboard' alt='Enable Dashboard' title='Enable Dashboard'>
					<i class='material-icons'>track_changes</i> Dashboard
				</a>
			</div>
			<!-- enable dashboard -->

			<!-- search -->
			<div class='chip transparent' alt='Search Tests' title='Search Tests'>
				<a href="#" class='search-div'>
					<i class='material-icons'>search</i> Search
				</a>

				<div class='input-field left hide'>
					<input id='search-tests' type='text' class='validate browser-default' placeholder='Search Tests...'>
				</div>
				
			</div>
			<!-- search -->
		</div>
	</section>


<div id='test-view-charts' class='subview-full'>
	<div id='charts-row' class='row nm-v nm-h'>
		<div class='col s12 m4 l4 np-h'>
			<div class='card-panel nm-v'>
				<div class='left panel-name'>Features</div>
				<div class='chart-box'>
					<canvas id='parent-analysis' width='100' height='80'></canvas>
				</div>
				<div class='block text-small'>
					<span class='tooltipped' data-position='top' data-tooltip='0%'><span class='strong'>0</span> feature(s) passed</span>
				</div>
				<div class='block text-small'>
					<span class='strong tooltipped' data-position='top' data-tooltip='100%'>1</span> feature(s) failed, <span class='strong tooltipped' data-position='top' data-tooltip='0%'>0</span> others
				</div>
			</div>
		</div>
		
		<div class='col s12 m4 l4 np-h'>
			<div class='card-panel nm-v'>
				<div class='left panel-name'>Scenarios</div>
				<div class='chart-box'>
					<canvas id='child-analysis' width='100' height='80'></canvas>
				</div>
				<div class='block text-small'>
					<span class='tooltipped' data-position='top' data-tooltip='9.091%'><span class='strong'>2</span> scenario(s) passed</span>
				</div>
				<div class='block text-small'>
					<span class='strong tooltipped' data-position='top' data-tooltip='90.909%'>20</span> scenario(s) failed, <span class='strong tooltipped' data-position='top' data-tooltip='0%'>0</span> others
				</div>
			</div>
		</div>
		
		<div class='col s12 m4 l4 np-h'>
			<div class='card-panel nm-v'>
				<div class='left panel-name'>Steps</div>
				<div class='chart-box'>
					<canvas id='grandchild-analysis' width='100' height='80'></canvas>
				</div>
				<div class='block text-small'>
					<span class='tooltipped' data-position='top' data-tooltip='85.714%'><span class='strong'>228</span> step(s) passed</span>
				</div>
				<div class='block text-small'>
					<span class='strong tooltipped' data-position='top' data-tooltip='7.519%'>20</span> step(s) failed, <span class='strong tooltipped' data-position='top' data-tooltip='6.767%'>18</span> others
				</div>
			</div>
		</div>
	</div>
</div>

	<div class='subview-left left'>
		
		<div class='view-summary'>
			<h5>Features</h5>
			<ul id='test-collection' class='test-collection'>
				
				
				<li class='test displayed active has-leaf fail' status='fail' bdd='true' test-id='1'>
					<div class='test-heading'>
						<span class='test-name'>Console Errors in PMLP Pages in QA</span>
						<span class='test-time'>Aug 27, 2020 02:41:18 PM</span>
						<span class='test-status right fail'>fail</span>
					</div>
					<div class='test-content hide'>
<div class='scenario node' test-id='2' status='fail'>
	<div class='category-list'>
		<span class='category label white-text'>@PEPRFI</span>
		<span class='category label white-text'>@Forms</span>
		<span class='category label white-text'>@SUEDU</span>
	</div>
	<span class='duration right label'>0h 1m 0s+688ms</span>
	<div class='desc'>
		<b>Scenario</b>
		<span class="desc-text">TC020: Verify User is able to submit PEP  form</span>
	</div>
	<ul class='steps'>
		<li test-id='3' class='node given pass' status='pass'>
			
			<b>Given</b>
			
			<span class="bdd-step-name">Given User Navigate to PEP Form Page</span>
				<div class='pre'>passed</div>
			
		</li>
		<li test-id='4' class='node when pass' status='pass'>
			
			<b>When</b>
			
			<span class="bdd-step-name">When User select "Business" as AOS in PEP form</span>
				<div class='pre'>passed</div>
			
		</li>
		<li test-id='5' class='node and pass' status='pass'>
			
			<b>And</b>
			
			<span class="bdd-step-name">And User select "Associate" as Degree in PEP form</span>
				<div class='pre'>passed</div>
			
		</li>
		<li test-id='6' class='node and pass' status='pass'>
			
			<b>And</b>
			
			<span class="bdd-step-name">And User select "Associate in Arts in Marketing" as Program in PEP form</span>
				<div class='pre'>passed</div>
			
		</li>
		<li test-id='7' class='node when pass' status='pass'>
			
			<b>When</b>
			
			<span class="bdd-step-name">When User Fill PEP Form Data</span>
				<div class='pre'>passed</div>
			
		</li>
		<li test-id='8' class='node when pass' status='pass'>
			
			<b>When</b>
			
			<span class="bdd-step-name">When User move to PEP RFI</span>
				<div class='pre'>passed</div>
			
		</li>
		<li test-id='9' class='node when pass' status='pass'>
			
			<b>When</b>
			
			<span class="bdd-step-name">When User enter "PEP" as FirstName in PEP  Form</span>
				<div class='pre'>passed</div>
			
		</li>
		<li test-id='10' class='node and pass' status='pass'>
			
			<b>And</b>
			
			<span class="bdd-step-name">And User enter "Form" as LastName in PEP Form</span>
				<div class='pre'>passed</div>
			
		</li>
		<li test-id='11' class='node and pass' status='pass'>
			
			<b>And</b>
			
			<span class="bdd-step-name">And User enter "pepform@cunet.com" as Email in PEP Form</span>
				<div class='pre'>passed</div>
			
		</li>
		<li test-id='12' class='node and pass' status='pass'>
			
			<b>And</b>
			
			<span class="bdd-step-name">And User enter "1232344567" as PhoneNumber in PEP Form</span>
				<div class='pre'>passed</div>
			
		</li>
		<li test-id='13' class='node and pass' status='pass'>
			
			<b>And</b>
			
			<span class="bdd-step-name">And User enter "55111" as Zip in PEP Form</span>
				<div class='pre'>passed</div>
			
		</li>
		<li test-id='14' class='node when pass' status='pass'>
			
			<b>When</b>
			
			<span class="bdd-step-name">When User click "AgreeandGo" button in PEP Form</span>
				<div class='pre'>passed</div>
			
		</li>
		<li test-id='15' class='node then pass' status='pass'>
			
			<b>Then</b>
			
			<span class="bdd-step-name">Then User should see the "200" Success Response Status code</span>
				<div class='pre'>passed</div>
			
		</li>
		<li test-id='16' class='node then fail' status='fail'>
			
			<b>Then</b>
			
			<span class="bdd-step-name">Then User should navigate to "Thank You" Thank you page</span>
			<ul class='screenshots right'>
				<li><a data-featherlight="image" href="X:\IT_Grps\MarTech\Strayer Migration\QA20200827024219.png"><i class='material-icons'>panorama</i></a></li>
			</ul>
				<div class='pre'><pre>java.lang.AssertionError: Title didn't match expected [true] but found [false]
	at org.testng.Assert.fail(Assert.java:94)
	at org.testng.Assert.failNotEquals(Assert.java:494)
	at org.testng.Assert.assertEquals(Assert.java:123)
	at org.testng.Assert.assertEquals(Assert.java:286)
	at steps.FormsSteps.i_should_see_navigate_to_the_thank_page(FormsSteps.java:71)
	at ?.Then User should navigate to "Thank You" Thank you page(src/test/resources/features/Forms.feature:18)
</pre></div>
			
		</li>
	</ul>
</div>
<div class='scenario node' test-id='17' status='fail'>
	<div class='category-list'>
		<span class='category label white-text'>@BannerRFI</span>
		<span class='category label white-text'>@SUEDU</span>
		<span class='category label white-text'>@Forms</span>
	</div>
	<span class='duration right label'>0h 0m 47s+898ms</span>
	<div class='desc'>
		<b>Scenario</b>
		<span class="desc-text">TC001: Verify User is able to submit Banner form</span>
	</div>
	<ul class='steps'>
		<li test-id='18' class='node given pass' status='pass'>
			
			<b>Given</b>
			
			<span class="bdd-step-name">Given User Navigate to EDU Banner Forms Page</span>
				<div class='pre'>passed</div>
			
		</li>
		<li test-id='19' class='node when pass' status='pass'>
			
			<b>When</b>
			
			<span class="bdd-step-name">When User move to BannerRFI</span>
				<div class='pre'>passed</div>
			
		</li>
		<li test-id='20' class='node and pass' status='pass'>
			
			<b>And</b>
			
			<span class="bdd-step-name">And User enter "Banner" as FirstName in Banner form</span>
				<div class='pre'>passed</div>
			
		</li>
		<li test-id='21' class='node and pass' status='pass'>
			
			<b>And</b>
			
			<span class="bdd-step-name">And User enter "Form" as LastName in Banner form</span>
				<div class='pre'>passed</div>
			
		</li>
		<li test-id='22' class='node and pass' status='pass'>
			
			<b>And</b>
			
			<span class="bdd-step-name">And User enter "Bannerform@cunet.com" as Email in Banner form</span>
				<div class='pre'>passed</div>
			
		</li>
		<li test-id='23' class='node and pass' status='pass'>
			
			<b>And</b>
			
			<span class="bdd-step-name">And User enter "1232377767" as PhoneNumber in Banner form</span>
				<div class='pre'>passed</div>
			
		</li>
		<li test-id='24' class='node and pass' status='pass'>
			
			<b>And</b>
			
			<span class="bdd-step-name">And User enter "55111" as Zip in Banner form</span>
				<div class='pre'>passed</div>
			
		</li>
		<li test-id='25' class='node when pass' status='pass'>
			
			<b>When</b>
			
			<span class="bdd-step-name">When User click "AgreeandGo" button in Banner form</span>
				<div class='pre'>passed</div>
			
		</li>
		<li test-id='26' class='node then pass' status='pass'>
			
			<b>Then</b>
			
			<span class="bdd-step-name">Then User should see the "200" Success Response Status code</span>
				<div class='pre'>passed</div>
			
		</li>
		<li test-id='27' class='node then fail' status='fail'>
			
			<b>Then</b>
			
			<span class="bdd-step-name">Then User should navigate to "Thank You" Thank you page</span>
			<ul class='screenshots right'>
				<li><a data-featherlight="image" href="X:\IT_Grps\MarTech\Strayer Migration\QA20200827024311.png"><i class='material-icons'>panorama</i></a></li>
			</ul>
				<div class='pre'><pre>java.lang.AssertionError: Title didn't match expected [true] but found [false]
	at org.testng.Assert.fail(Assert.java:94)
	at org.testng.Assert.failNotEquals(Assert.java:494)
	at org.testng.Assert.assertEquals(Assert.java:123)
	at org.testng.Assert.assertEquals(Assert.java:286)
	at steps.FormsSteps.i_should_see_navigate_to_the_thank_page(FormsSteps.java:71)
	at ?.Then User should navigate to "Thank You" Thank you page(src/test/resources/features/Forms.feature:31)
</pre></div>
			
		</li>
	</ul>
</div>
<div class='scenario node' test-id='28' status='fail'>
	<div class='category-list'>
		<span class='category label white-text'>@FooterRFI</span>
		<span class='category label white-text'>@SUEDU</span>
		<span class='category label white-text'>@Forms</span>
	</div>
	<span class='duration right label'>0h 0m 44s+198ms</span>
	<div class='desc'>
		<b>Scenario</b>
		<span class="desc-text">TC002: Verify User is able to submit footer  form</span>
	</div>
	<ul class='steps'>
		<li test-id='29' class='node given pass' status='pass'>
			
			<b>Given</b>
			
			<span class="bdd-step-name">Given User Navigate to EDU Forms Page</span>
				<div class='pre'>passed</div>
			
		</li>
		<li test-id='30' class='node when pass' status='pass'>
			
			<b>When</b>
			
			<span class="bdd-step-name">When User move to footerRFI</span>
				<div class='pre'>passed</div>
			
		</li>
		<li test-id='31' class='node and pass' status='pass'>
			
			<b>And</b>
			
			<span class="bdd-step-name">And User enter "Footer" as FirstName in form</span>
				<div class='pre'>passed</div>
			
		</li>
		<li test-id='32' class='node and pass' status='pass'>
			
			<b>And</b>
			
			<span class="bdd-step-name">And User enter "Form" as LastName in form</span>
				<div class='pre'>passed</div>
			
		</li>
		<li test-id='33' class='node and pass' status='pass'>
			
			<b>And</b>
			
			<span class="bdd-step-name">And User enter "footerform@cunet.com" as Email in form</span>
				<div class='pre'>passed</div>
			
		</li>
		<li test-id='34' class='node and pass' status='pass'>
			
			<b>And</b>
			
			<span class="bdd-step-name">And User enter "1232344567" as PhoneNumber in Footer form</span>
				<div class='pre'>passed</div>
			
		</li>
		<li test-id='35' class='node and pass' status='pass'>
			
			<b>And</b>
			
			<span class="bdd-step-name">And User enter "55111" as Zip in form</span>
				<div class='pre'>passed</div>
			
		</li>
		<li test-id='36' class='node when pass' status='pass'>
			
			<b>When</b>
			
			<span class="bdd-step-name">When User click "AgreeandGo" button in form</span>
				<div class='pre'>passed</div>
			
		</li>
		<li test-id='37' class='node then pass' status='pass'>
			
			<b>Then</b>
			
			<span class="bdd-step-name">Then User should see the "200" Success Response Status code</span>
				<div class='pre'>passed</div>
			
		</li>
		<li test-id='38' class='node then fail' status='fail'>
			
			<b>Then</b>
			
			<span class="bdd-step-name">Then User should navigate to "Thank You" Thank you page</span>
			<ul class='screenshots right'>
				<li><a data-featherlight="image" href="X:\IT_Grps\MarTech\Strayer Migration\QA20200827024400.png"><i class='material-icons'>panorama</i></a></li>
			</ul>
				<div class='pre'><pre>java.lang.AssertionError: Title didn't match expected [true] but found [false]
	at org.testng.Assert.fail(Assert.java:94)
	at org.testng.Assert.failNotEquals(Assert.java:494)
	at org.testng.Assert.assertEquals(Assert.java:123)
	at org.testng.Assert.assertEquals(Assert.java:286)
	at steps.FormsSteps.i_should_see_navigate_to_the_thank_page(FormsSteps.java:71)
	at ?.Then User should navigate to "Thank You" Thank you page(src/test/resources/features/Forms.feature:44)
</pre></div>
			
		</li>
	</ul>
</div>
<div class='scenario node' test-id='39' status='fail'>
	<div class='category-list'>
		<span class='category label white-text'>@DownloadFormMBA</span>
		<span class='category label white-text'>@OMS</span>
		<span class='category label white-text'>@Forms</span>
	</div>
	<span class='duration right label'>0h 0m 33s+672ms</span>
	<div class='desc'>
		<b>Scenario</b>
		<span class="desc-text">TC006: Verify User is able to submit MBA download form</span>
	</div>
	<ul class='steps'>
		<li test-id='40' class='node given pass' status='pass'>
			
			<b>Given</b>
			
			<span class="bdd-step-name">Given User Navigate to Mobile Mba Page</span>
				<div class='pre'>passed</div>
			
		</li>
		<li test-id='41' class='node when pass' status='pass'>
			
			<b>When</b>
			
			<span class="bdd-step-name">When User Click on "Download Now" Form link in Cheddar Page</span>
				<div class='pre'>passed</div>
			
		</li>
		<li test-id='42' class='node and pass' status='pass'>
			
			<b>And</b>
			
			<span class="bdd-step-name">And User enter "Download" as FirstName in Download form</span>
				<div class='pre'>passed</div>
			
		</li>
		<li test-id='43' class='node and pass' status='pass'>
			
			<b>And</b>
			
			<span class="bdd-step-name">And User enter "Form" as LastName in Download form</span>
				<div class='pre'>passed</div>
			
		</li>
		<li test-id='44' class='node and pass' status='pass'>
			
			<b>And</b>
			
			<span class="bdd-step-name">And User enter "downloadform@cunet.com" as Email in Download form</span>
				<div class='pre'>passed</div>
			
		</li>
		<li test-id='45' class='node and pass' status='pass'>
			
			<b>And</b>
			
			<span class="bdd-step-name">And User enter "1232344567" as PhoneNumber in Download form</span>
				<div class='pre'>passed</div>
			
		</li>
		<li test-id='46' class='node and pass' status='pass'>
			
			<b>And</b>
			
			<span class="bdd-step-name">And User enter "55111" as Zip in Download form</span>
				<div class='pre'>passed</div>
			
		</li>
		<li test-id='47' class='node when pass' status='pass'>
			
			<b>When</b>
			
			<span class="bdd-step-name">When User click "Submit" button in Download form</span>
				<div class='pre'>passed</div>
			
		</li>
		<li test-id='48' class='node then pass' status='pass'>
			
			<b>Then</b>
			
			<span class="bdd-step-name">Then User should see the "200" Response Status code</span>
				<div class='pre'>passed</div>
			
		</li>
		<li test-id='49' class='node then fail' status='fail'>
			
			<b>Then</b>
			
			<span class="bdd-step-name">Then User should see the "Thank you page - RFI " text on page</span>
			<ul class='screenshots right'>
				<li><a data-featherlight="image" href="X:\IT_Grps\MarTech\Strayer Migration\QA20200827024437.png"><i class='material-icons'>panorama</i></a></li>
			</ul>
				<div class='pre'><pre>java.lang.AssertionError: Title didn't match expected [true] but found [false]
	at org.testng.Assert.fail(Assert.java:94)
	at org.testng.Assert.failNotEquals(Assert.java:494)
	at org.testng.Assert.assertEquals(Assert.java:123)
	at org.testng.Assert.assertEquals(Assert.java:286)
	at steps.FooterSteps.i_should_see_the_text_on_pages(FooterSteps.java:176)
	at ?.Then User should see the "Thank you page - RFI " text on page(src/test/resources/features/Forms.feature:57)
</pre></div>
			
		</li>
	</ul>
</div>
<div class='scenario node' test-id='50' status='fail'>
	<div class='category-list'>
		<span class='category label white-text'>@MicroSiteForminMBAEntrepreneurship</span>
		<span class='category label white-text'>@OMS</span>
		<span class='category label white-text'>@Forms</span>
	</div>
	<span class='duration right label'>0h 0m 37s+61ms</span>
	<div class='desc'>
		<b>Scenario</b>
		<span class="desc-text">TC007: Verify User is able to submit Banner with Microsite form</span>
	</div>
	<ul class='steps'>
		<li test-id='51' class='node given pass' status='pass'>
			
			<b>Given</b>
			
			<span class="bdd-step-name">Given User Navigate to Cheddar Page</span>
				<div class='pre'>passed</div>
			
		</li>
		<li test-id='52' class='node when pass' status='pass'>
			
			<b>When</b>
			
			<span class="bdd-step-name">When User move to MicroSite form</span>
				<div class='pre'>passed</div>
			
		</li>
		<li test-id='53' class='node and pass' status='pass'>
			
			<b>And</b>
			
			<span class="bdd-step-name">And User enter "Cheddar" as FirstName in MicroSite form</span>
				<div class='pre'>passed</div>
			
		</li>
		<li test-id='54' class='node and pass' status='pass'>
			
			<b>And</b>
			
			<span class="bdd-step-name">And User enter "Form" as LastName in MicroSite form</span>
				<div class='pre'>passed</div>
			
		</li>
		<li test-id='55' class='node and pass' status='pass'>
			
			<b>And</b>
			
			<span class="bdd-step-name">And User enter "55111" as Zip in MicroSite form</span>
				<div class='pre'>passed</div>
			
		</li>
		<li test-id='56' class='node and pass' status='pass'>
			
			<b>And</b>
			
			<span class="bdd-step-name">And User enter "cheddarform@cunet.com" as Email in MicroSite form</span>
				<div class='pre'>passed</div>
			
		</li>
		<li test-id='57' class='node and pass' status='pass'>
			
			<b>And</b>
			
			<span class="bdd-step-name">And User enter "1232344567" as PhoneNumber in MicroSite form</span>
				<div class='pre'>passed</div>
			
		</li>
		<li test-id='58' class='node when pass' status='pass'>
			
			<b>When</b>
			
			<span class="bdd-step-name">When User click "Agree and Go" button in MicroSite form</span>
				<div class='pre'>passed</div>
			
		</li>
		<li test-id='59' class='node then pass' status='pass'>
			
			<b>Then</b>
			
			<span class="bdd-step-name">Then User should see the "200" Response Status code</span>
				<div class='pre'>passed</div>
			
		</li>
		<li test-id='60' class='node then fail' status='fail'>
			
			<b>Then</b>
			
			<span class="bdd-step-name">Then User should see the "Thank you page - RFI | Digital Entrepreneurship MBA" text on page</span>
			<ul class='screenshots right'>
				<li><a data-featherlight="image" href="X:\IT_Grps\MarTech\Strayer Migration\QA20200827024518.png"><i class='material-icons'>panorama</i></a></li>
			</ul>
				<div class='pre'><pre>java.lang.AssertionError: Title didn't match expected [true] but found [false]
	at org.testng.Assert.fail(Assert.java:94)
	at org.testng.Assert.failNotEquals(Assert.java:494)
	at org.testng.Assert.assertEquals(Assert.java:123)
	at org.testng.Assert.assertEquals(Assert.java:286)
	at steps.FooterSteps.i_should_see_the_text_on_pages(FooterSteps.java:176)
	at ?.Then User should see the "Thank you page - RFI | Digital Entrepreneurship MBA" text on page(src/test/resources/features/Forms.feature:70)
</pre></div>
			
		</li>
	</ul>
</div>
<div class='scenario node' test-id='61' status='fail'>
	<div class='category-list'>
		<span class='category label white-text'>@MicroSiteForminMBAPage</span>
		<span class='category label white-text'>@OMS</span>
		<span class='category label white-text'>@Forms</span>
	</div>
	<span class='duration right label'>0h 0m 36s+988ms</span>
	<div class='desc'>
		<b>Scenario</b>
		<span class="desc-text">TC008: Verify User is able to submit Banner with Microsite form in Mobile-Mba Page</span>
	</div>
	<ul class='steps'>
		<li test-id='62' class='node given pass' status='pass'>
			
			<b>Given</b>
			
			<span class="bdd-step-name">Given User Navigate to Mobile Mba Page</span>
				<div class='pre'>passed</div>
			
		</li>
		<li test-id='63' class='node when pass' status='pass'>
			
			<b>When</b>
			
			<span class="bdd-step-name">When User move to MicroSite form</span>
				<div class='pre'>passed</div>
			
		</li>
		<li test-id='64' class='node and pass' status='pass'>
			
			<b>And</b>
			
			<span class="bdd-step-name">And User enter "Mobile" as FirstName in MicroSite form</span>
				<div class='pre'>passed</div>
			
		</li>
		<li test-id='65' class='node and pass' status='pass'>
			
			<b>And</b>
			
			<span class="bdd-step-name">And User enter "MBA" as LastName in MicroSite form</span>
				<div class='pre'>passed</div>
			
		</li>
		<li test-id='66' class='node and pass' status='pass'>
			
			<b>And</b>
			
			<span class="bdd-step-name">And User enter "55111" as Zip in MicroSite form</span>
				<div class='pre'>passed</div>
			
		</li>
		<li test-id='67' class='node and pass' status='pass'>
			
			<b>And</b>
			
			<span class="bdd-step-name">And User enter "mobilemba@cunet.com" as Email in MicroSite form</span>
				<div class='pre'>passed</div>
			
		</li>
		<li test-id='68' class='node and pass' status='pass'>
			
			<b>And</b>
			
			<span class="bdd-step-name">And User enter "1232344567" as PhoneNumber in MicroSite form</span>
				<div class='pre'>passed</div>
			
		</li>
		<li test-id='69' class='node when pass' status='pass'>
			
			<b>When</b>
			
			<span class="bdd-step-name">When User click "Agree and Go" button in MicroSite form</span>
				<div class='pre'>passed</div>
			
		</li>
		<li test-id='70' class='node then pass' status='pass'>
			
			<b>Then</b>
			
			<span class="bdd-step-name">Then User should see the "200" Response Status code</span>
				<div class='pre'>passed</div>
			
		</li>
		<li test-id='71' class='node then fail' status='fail'>
			
			<b>Then</b>
			
			<span class="bdd-step-name">Then User should see the "Thank you page - RFI | Digital Entrepreneurship MBA" text on page</span>
			<ul class='screenshots right'>
				<li><a data-featherlight="image" href="X:\IT_Grps\MarTech\Strayer Migration\QA20200827024559.png"><i class='material-icons'>panorama</i></a></li>
			</ul>
				<div class='pre'><pre>java.lang.AssertionError: Title didn't match expected [true] but found [false]
	at org.testng.Assert.fail(Assert.java:94)
	at org.testng.Assert.failNotEquals(Assert.java:494)
	at org.testng.Assert.assertEquals(Assert.java:123)
	at org.testng.Assert.assertEquals(Assert.java:286)
	at steps.FooterSteps.i_should_see_the_text_on_pages(FooterSteps.java:176)
	at ?.Then User should see the "Thank you page - RFI | Digital Entrepreneurship MBA" text on page(src/test/resources/features/Forms.feature:83)
</pre></div>
			
		</li>
	</ul>
</div>
<div class='scenario node' test-id='72' status='fail'>
	<div class='category-list'>
		<span class='category label white-text'>@DownloadFormCheddar</span>
		<span class='category label white-text'>@OMS</span>
		<span class='category label white-text'>@Forms</span>
	</div>
	<span class='duration right label'>0h 0m 32s+604ms</span>
	<div class='desc'>
		<b>Scenario</b>
		<span class="desc-text">TC009: Verify User is able to submit Download form</span>
	</div>
	<ul class='steps'>
		<li test-id='73' class='node given pass' status='pass'>
			
			<b>Given</b>
			
			<span class="bdd-step-name">Given User Navigate to Cheddar Page</span>
				<div class='pre'>passed</div>
			
		</li>
		<li test-id='74' class='node when pass' status='pass'>
			
			<b>When</b>
			
			<span class="bdd-step-name">When User Click on "Download Now" Form link in Cheddar Page</span>
				<div class='pre'>passed</div>
			
		</li>
		<li test-id='75' class='node and pass' status='pass'>
			
			<b>And</b>
			
			<span class="bdd-step-name">And User enter "Download" as FirstName in Download form</span>
				<div class='pre'>passed</div>
			
		</li>
		<li test-id='76' class='node and pass' status='pass'>
			
			<b>And</b>
			
			<span class="bdd-step-name">And User enter "Form" as LastName in Download form</span>
				<div class='pre'>passed</div>
			
		</li>
		<li test-id='77' class='node and pass' status='pass'>
			
			<b>And</b>
			
			<span class="bdd-step-name">And User enter "downloadform@cunet.com" as Email in Download form</span>
				<div class='pre'>passed</div>
			
		</li>
		<li test-id='78' class='node and pass' status='pass'>
			
			<b>And</b>
			
			<span class="bdd-step-name">And User enter "1232344567" as PhoneNumber in Download form</span>
				<div class='pre'>passed</div>
			
		</li>
		<li test-id='79' class='node and pass' status='pass'>
			
			<b>And</b>
			
			<span class="bdd-step-name">And User enter "55111" as Zip in Download form</span>
				<div class='pre'>passed</div>
			
		</li>
		<li test-id='80' class='node when pass' status='pass'>
			
			<b>When</b>
			
			<span class="bdd-step-name">When User click "Submit" button in Download form</span>
				<div class='pre'>passed</div>
			
		</li>
		<li test-id='81' class='node then pass' status='pass'>
			
			<b>Then</b>
			
			<span class="bdd-step-name">Then User should see the "200" Response Status code</span>
				<div class='pre'>passed</div>
			
		</li>
		<li test-id='82' class='node then fail' status='fail'>
			
			<b>Then</b>
			
			<span class="bdd-step-name">Then User should see the "Thank you page - RFI " text on page</span>
			<ul class='screenshots right'>
				<li><a data-featherlight="image" href="X:\IT_Grps\MarTech\Strayer Migration\QA20200827024635.png"><i class='material-icons'>panorama</i></a></li>
			</ul>
				<div class='pre'><pre>java.lang.AssertionError: Title didn't match expected [true] but found [false]
	at org.testng.Assert.fail(Assert.java:94)
	at org.testng.Assert.failNotEquals(Assert.java:494)
	at org.testng.Assert.assertEquals(Assert.java:123)
	at org.testng.Assert.assertEquals(Assert.java:286)
	at steps.FooterSteps.i_should_see_the_text_on_pages(FooterSteps.java:176)
	at ?.Then User should see the "Thank you page - RFI " text on page(src/test/resources/features/Forms.feature:96)
</pre></div>
			
		</li>
	</ul>
</div>
<div class='scenario node' test-id='83' status='fail'>
	<div class='category-list'>
		<span class='category label white-text'>@LinkedInpageMBAForm</span>
		<span class='category label white-text'>@SUPMLP</span>
		<span class='category label white-text'>@Forms</span>
	</div>
	<span class='duration right label'>0h 0m 30s+844ms</span>
	<div class='desc'>
		<b>Scenario</b>
		<span class="desc-text">TC011: Verify User is able to submit form in Linked In Home page</span>
	</div>
	<ul class='steps'>
		<li test-id='84' class='node given pass' status='pass'>
			
			<b>Given</b>
			
			<span class="bdd-step-name">Given User Navigate to LinkedIn Home Page</span>
				<div class='pre'>passed</div>
			
		</li>
		<li test-id='85' class='node when pass' status='pass'>
			
			<b>When</b>
			
			<span class="bdd-step-name">When User enter "Linkedin" as FirstName in LinkedIn form</span>
				<div class='pre'>passed</div>
			
		</li>
		<li test-id='86' class='node and pass' status='pass'>
			
			<b>And</b>
			
			<span class="bdd-step-name">And User enter "MBA" as LastName in LinkedIn form</span>
				<div class='pre'>passed</div>
			
		</li>
		<li test-id='87' class='node and pass' status='pass'>
			
			<b>And</b>
			
			<span class="bdd-step-name">And User enter "linkedformmba@cunet.com" as Email in LinkedIn form</span>
				<div class='pre'>passed</div>
			
		</li>
		<li test-id='88' class='node and pass' status='pass'>
			
			<b>And</b>
			
			<span class="bdd-step-name">And User enter "1234567890" as PhoneNumber in LinkedIn form</span>
				<div class='pre'>passed</div>
			
		</li>
		<li test-id='89' class='node and pass' status='pass'>
			
			<b>And</b>
			
			<span class="bdd-step-name">And User enter "55111" as Zip in LinkedIn form</span>
				<div class='pre'>passed</div>
			
		</li>
		<li test-id='90' class='node and pass' status='pass'>
			
			<b>And</b>
			
			<span class="bdd-step-name">And User Selects "Yes" as TransferCreditInterest Option in LinkedIn form</span>
				<div class='pre'>passed</div>
			
		</li>
		<li test-id='91' class='node when pass' status='pass'>
			
			<b>When</b>
			
			<span class="bdd-step-name">When User click "Submit" button in LinkedIn form</span>
				<div class='pre'>passed</div>
			
		</li>
		<li test-id='92' class='node then pass' status='pass'>
			
			<b>Then</b>
			
			<span class="bdd-step-name">Then User should see the "200" Response Status code</span>
				<div class='pre'>passed</div>
			
		</li>
		<li test-id='93' class='node then fail' status='fail'>
			
			<b>Then</b>
			
			<span class="bdd-step-name">Then User should see the "Strayer University :: Thank You" text on page</span>
			<ul class='screenshots right'>
				<li><a data-featherlight="image" href="X:\IT_Grps\MarTech\Strayer Migration\QA20200827024710.png"><i class='material-icons'>panorama</i></a></li>
			</ul>
				<div class='pre'><pre>java.lang.AssertionError: Title didn't match expected [true] but found [false]
	at org.testng.Assert.fail(Assert.java:94)
	at org.testng.Assert.failNotEquals(Assert.java:494)
	at org.testng.Assert.assertEquals(Assert.java:123)
	at org.testng.Assert.assertEquals(Assert.java:286)
	at steps.FooterSteps.i_should_see_the_text_on_pages(FooterSteps.java:176)
	at ?.Then User should see the "Strayer University :: Thank You" text on page(src/test/resources/features/Forms.feature:109)
</pre></div>
			
		</li>
	</ul>
</div>
<div class='scenario node' test-id='94' status='fail'>
	<div class='category-list'>
		<span class='category label white-text'>@LinkedInpageBBAForm</span>
		<span class='category label white-text'>@SUPMLP</span>
		<span class='category label white-text'>@Forms</span>
	</div>
	<span class='duration right label'>0h 0m 32s+103ms</span>
	<div class='desc'>
		<b>Scenario</b>
		<span class="desc-text">TC012: Verify User is able to submit form in Linked In BBA page</span>
	</div>
	<ul class='steps'>
		<li test-id='95' class='node given pass' status='pass'>
			
			<b>Given</b>
			
			<span class="bdd-step-name">Given User Navigate to LinkedIn BBA Page</span>
				<div class='pre'>passed</div>
			
		</li>
		<li test-id='96' class='node when pass' status='pass'>
			
			<b>When</b>
			
			<span class="bdd-step-name">When User enter "Linkedin" as FirstName in LinkedIn form</span>
				<div class='pre'>passed</div>
			
		</li>
		<li test-id='97' class='node and pass' status='pass'>
			
			<b>And</b>
			
			<span class="bdd-step-name">And User enter "MBA" as LastName in LinkedIn form</span>
				<div class='pre'>passed</div>
			
		</li>
		<li test-id='98' class='node and pass' status='pass'>
			
			<b>And</b>
			
			<span class="bdd-step-name">And User enter "linkedformmba@cunet.com" as Email in LinkedIn form</span>
				<div class='pre'>passed</div>
			
		</li>
		<li test-id='99' class='node and pass' status='pass'>
			
			<b>And</b>
			
			<span class="bdd-step-name">And User enter "1234567890" as PhoneNumber in LinkedIn form</span>
				<div class='pre'>passed</div>
			
		</li>
		<li test-id='100' class='node and pass' status='pass'>
			
			<b>And</b>
			
			<span class="bdd-step-name">And User enter "55111" as Zip in LinkedIn form</span>
				<div class='pre'>passed</div>
			
		</li>
		<li test-id='101' class='node and pass' status='pass'>
			
			<b>And</b>
			
			<span class="bdd-step-name">And User Selects "Yes" as TransferCreditInterest Option in LinkedIn form</span>
				<div class='pre'>passed</div>
			
		</li>
		<li test-id='102' class='node when pass' status='pass'>
			
			<b>When</b>
			
			<span class="bdd-step-name">When User click "Submit" button in LinkedIn form</span>
				<div class='pre'>passed</div>
			
		</li>
		<li test-id='103' class='node then pass' status='pass'>
			
			<b>Then</b>
			
			<span class="bdd-step-name">Then User should see the "200" Response Status code</span>
				<div class='pre'>passed</div>
			
		</li>
		<li test-id='104' class='node then fail' status='fail'>
			
			<b>Then</b>
			
			<span class="bdd-step-name">Then User should see the "Strayer University :: Thank You" text on page</span>
			<ul class='screenshots right'>
				<li><a data-featherlight="image" href="X:\IT_Grps\MarTech\Strayer Migration\QA20200827024746.png"><i class='material-icons'>panorama</i></a></li>
			</ul>
				<div class='pre'><pre>java.lang.AssertionError: Title didn't match expected [true] but found [false]
	at org.testng.Assert.fail(Assert.java:94)
	at org.testng.Assert.failNotEquals(Assert.java:494)
	at org.testng.Assert.assertEquals(Assert.java:123)
	at org.testng.Assert.assertEquals(Assert.java:286)
	at steps.FooterSteps.i_should_see_the_text_on_pages(FooterSteps.java:176)
	at ?.Then User should see the "Strayer University :: Thank You" text on page(src/test/resources/features/Forms.feature:122)
</pre></div>
			
		</li>
	</ul>
</div>
<div class='scenario node' test-id='105' status='fail'>
	<div class='category-list'>
		<span class='category label white-text'>@ShortForm</span>
		<span class='category label white-text'>@SUPMLP</span>
		<span class='category label white-text'>@Forms</span>
	</div>
	<span class='duration right label'>0h 0m 34s+569ms</span>
	<div class='desc'>
		<b>Scenario</b>
		<span class="desc-text">TC013: Verify User is able to submit Short form</span>
	</div>
	<ul class='steps'>
		<li test-id='106' class='node given pass' status='pass'>
			
			<b>Given</b>
			
			<span class="bdd-step-name">Given User move to Short form Page</span>
				<div class='pre'>passed</div>
			
		</li>
		<li test-id='107' class='node and pass' status='pass'>
			
			<b>And</b>
			
			<span class="bdd-step-name">And User enter "Deepu" as FirstName in Short form</span>
				<div class='pre'>passed</div>
			
		</li>
		<li test-id='108' class='node and pass' status='pass'>
			
			<b>And</b>
			
			<span class="bdd-step-name">And User enter "Kumar" as LastName in Short form</span>
				<div class='pre'>passed</div>
			
		</li>
		<li test-id='109' class='node and pass' status='pass'>
			
			<b>And</b>
			
			<span class="bdd-step-name">And User enter "shortform@cunet.com" as Email in Short form</span>
				<div class='pre'>passed</div>
			
		</li>
		<li test-id='110' class='node and pass' status='pass'>
			
			<b>And</b>
			
			<span class="bdd-step-name">And User enter "1234567890" as PhoneNumber in Short form</span>
				<div class='pre'>passed</div>
			
		</li>
		<li test-id='111' class='node and pass' status='pass'>
			
			<b>And</b>
			
			<span class="bdd-step-name">And User enter "55111" as Zip in Short form</span>
				<div class='pre'>passed</div>
			
		</li>
		<li test-id='112' class='node and pass' status='pass'>
			
			<b>And</b>
			
			<span class="bdd-step-name">And User Selects "Yes" as TransferCreditInterest Option in Short form</span>
				<div class='pre'>passed</div>
			
		</li>
		<li test-id='113' class='node and pass' status='pass'>
			
			<b>And</b>
			
			<span class="bdd-step-name">And User click "AgreeandGo" button in Short form</span>
				<div class='pre'>passed</div>
			
		</li>
		<li test-id='114' class='node then pass' status='pass'>
			
			<b>Then</b>
			
			<span class="bdd-step-name">Then User should see the "200" Response Status code</span>
				<div class='pre'>passed</div>
			
		</li>
		<li test-id='115' class='node then fail' status='fail'>
			
			<b>Then</b>
			
			<span class="bdd-step-name">Then User should see the "Strayer University :: Thank You" text on page</span>
			<ul class='screenshots right'>
				<li><a data-featherlight="image" href="X:\IT_Grps\MarTech\Strayer Migration\QA20200827024824.png"><i class='material-icons'>panorama</i></a></li>
			</ul>
				<div class='pre'><pre>java.lang.AssertionError: Title didn't match expected [true] but found [false]
	at org.testng.Assert.fail(Assert.java:94)
	at org.testng.Assert.failNotEquals(Assert.java:494)
	at org.testng.Assert.assertEquals(Assert.java:123)
	at org.testng.Assert.assertEquals(Assert.java:286)
	at steps.FooterSteps.i_should_see_the_text_on_pages(FooterSteps.java:176)
	at ?.Then User should see the "Strayer University :: Thank You" text on page(src/test/resources/features/Forms.feature:135)
</pre></div>
			
		</li>
	</ul>
</div>
<div class='scenario node' test-id='116' status='fail'>
	<div class='category-list'>
		<span class='category label white-text'>@ShortFormwithDropdown</span>
		<span class='category label white-text'>@SUPMLP</span>
		<span class='category label white-text'>@Forms</span>
	</div>
	<span class='duration right label'>0h 0m 43s+741ms</span>
	<div class='desc'>
		<b>Scenario</b>
		<span class="desc-text">TC014: Verify User is able to submit Short form with drop downs</span>
	</div>
	<ul class='steps'>
		<li test-id='117' class='node given pass' status='pass'>
			
			<b>Given</b>
			
			<span class="bdd-step-name">Given User move to Short form with drop down Page</span>
				<div class='pre'>passed</div>
			
		</li>
		<li test-id='118' class='node when pass' status='pass'>
			
			<b>When</b>
			
			<span class="bdd-step-name">When User select "MBA" as Degree in Short form</span>
				<div class='pre'>passed</div>
			
		</li>
		<li test-id='119' class='node and pass' status='pass'>
			
			<b>And</b>
			
			<span class="bdd-step-name">And User select "Business Administration" as program of interest in Short form</span>
				<div class='pre'>passed</div>
			
		</li>
		<li test-id='120' class='node and pass' status='pass'>
			
			<b>And</b>
			
			<span class="bdd-step-name">And User enter "Deepu" as FirstName in Short form</span>
				<div class='pre'>passed</div>
			
		</li>
		<li test-id='121' class='node and pass' status='pass'>
			
			<b>And</b>
			
			<span class="bdd-step-name">And User enter "Kumar" as LastName in Short form</span>
				<div class='pre'>passed</div>
			
		</li>
		<li test-id='122' class='node and pass' status='pass'>
			
			<b>And</b>
			
			<span class="bdd-step-name">And User enter "shortformdd@cunet.com" as Email in Short form</span>
				<div class='pre'>passed</div>
			
		</li>
		<li test-id='123' class='node and pass' status='pass'>
			
			<b>And</b>
			
			<span class="bdd-step-name">And User enter "1234567890" as PhoneNumber in Short form</span>
				<div class='pre'>passed</div>
			
		</li>
		<li test-id='124' class='node and pass' status='pass'>
			
			<b>And</b>
			
			<span class="bdd-step-name">And User enter "55111" as Zip in Short form</span>
				<div class='pre'>passed</div>
			
		</li>
		<li test-id='125' class='node and pass' status='pass'>
			
			<b>And</b>
			
			<span class="bdd-step-name">And User Selects "Yes" as TransferCreditInterest Option in Short form with dropdown</span>
				<div class='pre'>passed</div>
			
		</li>
		<li test-id='126' class='node and pass' status='pass'>
			
			<b>And</b>
			
			<span class="bdd-step-name">And User click "AgreeandGo" button in Short form</span>
				<div class='pre'>passed</div>
			
		</li>
		<li test-id='127' class='node then pass' status='pass'>
			
			<b>Then</b>
			
			<span class="bdd-step-name">Then User should see the "200" Response Status code</span>
				<div class='pre'>passed</div>
			
		</li>
		<li test-id='128' class='node then fail' status='fail'>
			
			<b>Then</b>
			
			<span class="bdd-step-name">Then User should see the "Strayer University : Thank You" text on page</span>
			<ul class='screenshots right'>
				<li><a data-featherlight="image" href="X:\IT_Grps\MarTech\Strayer Migration\QA20200827024912.png"><i class='material-icons'>panorama</i></a></li>
			</ul>
				<div class='pre'><pre>java.lang.AssertionError: Title didn't match expected [true] but found [false]
	at org.testng.Assert.fail(Assert.java:94)
	at org.testng.Assert.failNotEquals(Assert.java:494)
	at org.testng.Assert.assertEquals(Assert.java:123)
	at org.testng.Assert.assertEquals(Assert.java:286)
	at steps.FooterSteps.i_should_see_the_text_on_pages(FooterSteps.java:176)
	at ?.Then User should see the "Strayer University : Thank You" text on page(src/test/resources/features/Forms.feature:150)
</pre></div>
			
		</li>
	</ul>
</div>
<div class='scenario node' test-id='129' status='fail'>
	<div class='category-list'>
		<span class='category label white-text'>@TwoStepForm</span>
		<span class='category label white-text'>@SUPMLP</span>
		<span class='category label white-text'>@Forms</span>
	</div>
	<span class='duration right label'>0h 0m 37s+132ms</span>
	<div class='desc'>
		<b>Scenario</b>
		<span class="desc-text">TC015: Verify User is able to submit Two Step  form</span>
	</div>
	<ul class='steps'>
		<li test-id='130' class='node given pass' status='pass'>
			
			<b>Given</b>
			
			<span class="bdd-step-name">Given User move to Two step  form Page</span>
				<div class='pre'>passed</div>
			
		</li>
		<li test-id='131' class='node when pass' status='pass'>
			
			<b>When</b>
			
			<span class="bdd-step-name">When User enter "Two Step" as FirstName in Two Step form</span>
				<div class='pre'>passed</div>
			
		</li>
		<li test-id='132' class='node and pass' status='pass'>
			
			<b>And</b>
			
			<span class="bdd-step-name">And User enter "Form" as LastName in Two Step form</span>
				<div class='pre'>passed</div>
			
		</li>
		<li test-id='133' class='node and pass' status='pass'>
			
			<b>And</b>
			
			<span class="bdd-step-name">And User enter "HQA" as Address in Two Step form</span>
				<div class='pre'>passed</div>
			
		</li>
		<li test-id='134' class='node and pass' status='pass'>
			
			<b>And</b>
			
			<span class="bdd-step-name">And User enter "55111" as Zip in Two Step form</span>
				<div class='pre'>passed</div>
			
		</li>
		<li test-id='135' class='node and pass' status='pass'>
			
			<b>And</b>
			
			<span class="bdd-step-name">And User enter "1234567890" as PhoneNumber in Two Step form</span>
				<div class='pre'>passed</div>
			
		</li>
		<li test-id='136' class='node and pass' status='pass'>
			
			<b>And</b>
			
			<span class="bdd-step-name">And User enter " twostepform@cunet.com" as Email in Two Step form</span>
				<div class='pre'>passed</div>
			
		</li>
		<li test-id='137' class='node when pass' status='pass'>
			
			<b>When</b>
			
			<span class="bdd-step-name">When User click "Next" Button in Two Step form</span>
				<div class='pre'>passed</div>
			
		</li>
		<li test-id='138' class='node and fail' status='fail'>
			
			<b>And</b>
			
			<span class="bdd-step-name">And User select "MBA" as Degree in Two Step form</span>
				<div class='pre'><pre>org.openqa.selenium.ElementNotVisibleException: element not interactable
  (Session info: chrome=85.0.4183.83)
  (Driver info: chromedriver=85.0.4183.83 (94abc2237ae0c9a4cb5f035431c8adfb94324633-refs/branch-heads/4183@{#1658}),platform=Windows NT 10.0.17763 x86_64) (WARNING: The server did not provide any stacktrace information)
Command duration or timeout: 14 milliseconds
Build info: version: '2.53.0', revision: '35ae25b1534ae328c771e0856c93e187490ca824', time: '2016-03-15 10:43:46'
System info: host: 'SEIXDTCDj000126', ip: '10.121.166.24', os.name: 'Windows 10', os.arch: 'amd64', os.version: '10.0', java.version: '1.8.0_222'
Driver info: org.openqa.selenium.chrome.ChromeDriver
Capabilities [{mobileEmulationEnabled=false, timeouts={implicit=0, pageLoad=300000, script=30000}, hasTouchScreen=false, platform=XP, acceptSslCerts=false, goog:chromeOptions={debuggerAddress=localhost:64945}, acceptInsecureCerts=false, webStorageEnabled=true, browserName=chrome, takesScreenshot=true, javascriptEnabled=true, setWindowRect=true, unexpectedAlertBehaviour=ignore, applicationCacheEnabled=false, rotatable=false, networkConnectionEnabled=false, chrome={chromedriverVersion=85.0.4183.83 (94abc2237ae0c9a4cb5f035431c8adfb94324633-refs/branch-heads/4183@{#1658}), userDataDir=C:\Users\PAAVULA\AppData\Local\Temp\scoped_dir9832_2053053405}, takesHeapSnapshot=true, pageLoadStrategy=normal, strictFileInteractability=false, databaseEnabled=false, handlesAlerts=true, version=85.0.4183.83, browserConnectionEnabled=false, proxy={}, nativeEvents=true, locationContextEnabled=true, cssSelectorsEnabled=true, webauthn:virtualAuthenticators=true}]
Session ID: 3e602e93f6c2ec1a9c4a2db7fa75442f
	at sun.reflect.NativeConstructorAccessorImpl.newInstance0(Native Method)
	at sun.reflect.NativeConstructorAccessorImpl.newInstance(NativeConstructorAccessorImpl.java:62)
	at sun.reflect.DelegatingConstructorAccessorImpl.newInstance(DelegatingConstructorAccessorImpl.java:45)
	at java.lang.reflect.Constructor.newInstance(Constructor.java:423)
	at org.openqa.selenium.remote.ErrorHandler.createThrowable(ErrorHandler.java:206)
	at org.openqa.selenium.remote.ErrorHandler.throwIfResponseFailed(ErrorHandler.java:158)
	at org.openqa.selenium.remote.RemoteWebDriver.execute(RemoteWebDriver.java:678)
	at org.openqa.selenium.remote.RemoteWebElement.execute(RemoteWebElement.java:327)
	at org.openqa.selenium.remote.RemoteWebElement.click(RemoteWebElement.java:85)
	at sun.reflect.GeneratedMethodAccessor23.invoke(Unknown Source)
	at sun.reflect.DelegatingMethodAccessorImpl.invoke(DelegatingMethodAccessorImpl.java:43)
	at java.lang.reflect.Method.invoke(Method.java:498)
	at org.openqa.selenium.support.pagefactory.internal.LocatingElementHandler.invoke(LocatingElementHandler.java:51)
	at com.sun.proxy.$Proxy27.click(Unknown Source)
	at pages.actions.FormsActions.selectDegree2sf(FormsActions.java:717)
	at steps.FormsSteps.i_select_as_Degree_in_two_step_form(FormsSteps.java:838)
	at ?.And User select "MBA" as Degree in Two Step form(src/test/resources/features/Forms.feature:162)
</pre></div>
			
		</li>
		<li test-id='139' class='node and skip' status='skip'>
			
			<b>And</b>
			
			<span class="bdd-step-name">And User select "Business Administration" as program of interest in Two Step form</span>
				<div class='pre'>skipped</div>
			
		</li>
		<li test-id='140' class='node and skip' status='skip'>
			
			<b>And</b>
			
			<span class="bdd-step-name">And User Selects "Yes" as TransferCreditInterest Option in Two Step form</span>
				<div class='pre'>skipped</div>
			
		</li>
		<li test-id='141' class='node when skip' status='skip'>
			
			<b>When</b>
			
			<span class="bdd-step-name">When User click "AgreeandGo" button in Two Step form</span>
				<div class='pre'>skipped</div>
			
		</li>
		<li test-id='142' class='node then skip' status='skip'>
			
			<b>Then</b>
			
			<span class="bdd-step-name">Then User should see the "200" Response Status code</span>
				<div class='pre'>skipped</div>
			
		</li>
		<li test-id='143' class='node and skip' status='skip'>
			
			<b>And</b>
			
			<span class="bdd-step-name">And User should see the "Strayer University :: Thank You" text on page</span>
			<ul class='screenshots right'>
				<li><a data-featherlight="image" href="X:\IT_Grps\MarTech\Strayer Migration\QA20200827024953.png"><i class='material-icons'>panorama</i></a></li>
			</ul>
				<div class='pre'>skipped</div>
			
		</li>
	</ul>
</div>
<div class='scenario node' test-id='144' status='fail'>
	<div class='category-list'>
		<span class='category label white-text'>@LongForm</span>
		<span class='category label white-text'>@SUPMLP</span>
		<span class='category label white-text'>@Forms</span>
	</div>
	<span class='duration right label'>0h 0m 50s+64ms</span>
	<div class='desc'>
		<b>Scenario</b>
		<span class="desc-text">TC016: Verify User is able to submit Long form</span>
	</div>
	<ul class='steps'>
		<li test-id='145' class='node given pass' status='pass'>
			
			<b>Given</b>
			
			<span class="bdd-step-name">Given User move to Long  form Page</span>
				<div class='pre'>passed</div>
			
		</li>
		<li test-id='146' class='node and pass' status='pass'>
			
			<b>And</b>
			
			<span class="bdd-step-name">And User enter "Long" as FirstName in Long form</span>
				<div class='pre'>passed</div>
			
		</li>
		<li test-id='147' class='node and pass' status='pass'>
			
			<b>And</b>
			
			<span class="bdd-step-name">And User enter "Form" as LastName in Long form</span>
				<div class='pre'>passed</div>
			
		</li>
		<li test-id='148' class='node and pass' status='pass'>
			
			<b>And</b>
			
			<span class="bdd-step-name">And User enter "HYDERABAD" as Address in Long form</span>
				<div class='pre'>passed</div>
			
		</li>
		<li test-id='149' class='node and pass' status='pass'>
			
			<b>And</b>
			
			<span class="bdd-step-name">And User enter "longform@cunet.com" as Email in Long form</span>
				<div class='pre'>passed</div>
			
		</li>
		<li test-id='150' class='node and pass' status='pass'>
			
			<b>And</b>
			
			<span class="bdd-step-name">And User enter "1234567890" as PhoneNumber in Long form</span>
				<div class='pre'>passed</div>
			
		</li>
		<li test-id='151' class='node and pass' status='pass'>
			
			<b>And</b>
			
			<span class="bdd-step-name">And User enter "55111" as Zip in Long form</span>
				<div class='pre'>passed</div>
			
		</li>
		<li test-id='152' class='node and pass' status='pass'>
			
			<b>And</b>
			
			<span class="bdd-step-name">And User select "Certificates" as Degree in Long form</span>
				<div class='pre'>passed</div>
			
		</li>
		<li test-id='153' class='node and pass' status='pass'>
			
			<b>And</b>
			
			<span class="bdd-step-name">And User select "Digital Entrepreneurship" as program of interest in Long form</span>
				<div class='pre'>passed</div>
			
		</li>
		<li test-id='154' class='node and pass' status='pass'>
			
			<b>And</b>
			
			<span class="bdd-step-name">And User Selects "Yes" as TransferCreditInterest Option in Long form</span>
				<div class='pre'>passed</div>
			
		</li>
		<li test-id='155' class='node when pass' status='pass'>
			
			<b>When</b>
			
			<span class="bdd-step-name">When User click "AgreeandGo" button in Long form</span>
				<div class='pre'>passed</div>
			
		</li>
		<li test-id='156' class='node then pass' status='pass'>
			
			<b>Then</b>
			
			<span class="bdd-step-name">Then User should see the "200" Response Status code</span>
				<div class='pre'>passed</div>
			
		</li>
		<li test-id='157' class='node and fail' status='fail'>
			
			<b>And</b>
			
			<span class="bdd-step-name">And User should see the "Strayer University :: Thank You" text on page</span>
			<ul class='screenshots right'>
				<li><a data-featherlight="image" href="X:\IT_Grps\MarTech\Strayer Migration\QA20200827025047.png"><i class='material-icons'>panorama</i></a></li>
			</ul>
				<div class='pre'><pre>java.lang.AssertionError: Title didn't match expected [true] but found [false]
	at org.testng.Assert.fail(Assert.java:94)
	at org.testng.Assert.failNotEquals(Assert.java:494)
	at org.testng.Assert.assertEquals(Assert.java:123)
	at org.testng.Assert.assertEquals(Assert.java:286)
	at steps.FooterSteps.i_should_see_the_text_on_pages(FooterSteps.java:176)
	at ?.And User should see the "Strayer University :: Thank You" text on page(src/test/resources/features/Forms.feature:184)
</pre></div>
			
		</li>
	</ul>
</div>
<div class='scenario node' test-id='158' status='fail'>
	<div class='category-list'>
		<span class='category label white-text'>@CheddarFormWithDropdown</span>
		<span class='category label white-text'>@OMS</span>
		<span class='category label white-text'>@Forms</span>
	</div>
	<span class='duration right label'>0h 0m 43s+143ms</span>
	<div class='desc'>
		<b>Scenario</b>
		<span class="desc-text">TC017: Verify User is able to submit Cheddar form</span>
	</div>
	<ul class='steps'>
		<li test-id='159' class='node given pass' status='pass'>
			
			<b>Given</b>
			
			<span class="bdd-step-name">Given User Navigate to Cheddar Application Page</span>
				<div class='pre'>passed</div>
			
		</li>
		<li test-id='160' class='node when pass' status='pass'>
			
			<b>When</b>
			
			<span class="bdd-step-name">When User move to MicroSite form</span>
				<div class='pre'>passed</div>
			
		</li>
		<li test-id='161' class='node and pass' status='pass'>
			
			<b>And</b>
			
			<span class="bdd-step-name">And User enter "Cheddar with drop down" as FirstName in MicroSite form</span>
				<div class='pre'>passed</div>
			
		</li>
		<li test-id='162' class='node and pass' status='pass'>
			
			<b>And</b>
			
			<span class="bdd-step-name">And User enter "Form" as LastName in MicroSite form</span>
				<div class='pre'>passed</div>
			
		</li>
		<li test-id='163' class='node and pass' status='pass'>
			
			<b>And</b>
			
			<span class="bdd-step-name">And User enter "55111" as Zip in MicroSite form</span>
				<div class='pre'>passed</div>
			
		</li>
		<li test-id='164' class='node and pass' status='pass'>
			
			<b>And</b>
			
			<span class="bdd-step-name">And User enter "cheddarformdd@cunet.com" as Email in MicroSite form</span>
				<div class='pre'>passed</div>
			
		</li>
		<li test-id='165' class='node and pass' status='pass'>
			
			<b>And</b>
			
			<span class="bdd-step-name">And User enter "1232344567" as PhoneNumber in MicroSite form</span>
				<div class='pre'>passed</div>
			
		</li>
		<li test-id='166' class='node and pass' status='pass'>
			
			<b>And</b>
			
			<span class="bdd-step-name">And User select "High School Graduate" as education level in form</span>
				<div class='pre'>passed</div>
			
		</li>
		<li test-id='167' class='node when pass' status='pass'>
			
			<b>When</b>
			
			<span class="bdd-step-name">When User click "Agree and Go" button in MicroSite form</span>
				<div class='pre'>passed</div>
			
		</li>
		<li test-id='168' class='node then pass' status='pass'>
			
			<b>Then</b>
			
			<span class="bdd-step-name">Then User should see the "200" Response Status code</span>
				<div class='pre'>passed</div>
			
		</li>
		<li test-id='169' class='node then fail' status='fail'>
			
			<b>Then</b>
			
			<span class="bdd-step-name">Then User should see the "Thank you page - RFI | Digital Entrepreneurship MBA" text on page</span>
			<ul class='screenshots right'>
				<li><a data-featherlight="image" href="X:\IT_Grps\MarTech\Strayer Migration\QA20200827025134.png"><i class='material-icons'>panorama</i></a></li>
			</ul>
				<div class='pre'><pre>java.lang.AssertionError: Title didn't match expected [true] but found [false]
	at org.testng.Assert.fail(Assert.java:94)
	at org.testng.Assert.failNotEquals(Assert.java:494)
	at org.testng.Assert.assertEquals(Assert.java:123)
	at org.testng.Assert.assertEquals(Assert.java:286)
	at steps.FooterSteps.i_should_see_the_text_on_pages(FooterSteps.java:176)
	at ?.Then User should see the "Thank you page - RFI | Digital Entrepreneurship MBA" text on page(src/test/resources/features/Forms.feature:198)
</pre></div>
			
		</li>
	</ul>
</div>
<div class='scenario node' test-id='170' status='fail'>
	<div class='category-list'>
		<span class='category label white-text'>@CheddarDownloadForm</span>
		<span class='category label white-text'>@OMS</span>
		<span class='category label white-text'>@Forms</span>
	</div>
	<span class='duration right label'>0h 0m 38s+831ms</span>
	<div class='desc'>
		<b>Scenario</b>
		<span class="desc-text">TC018: Verify User is able to submit Cheddar Download form</span>
	</div>
	<ul class='steps'>
		<li test-id='171' class='node given pass' status='pass'>
			
			<b>Given</b>
			
			<span class="bdd-step-name">Given User Navigate to Cheddar Application Page</span>
				<div class='pre'>passed</div>
			
		</li>
		<li test-id='172' class='node when pass' status='pass'>
			
			<b>When</b>
			
			<span class="bdd-step-name">When User Click on "Download Now" Form link in Cheddar Page</span>
				<div class='pre'>passed</div>
			
		</li>
		<li test-id='173' class='node and pass' status='pass'>
			
			<b>And</b>
			
			<span class="bdd-step-name">And User enter "Cheddar Download" as FirstName in Download form</span>
				<div class='pre'>passed</div>
			
		</li>
		<li test-id='174' class='node and pass' status='pass'>
			
			<b>And</b>
			
			<span class="bdd-step-name">And User enter "Form" as LastName in Download form</span>
				<div class='pre'>passed</div>
			
		</li>
		<li test-id='175' class='node and pass' status='pass'>
			
			<b>And</b>
			
			<span class="bdd-step-name">And User enter "cheddardownloadform@cunet.com" as Email in Download form</span>
				<div class='pre'>passed</div>
			
		</li>
		<li test-id='176' class='node and pass' status='pass'>
			
			<b>And</b>
			
			<span class="bdd-step-name">And User enter "1232344567" as PhoneNumber in Download form</span>
				<div class='pre'>passed</div>
			
		</li>
		<li test-id='177' class='node and pass' status='pass'>
			
			<b>And</b>
			
			<span class="bdd-step-name">And User enter "55111" as Zip in Download form</span>
				<div class='pre'>passed</div>
			
		</li>
		<li test-id='178' class='node and pass' status='pass'>
			
			<b>And</b>
			
			<span class="bdd-step-name">And User select "High School Graduate" as education level in download form</span>
				<div class='pre'>passed</div>
			
		</li>
		<li test-id='179' class='node when pass' status='pass'>
			
			<b>When</b>
			
			<span class="bdd-step-name">When User click "Submit" button in Cheddar Download form</span>
				<div class='pre'>passed</div>
			
		</li>
		<li test-id='180' class='node then pass' status='pass'>
			
			<b>Then</b>
			
			<span class="bdd-step-name">Then User should see the "200" Response Status code</span>
				<div class='pre'>passed</div>
			
		</li>
		<li test-id='181' class='node then fail' status='fail'>
			
			<b>Then</b>
			
			<span class="bdd-step-name">Then User should see the "Thank you page - RFI " text on page</span>
			<ul class='screenshots right'>
				<li><a data-featherlight="image" href="X:\IT_Grps\MarTech\Strayer Migration\QA20200827025216.png"><i class='material-icons'>panorama</i></a></li>
			</ul>
				<div class='pre'><pre>java.lang.AssertionError: Title didn't match expected [true] but found [false]
	at org.testng.Assert.fail(Assert.java:94)
	at org.testng.Assert.failNotEquals(Assert.java:494)
	at org.testng.Assert.assertEquals(Assert.java:123)
	at org.testng.Assert.assertEquals(Assert.java:286)
	at steps.FooterSteps.i_should_see_the_text_on_pages(FooterSteps.java:176)
	at ?.Then User should see the "Thank you page - RFI " text on page(src/test/resources/features/Forms.feature:212)
</pre></div>
			
		</li>
	</ul>
</div>
<div class='scenario node' test-id='182' status='fail'>
	<div class='category-list'>
		<span class='category label white-text'>@EmailUsForm</span>
		<span class='category label white-text'>@CUEDU</span>
		<span class='category label white-text'>@Forms</span>
	</div>
	<span class='duration right label'>0h 0m 58s+742ms</span>
	<div class='desc'>
		<b>Scenario</b>
		<span class="desc-text">TC_024: Verify user is able to subit Email Us form</span>
	</div>
	<ul class='steps'>
		<li test-id='183' class='node given pass' status='pass'>
			
			<b>Given</b>
			
			<span class="bdd-step-name">Given User is on Capella Home Page</span>
				<div class='pre'>passed</div>
			
		</li>
		<li test-id='184' class='node and pass' status='pass'>
			
			<b>And</b>
			
			<span class="bdd-step-name">And User click Email Us link under the menu</span>
				<div class='pre'>passed</div>
			
		</li>
		<li test-id='185' class='node then pass' status='pass'>
			
			<b>Then</b>
			
			<span class="bdd-step-name">Then User move to Email Us Form</span>
				<div class='pre'>passed</div>
			
		</li>
		<li test-id='186' class='node and pass' status='pass'>
			
			<b>And</b>
			
			<span class="bdd-step-name">And User select "Certificate" as Degree in Email form</span>
				<div class='pre'>passed</div>
			
		</li>
		<li test-id='187' class='node and pass' status='pass'>
			
			<b>And</b>
			
			<span class="bdd-step-name">And User select "Business" as Area of Study in Email form</span>
				<div class='pre'>passed</div>
			
		</li>
		<li test-id='188' class='node and pass' status='pass'>
			
			<b>And</b>
			
			<span class="bdd-step-name">And User select "Undergrad Cert - Accounting" as Specialization Study in Email form</span>
				<div class='pre'>passed</div>
			
		</li>
		<li test-id='189' class='node and pass' status='pass'>
			
			<b>And</b>
			
			<span class="bdd-step-name">And User enter "Email" as First Name in Email form</span>
				<div class='pre'>passed</div>
			
		</li>
		<li test-id='190' class='node and pass' status='pass'>
			
			<b>And</b>
			
			<span class="bdd-step-name">And User enter "Form" as Last Name in Email form</span>
				<div class='pre'>passed</div>
			
		</li>
		<li test-id='191' class='node and pass' status='pass'>
			
			<b>And</b>
			
			<span class="bdd-step-name">And User enter email in Email Address in Email form</span>
				<div class='pre'>passed</div>
			
		</li>
		<li test-id='192' class='node and pass' status='pass'>
			
			<b>And</b>
			
			<span class="bdd-step-name">And User enter PhoneNo as Phone Number in Email form</span>
				<div class='pre'>passed</div>
			
		</li>
		<li test-id='193' class='node and pass' status='pass'>
			
			<b>And</b>
			
			<span class="bdd-step-name">And User enter "Test Comments" user Comments in Email form</span>
				<div class='pre'>passed</div>
			
		</li>
		<li test-id='194' class='node and pass' status='pass'>
			
			<b>And</b>
			
			<span class="bdd-step-name">And User submit the Email form</span>
				<div class='pre'>passed</div>
			
		</li>
		<li test-id='195' class='node then pass' status='pass'>
			
			<b>Then</b>
			
			<span class="bdd-step-name">Then User should see the "200" Success Response Status code</span>
				<div class='pre'>passed</div>
			
		</li>
		<li test-id='196' class='node and pass' status='pass'>
			
			<b>And</b>
			
			<span class="bdd-step-name">And User should get Thank you window for Email form</span>
				<div class='pre'>passed</div>
			
		</li>
		<li test-id='197' class='node and fail' status='fail'>
			
			<b>And</b>
			
			<span class="bdd-step-name">And User should see "Thank you,Email." in the Thankyou Page for EmailUs Form</span>
				<div class='pre'><pre>org.openqa.selenium.NoSuchElementException: no such element: Unable to locate element: {"method":"xpath","selector":"//h2[@class='h1']"}
  (Session info: chrome=85.0.4183.83)
  (Driver info: chromedriver=85.0.4183.83 (94abc2237ae0c9a4cb5f035431c8adfb94324633-refs/branch-heads/4183@{#1658}),platform=Windows NT 10.0.17763 x86_64) (WARNING: The server did not provide any stacktrace information)
Command duration or timeout: 7 milliseconds
For documentation on this error, please visit: http://seleniumhq.org/exceptions/no_such_element.html
Build info: version: '2.53.0', revision: '35ae25b1534ae328c771e0856c93e187490ca824', time: '2016-03-15 10:43:46'
System info: host: 'SEIXDTCDj000126', ip: '10.121.166.24', os.name: 'Windows 10', os.arch: 'amd64', os.version: '10.0', java.version: '1.8.0_222'
Driver info: org.openqa.selenium.chrome.ChromeDriver
Capabilities [{mobileEmulationEnabled=false, timeouts={implicit=0, pageLoad=300000, script=30000}, hasTouchScreen=false, platform=XP, acceptSslCerts=false, goog:chromeOptions={debuggerAddress=localhost:65276}, acceptInsecureCerts=false, webStorageEnabled=true, browserName=chrome, takesScreenshot=true, javascriptEnabled=true, setWindowRect=true, unexpectedAlertBehaviour=ignore, applicationCacheEnabled=false, rotatable=false, networkConnectionEnabled=false, chrome={chromedriverVersion=85.0.4183.83 (94abc2237ae0c9a4cb5f035431c8adfb94324633-refs/branch-heads/4183@{#1658}), userDataDir=C:\Users\PAAVULA\AppData\Local\Temp\scoped_dir3888_223978088}, takesHeapSnapshot=true, pageLoadStrategy=normal, strictFileInteractability=false, databaseEnabled=false, handlesAlerts=true, version=85.0.4183.83, browserConnectionEnabled=false, proxy={}, nativeEvents=true, locationContextEnabled=true, cssSelectorsEnabled=true, webauthn:virtualAuthenticators=true}]
Session ID: b442e4f55a1ae9da44c6358e2601f77c
*** Element info: {Using=xpath, value=//h2[@class='h1']}
	at sun.reflect.NativeConstructorAccessorImpl.newInstance0(Native Method)
	at sun.reflect.NativeConstructorAccessorImpl.newInstance(NativeConstructorAccessorImpl.java:62)
	at sun.reflect.DelegatingConstructorAccessorImpl.newInstance(DelegatingConstructorAccessorImpl.java:45)
	at java.lang.reflect.Constructor.newInstance(Constructor.java:423)
	at org.openqa.selenium.remote.ErrorHandler.createThrowable(ErrorHandler.java:206)
	at org.openqa.selenium.remote.ErrorHandler.throwIfResponseFailed(ErrorHandler.java:158)
	at org.openqa.selenium.remote.RemoteWebDriver.execute(RemoteWebDriver.java:678)
	at org.openqa.selenium.remote.RemoteWebDriver.findElement(RemoteWebDriver.java:363)
	at org.openqa.selenium.remote.RemoteWebDriver.findElementByXPath(RemoteWebDriver.java:500)
	at org.openqa.selenium.By$ByXPath.findElement(By.java:361)
	at org.openqa.selenium.remote.RemoteWebDriver.findElement(RemoteWebDriver.java:355)
	at org.openqa.selenium.support.pagefactory.DefaultElementLocator.findElement(DefaultElementLocator.java:69)
	at org.openqa.selenium.support.pagefactory.internal.LocatingElementHandler.invoke(LocatingElementHandler.java:38)
	at com.sun.proxy.$Proxy27.getCoordinates(Unknown Source)
	at org.openqa.selenium.interactions.internal.MouseAction.getActionLocation(MouseAction.java:51)
	at org.openqa.selenium.interactions.MoveMouseAction.perform(MoveMouseAction.java:39)
	at org.openqa.selenium.interactions.CompositeAction.perform(CompositeAction.java:50)
	at org.openqa.selenium.interactions.Actions.perform(Actions.java:373)
	at pages.actions.FormsActions.moveToMenu(FormsActions.java:30)
	at pages.actions.FormsActions.getThnTxtwinodw(FormsActions.java:1323)
	at steps.FormsSteps.i_should_see_something_in_the_thankyou_page_for_emailus_form(FormsSteps.java:1289)
	at ?.And User should see "Thank you,Email." in the Thankyou Page for EmailUs Form(src/test/resources/features/Forms.feature:230)
</pre></div>
			
		</li>
		<li test-id='198' class='node and skip' status='skip'>
			
			<b>And</b>
			
			<span class="bdd-step-name">And User click "Close" button in Thank you Sucess window in form</span>
			<ul class='screenshots right'>
				<li><a data-featherlight="image" href="X:\IT_Grps\MarTech\Strayer Migration\QA20200827025319.png"><i class='material-icons'>panorama</i></a></li>
			</ul>
				<div class='pre'>skipped</div>
			
		</li>
	</ul>
</div>
<div class='scenario node' test-id='199' status='fail'>
	<div class='category-list'>
		<span class='category label white-text'>@RequestInfoForm</span>
		<span class='category label white-text'>@CUEDU</span>
		<span class='category label white-text'>@Forms</span>
	</div>
	<span class='duration right label'>0h 1m 0s+135ms</span>
	<div class='desc'>
		<b>Scenario</b>
		<span class="desc-text">TC_0025: Verify user is able to subit RFI form</span>
	</div>
	<ul class='steps'>
		<li test-id='200' class='node given pass' status='pass'>
			
			<b>Given</b>
			
			<span class="bdd-step-name">Given User is on Capella Home Page</span>
				<div class='pre'>passed</div>
			
		</li>
		<li test-id='201' class='node and pass' status='pass'>
			
			<b>And</b>
			
			<span class="bdd-step-name">And User click Request Information link under the menu</span>
				<div class='pre'>passed</div>
			
		</li>
		<li test-id='202' class='node and pass' status='pass'>
			
			<b>And</b>
			
			<span class="bdd-step-name">And User select "Certificate" as Degree in RFI form</span>
				<div class='pre'>passed</div>
			
		</li>
		<li test-id='203' class='node and pass' status='pass'>
			
			<b>And</b>
			
			<span class="bdd-step-name">And User select "Business" as Area of Study in RFI form</span>
				<div class='pre'>passed</div>
			
		</li>
		<li test-id='204' class='node and pass' status='pass'>
			
			<b>And</b>
			
			<span class="bdd-step-name">And User select "Undergrad Cert - Accounting" as Specialization Study in RFI form</span>
				<div class='pre'>passed</div>
			
		</li>
		<li test-id='205' class='node and pass' status='pass'>
			
			<b>And</b>
			
			<span class="bdd-step-name">And User select "As soon as possible" as Start Date in RFI form</span>
				<div class='pre'>passed</div>
			
		</li>
		<li test-id='206' class='node and pass' status='pass'>
			
			<b>And</b>
			
			<span class="bdd-step-name">And User enter "Request Info" as First Name in RFI form</span>
				<div class='pre'>passed</div>
			
		</li>
		<li test-id='207' class='node and pass' status='pass'>
			
			<b>And</b>
			
			<span class="bdd-step-name">And User enter "Form" as Last Name in RFI form</span>
				<div class='pre'>passed</div>
			
		</li>
		<li test-id='208' class='node and pass' status='pass'>
			
			<b>And</b>
			
			<span class="bdd-step-name">And User enter email in Email Address in RFI form</span>
				<div class='pre'>passed</div>
			
		</li>
		<li test-id='209' class='node and pass' status='pass'>
			
			<b>And</b>
			
			<span class="bdd-step-name">And User enter PhoneNumber as Phone Number in RFI form</span>
				<div class='pre'>passed</div>
			
		</li>
		<li test-id='210' class='node and pass' status='pass'>
			
			<b>And</b>
			
			<span class="bdd-step-name">And User enter "55111" as ZipCode in RFI form</span>
				<div class='pre'>passed</div>
			
		</li>
		<li test-id='211' class='node and pass' status='pass'>
			
			<b>And</b>
			
			<span class="bdd-step-name">And User submit the RFI form</span>
				<div class='pre'>passed</div>
			
		</li>
		<li test-id='212' class='node then pass' status='pass'>
			
			<b>Then</b>
			
			<span class="bdd-step-name">Then User should see the "200" Success Response Status code</span>
				<div class='pre'>passed</div>
			
		</li>
		<li test-id='213' class='node and pass' status='pass'>
			
			<b>And</b>
			
			<span class="bdd-step-name">And User should get Thank you window for RFI form</span>
				<div class='pre'>passed</div>
			
		</li>
		<li test-id='214' class='node and fail' status='fail'>
			
			<b>And</b>
			
			<span class="bdd-step-name">And User should see "Thank you,Request Info." in the Thankyou Page for EmailUs Form</span>
				<div class='pre'><pre>org.openqa.selenium.NoSuchElementException: no such element: Unable to locate element: {"method":"xpath","selector":"//h2[@class='h1']"}
  (Session info: chrome=85.0.4183.83)
  (Driver info: chromedriver=85.0.4183.83 (94abc2237ae0c9a4cb5f035431c8adfb94324633-refs/branch-heads/4183@{#1658}),platform=Windows NT 10.0.17763 x86_64) (WARNING: The server did not provide any stacktrace information)
Command duration or timeout: 7 milliseconds
For documentation on this error, please visit: http://seleniumhq.org/exceptions/no_such_element.html
Build info: version: '2.53.0', revision: '35ae25b1534ae328c771e0856c93e187490ca824', time: '2016-03-15 10:43:46'
System info: host: 'SEIXDTCDj000126', ip: '10.121.166.24', os.name: 'Windows 10', os.arch: 'amd64', os.version: '10.0', java.version: '1.8.0_222'
Driver info: org.openqa.selenium.chrome.ChromeDriver
Capabilities [{mobileEmulationEnabled=false, timeouts={implicit=0, pageLoad=300000, script=30000}, hasTouchScreen=false, platform=XP, acceptSslCerts=false, goog:chromeOptions={debuggerAddress=localhost:65378}, acceptInsecureCerts=false, webStorageEnabled=true, browserName=chrome, takesScreenshot=true, javascriptEnabled=true, setWindowRect=true, unexpectedAlertBehaviour=ignore, applicationCacheEnabled=false, rotatable=false, networkConnectionEnabled=false, chrome={chromedriverVersion=85.0.4183.83 (94abc2237ae0c9a4cb5f035431c8adfb94324633-refs/branch-heads/4183@{#1658}), userDataDir=C:\Users\PAAVULA\AppData\Local\Temp\scoped_dir2372_1793100511}, takesHeapSnapshot=true, pageLoadStrategy=normal, strictFileInteractability=false, databaseEnabled=false, handlesAlerts=true, version=85.0.4183.83, browserConnectionEnabled=false, proxy={}, nativeEvents=true, locationContextEnabled=true, cssSelectorsEnabled=true, webauthn:virtualAuthenticators=true}]
Session ID: f97e3d80f77a733e6073f1ef6bb5c5ba
*** Element info: {Using=xpath, value=//h2[@class='h1']}
	at sun.reflect.GeneratedConstructorAccessor47.newInstance(Unknown Source)
	at sun.reflect.DelegatingConstructorAccessorImpl.newInstance(DelegatingConstructorAccessorImpl.java:45)
	at java.lang.reflect.Constructor.newInstance(Constructor.java:423)
	at org.openqa.selenium.remote.ErrorHandler.createThrowable(ErrorHandler.java:206)
	at org.openqa.selenium.remote.ErrorHandler.throwIfResponseFailed(ErrorHandler.java:158)
	at org.openqa.selenium.remote.RemoteWebDriver.execute(RemoteWebDriver.java:678)
	at org.openqa.selenium.remote.RemoteWebDriver.findElement(RemoteWebDriver.java:363)
	at org.openqa.selenium.remote.RemoteWebDriver.findElementByXPath(RemoteWebDriver.java:500)
	at org.openqa.selenium.By$ByXPath.findElement(By.java:361)
	at org.openqa.selenium.remote.RemoteWebDriver.findElement(RemoteWebDriver.java:355)
	at org.openqa.selenium.support.pagefactory.DefaultElementLocator.findElement(DefaultElementLocator.java:69)
	at org.openqa.selenium.support.pagefactory.internal.LocatingElementHandler.invoke(LocatingElementHandler.java:38)
	at com.sun.proxy.$Proxy27.getCoordinates(Unknown Source)
	at org.openqa.selenium.interactions.internal.MouseAction.getActionLocation(MouseAction.java:51)
	at org.openqa.selenium.interactions.MoveMouseAction.perform(MoveMouseAction.java:39)
	at org.openqa.selenium.interactions.CompositeAction.perform(CompositeAction.java:50)
	at org.openqa.selenium.interactions.Actions.perform(Actions.java:373)
	at pages.actions.FormsActions.moveToMenu(FormsActions.java:30)
	at pages.actions.FormsActions.getThnTxtwinodw(FormsActions.java:1323)
	at steps.FormsSteps.i_should_see_something_in_the_thankyou_page_for_emailus_form(FormsSteps.java:1289)
	at ?.And User should see "Thank you,Request Info." in the Thankyou Page for EmailUs Form(src/test/resources/features/Forms.feature:249)
</pre></div>
			
		</li>
		<li test-id='215' class='node and skip' status='skip'>
			
			<b>And</b>
			
			<span class="bdd-step-name">And User click "Close" button in Thank you Sucess window in form</span>
			<ul class='screenshots right'>
				<li><a data-featherlight="image" href="X:\IT_Grps\MarTech\Strayer Migration\QA20200827025423.png"><i class='material-icons'>panorama</i></a></li>
			</ul>
				<div class='pre'>skipped</div>
			
		</li>
	</ul>
</div>
<div class='scenario node' test-id='216' status='pass'>
	<div class='category-list'>
		<span class='category label white-text'>@ScheduleConsultationForm</span>
		<span class='category label white-text'>@CUEDU</span>
		<span class='category label white-text'>@Forms</span>
	</div>
	<span class='duration right label'>0h 0m 55s+265ms</span>
	<div class='desc'>
		<b>Scenario</b>
		<span class="desc-text">TC_026: Verify user is able to subit Schedule Consultation form</span>
	</div>
	<ul class='steps'>
		<li test-id='217' class='node given pass' status='pass'>
			
			<b>Given</b>
			
			<span class="bdd-step-name">Given User is on Capella Home Page</span>
				<div class='pre'>passed</div>
			
		</li>
		<li test-id='218' class='node and pass' status='pass'>
			
			<b>And</b>
			
			<span class="bdd-step-name">And User click Schedule Consultation link under the menu</span>
				<div class='pre'>passed</div>
			
		</li>
		<li test-id='219' class='node then pass' status='pass'>
			
			<b>Then</b>
			
			<span class="bdd-step-name">Then User move to Consultation form</span>
				<div class='pre'>passed</div>
			
		</li>
		<li test-id='220' class='node and pass' status='pass'>
			
			<b>And</b>
			
			<span class="bdd-step-name">And User select "Certificate" as Degree in Consultation form</span>
				<div class='pre'>passed</div>
			
		</li>
		<li test-id='221' class='node and pass' status='pass'>
			
			<b>And</b>
			
			<span class="bdd-step-name">And User select "Business" as Area of Study in Consultation form</span>
				<div class='pre'>passed</div>
			
		</li>
		<li test-id='222' class='node and pass' status='pass'>
			
			<b>And</b>
			
			<span class="bdd-step-name">And User select "Undergrad Cert - Accounting" as Specialization Study in Consultation form</span>
				<div class='pre'>passed</div>
			
		</li>
		<li test-id='223' class='node and pass' status='pass'>
			
			<b>And</b>
			
			<span class="bdd-step-name">And User select "As soon as possible" as Start Date in Consultation form</span>
				<div class='pre'>passed</div>
			
		</li>
		<li test-id='224' class='node and pass' status='pass'>
			
			<b>And</b>
			
			<span class="bdd-step-name">And User enter "Schedule Consultation" as First Name in Consultation form</span>
				<div class='pre'>passed</div>
			
		</li>
		<li test-id='225' class='node and pass' status='pass'>
			
			<b>And</b>
			
			<span class="bdd-step-name">And User enter "Form" as Last Name in Consultation form</span>
				<div class='pre'>passed</div>
			
		</li>
		<li test-id='226' class='node and pass' status='pass'>
			
			<b>And</b>
			
			<span class="bdd-step-name">And User enter email in Email Address in Consultation form</span>
				<div class='pre'>passed</div>
			
		</li>
		<li test-id='227' class='node and pass' status='pass'>
			
			<b>And</b>
			
			<span class="bdd-step-name">And User enter PhoneNumber as Phone Number in Consultation form</span>
				<div class='pre'>passed</div>
			
		</li>
		<li test-id='228' class='node and pass' status='pass'>
			
			<b>And</b>
			
			<span class="bdd-step-name">And User enter "55111" as ZipCode in Consultation form</span>
				<div class='pre'>passed</div>
			
		</li>
		<li test-id='229' class='node and pass' status='pass'>
			
			<b>And</b>
			
			<span class="bdd-step-name">And User submit the Consultation form</span>
				<div class='pre'>passed</div>
			
		</li>
		<li test-id='230' class='node then pass' status='pass'>
			
			<b>Then</b>
			
			<span class="bdd-step-name">Then User should see the "200" Success Response Status code</span>
				<div class='pre'>passed</div>
			
		</li>
		<li test-id='231' class='node and pass' status='pass'>
			
			<b>And</b>
			
			<span class="bdd-step-name">And User should get Thank you window for Consultation form</span>
				<div class='pre'>passed</div>
			
		</li>
	</ul>
</div>
<div class='scenario node' test-id='232' status='pass'>
	<div class='category-list'>
		<span class='category label white-text'>@ReferaFriendForm</span>
		<span class='category label white-text'>@CUEDU</span>
		<span class='category label white-text'>@Forms</span>
	</div>
	<span class='duration right label'>0h 0m 51s+937ms</span>
	<div class='desc'>
		<b>Scenario</b>
		<span class="desc-text">TC_027: Verify Single Course Registration form</span>
	</div>
	<ul class='steps'>
		<li test-id='233' class='node given pass' status='pass'>
			
			<b>Given</b>
			
			<span class="bdd-step-name">Given User is on Refer Friend Form Page</span>
				<div class='pre'>passed</div>
			
		</li>
		<li test-id='234' class='node then pass' status='pass'>
			
			<b>Then</b>
			
			<span class="bdd-step-name">Then User move to Refer Friend form</span>
				<div class='pre'>passed</div>
			
		</li>
		<li test-id='235' class='node and pass' status='pass'>
			
			<b>And</b>
			
			<span class="bdd-step-name">And User enter "Automation" as First Name in Refer Friend form</span>
				<div class='pre'>passed</div>
			
		</li>
		<li test-id='236' class='node and pass' status='pass'>
			
			<b>And</b>
			
			<span class="bdd-step-name">And User enter "User" as Last Name in Refer Friend form</span>
				<div class='pre'>passed</div>
			
		</li>
		<li test-id='237' class='node and pass' status='pass'>
			
			<b>And</b>
			
			<span class="bdd-step-name">And User enter email in Email Address in Refer Friend form</span>
				<div class='pre'>passed</div>
			
		</li>
		<li test-id='238' class='node and pass' status='pass'>
			
			<b>And</b>
			
			<span class="bdd-step-name">And User select "Student" as Option  in Consultation form</span>
				<div class='pre'>passed</div>
			
		</li>
		<li test-id='239' class='node and pass' status='pass'>
			
			<b>And</b>
			
			<span class="bdd-step-name">And User enter "Friend" as Friend First Name in Refer Friend form</span>
				<div class='pre'>passed</div>
			
		</li>
		<li test-id='240' class='node and pass' status='pass'>
			
			<b>And</b>
			
			<span class="bdd-step-name">And User enter "User" as Friend Last Name in Refer Friend form</span>
				<div class='pre'>passed</div>
			
		</li>
		<li test-id='241' class='node and pass' status='pass'>
			
			<b>And</b>
			
			<span class="bdd-step-name">And User enter email in Friend Email Address in Refer Friend form</span>
				<div class='pre'>passed</div>
			
		</li>
		<li test-id='242' class='node and pass' status='pass'>
			
			<b>And</b>
			
			<span class="bdd-step-name">And User enter PhoneNumber as Phone Number in Refer Friend form</span>
				<div class='pre'>passed</div>
			
		</li>
		<li test-id='243' class='node and pass' status='pass'>
			
			<b>And</b>
			
			<span class="bdd-step-name">And User submit the Refer Friend form</span>
				<div class='pre'>passed</div>
			
		</li>
		<li test-id='244' class='node then pass' status='pass'>
			
			<b>Then</b>
			
			<span class="bdd-step-name">Then User should see the "200" Success Response Status code</span>
				<div class='pre'>passed</div>
			
		</li>
		<li test-id='245' class='node and pass' status='pass'>
			
			<b>And</b>
			
			<span class="bdd-step-name">And User should get Thank you window for Refer Friend form</span>
				<div class='pre'>passed</div>
			
		</li>
	</ul>
</div>
<div class='scenario node' test-id='246' status='fail'>
	<div class='category-list'>
		<span class='category label white-text'>@RegistrationForm</span>
		<span class='category label white-text'>@CUEDU</span>
		<span class='category label white-text'>@Forms</span>
	</div>
	<span class='duration right label'>0h 0m 49s+867ms</span>
	<div class='desc'>
		<b>Scenario</b>
		<span class="desc-text">TC_028:  Verify user is able to submit My Capella Registration form</span>
	</div>
	<ul class='steps'>
		<li test-id='247' class='node given pass' status='pass'>
			
			<b>Given</b>
			
			<span class="bdd-step-name">Given User is on Capella Home Page</span>
				<div class='pre'>passed</div>
			
		</li>
		<li test-id='248' class='node and pass' status='pass'>
			
			<b>And</b>
			
			<span class="bdd-step-name">And User click Login link to check MC Login</span>
				<div class='pre'>passed</div>
			
		</li>
		<li test-id='249' class='node and pass' status='pass'>
			
			<b>And</b>
			
			<span class="bdd-step-name">And User click Prospective Students link under Login</span>
				<div class='pre'>passed</div>
			
		</li>
		<li test-id='250' class='node then pass' status='pass'>
			
			<b>Then</b>
			
			<span class="bdd-step-name">Then User get MC Login modal form to enter credentials</span>
				<div class='pre'>passed</div>
			
		</li>
		<li test-id='251' class='node and pass' status='pass'>
			
			<b>And</b>
			
			<span class="bdd-step-name">And User click Create a new Account link in Login modal</span>
				<div class='pre'>passed</div>
			
		</li>
		<li test-id='252' class='node then pass' status='pass'>
			
			<b>Then</b>
			
			<span class="bdd-step-name">Then User get Create Account modal form</span>
				<div class='pre'>passed</div>
			
		</li>
		<li test-id='253' class='node and pass' status='pass'>
			
			<b>And</b>
			
			<span class="bdd-step-name">And User enter "Capellaone" First Name Create Account form</span>
				<div class='pre'>passed</div>
			
		</li>
		<li test-id='254' class='node and pass' status='pass'>
			
			<b>And</b>
			
			<span class="bdd-step-name">And User enter "Userone" Last Name in Create Account form</span>
				<div class='pre'>passed</div>
			
		</li>
		<li test-id='255' class='node and pass' status='pass'>
			
			<b>And</b>
			
			<span class="bdd-step-name">And User enter an Email Address in Create Account form</span>
				<div class='pre'>passed</div>
			
		</li>
		<li test-id='256' class='node and pass' status='pass'>
			
			<b>And</b>
			
			<span class="bdd-step-name">And User enter "Admin*12" Password in Create Account form</span>
				<div class='pre'>passed</div>
			
		</li>
		<li test-id='257' class='node and pass' status='pass'>
			
			<b>And</b>
			
			<span class="bdd-step-name">And User enter "Admin*12" Confirm Password in Create Account form</span>
				<div class='pre'>passed</div>
			
		</li>
		<li test-id='258' class='node and pass' status='pass'>
			
			<b>And</b>
			
			<span class="bdd-step-name">And User click the Create Account button in form</span>
				<div class='pre'>passed</div>
			
		</li>
		<li test-id='259' class='node then fail' status='fail'>
			
			<b>Then</b>
			
			<span class="bdd-step-name">Then User should see the "MY PROFILE" text on My Capella Dashboard</span>
			<ul class='screenshots right'>
				<li><a data-featherlight="image" href="X:\IT_Grps\MarTech\Strayer Migration\QA20200827025711.png"><i class='material-icons'>panorama</i></a></li>
			</ul>
				<div class='pre'><pre>java.lang.AssertionError: Title didn't match expected [true] but found [false]
	at org.testng.Assert.fail(Assert.java:94)
	at org.testng.Assert.failNotEquals(Assert.java:494)
	at org.testng.Assert.assertEquals(Assert.java:123)
	at org.testng.Assert.assertEquals(Assert.java:286)
	at steps.FormsSteps.i_should_see_the_something_text_on_my_capella_dashboard(FormsSteps.java:1044)
	at ?.Then User should see the "MY PROFILE" text on My Capella Dashboard(src/test/resources/features/Forms.feature:300)
</pre></div>
			
		</li>
	</ul>
</div>
<div class='scenario node' test-id='260' status='fail'>
	<div class='category-list'>
		<span class='category label white-text'>@PFQForm</span>
		<span class='category label white-text'>@CUEDU</span>
		<span class='category label white-text'>@Forms</span>
	</div>
	<span class='duration right label'>0h 0m 51s+721ms</span>
	<div class='desc'>
		<b>Scenario</b>
		<span class="desc-text">TC_031: Verify User is able to Submit PFQ Form</span>
	</div>
	<ul class='steps'>
		<li test-id='261' class='node given pass' status='pass'>
			
			<b>Given</b>
			
			<span class="bdd-step-name">Given User is on PFQ Page</span>
				<div class='pre'>passed</div>
			
		</li>
		<li test-id='262' class='node when pass' status='pass'>
			
			<b>When</b>
			
			<span class="bdd-step-name">When User Fill Quiz</span>
				<div class='pre'>passed</div>
			
		</li>
		<li test-id='263' class='node then pass' status='pass'>
			
			<b>Then</b>
			
			<span class="bdd-step-name">Then User Navigate to PFQ Form</span>
				<div class='pre'>passed</div>
			
		</li>
		<li test-id='264' class='node and fail' status='fail'>
			
			<b>And</b>
			
			<span class="bdd-step-name">And User select "Certificate" as Degree</span>
				<div class='pre'><textarea>org.openqa.selenium.NoSuchElementException: no such element: Unable to locate element: {"method":"xpath","selector":"//*[@id='degree_code']"}
  (Session info: chrome=85.0.4183.83)
  (Driver info: chromedriver=85.0.4183.83 (94abc2237ae0c9a4cb5f035431c8adfb94324633-refs/branch-heads/4183@{#1658}),platform=Windows NT 10.0.17763 x86_64) (WARNING: The server did not provide any stacktrace information)
Command duration or timeout: 31 milliseconds
For documentation on this error, please visit: http://seleniumhq.org/exceptions/no_such_element.html
Build info: version: '2.53.0', revision: '35ae25b1534ae328c771e0856c93e187490ca824', time: '2016-03-15 10:43:46'
System info: host: 'SEIXDTCDj000126', ip: '10.121.166.24', os.name: 'Windows 10', os.arch: 'amd64', os.version: '10.0', java.version: '1.8.0_222'
Driver info: org.openqa.selenium.chrome.ChromeDriver
Capabilities [{mobileEmulationEnabled=false, timeouts={implicit=0, pageLoad=300000, script=30000}, hasTouchScreen=false, platform=XP, acceptSslCerts=false, goog:chromeOptions={debuggerAddress=localhost:49419}, acceptInsecureCerts=false, webStorageEnabled=true, browserName=chrome, takesScreenshot=true, javascriptEnabled=true, setWindowRect=true, unexpectedAlertBehaviour=ignore, applicationCacheEnabled=false, rotatable=false, networkConnectionEnabled=false, chrome={chromedriverVersion=85.0.4183.83 (94abc2237ae0c9a4cb5f035431c8adfb94324633-refs/branch-heads/4183@{#1658}), userDataDir=C:\Users\PAAVULA\AppData\Local\Temp\scoped_dir9652_1530918767}, takesHeapSnapshot=true, pageLoadStrategy=normal, strictFileInteractability=false, databaseEnabled=false, handlesAlerts=true, version=85.0.4183.83, browserConnectionEnabled=false, proxy={}, nativeEvents=true, locationContextEnabled=true, cssSelectorsEnabled=true, webauthn:virtualAuthenticators=true}]
Session ID: 041fe75311aedd8c6686e009e43b615e
*** Element info: {Using=xpath, value=//*[@id='degree_code']}
	at sun.reflect.GeneratedConstructorAccessor47.newInstance(Unknown Source)
	at sun.reflect.DelegatingConstructorAccessorImpl.newInstance(DelegatingConstructorAccessorImpl.java:45)
	at java.lang.reflect.Constructor.newInstance(Constructor.java:423)
	at org.openqa.selenium.remote.ErrorHandler.createThrowable(ErrorHandler.java:206)
	at org.openqa.selenium.remote.ErrorHandler.throwIfResponseFailed(ErrorHandler.java:158)
	at org.openqa.selenium.remote.RemoteWebDriver.execute(RemoteWebDriver.java:678)
	at org.openqa.selenium.remote.RemoteWebDriver.findElement(RemoteWebDriver.java:363)
	at org.openqa.selenium.remote.RemoteWebDriver.findElementByXPath(RemoteWebDriver.java:500)
	at org.openqa.selenium.By$ByXPath.findElement(By.java:361)
	at org.openqa.selenium.remote.RemoteWebDriver.findElement(RemoteWebDriver.java:355)
	at org.openqa.selenium.support.pagefactory.DefaultElementLocator.findElement(DefaultElementLocator.java:69)
	at org.openqa.selenium.support.pagefactory.internal.LocatingElementHandler.invoke(LocatingElementHandler.java:38)
	at com.sun.proxy.$Proxy27.getTagName(Unknown Source)
	at org.openqa.selenium.support.ui.Select.<init>(Select.java:44)
	at pages.actions.FormsActions.PFQSelectDegree(FormsActions.java:1712)
	at steps.FormsSteps.user_select_something_as_degree(FormsSteps.java:1978)
	at ?.And User select "Certificate" as Degree(src/test/resources/features/Forms.feature:307)
</textarea></div>
			
		</li>
		<li test-id='265' class='node and skip' status='skip'>
			
			<b>And</b>
			
			<span class="bdd-step-name">And User select "Counseling" as Area of Study</span>
				<div class='pre'>skipped</div>
			
		</li>
		<li test-id='266' class='node and skip' status='skip'>
			
			<b>And</b>
			
			<span class="bdd-step-name">And User select "Grad Cert - Addictive Behavior" as Specialization</span>
				<div class='pre'>skipped</div>
			
		</li>
		<li test-id='267' class='node and skip' status='skip'>
			
			<b>And</b>
			
			<span class="bdd-step-name">And User enter "PFQ" as FirstName in PFQ Form</span>
				<div class='pre'>skipped</div>
			
		</li>
		<li test-id='268' class='node and skip' status='skip'>
			
			<b>And</b>
			
			<span class="bdd-step-name">And User enter "Form" as LastName in PFQ Form</span>
				<div class='pre'>skipped</div>
			
		</li>
		<li test-id='269' class='node and skip' status='skip'>
			
			<b>And</b>
			
			<span class="bdd-step-name">And User enter email in Email Address in PFQ Form</span>
				<div class='pre'>skipped</div>
			
		</li>
		<li test-id='270' class='node and skip' status='skip'>
			
			<b>And</b>
			
			<span class="bdd-step-name">And User enter PhoneNo as Phone Number in PFQ Form</span>
				<div class='pre'>skipped</div>
			
		</li>
		<li test-id='271' class='node and skip' status='skip'>
			
			<b>And</b>
			
			<span class="bdd-step-name">And User enter "99501" as Zip in PFQ Form</span>
				<div class='pre'>skipped</div>
			
		</li>
		<li test-id='272' class='node when skip' status='skip'>
			
			<b>When</b>
			
			<span class="bdd-step-name">When User click "AgreenGo" button in PFQ Form</span>
				<div class='pre'>skipped</div>
			
		</li>
		<li test-id='273' class='node then skip' status='skip'>
			
			<b>Then</b>
			
			<span class="bdd-step-name">Then User should see the "200" Response Status code</span>
				<div class='pre'>skipped</div>
			
		</li>
		<li test-id='274' class='node then skip' status='skip'>
			
			<b>Then</b>
			
			<span class="bdd-step-name">Then User should see the "100%" text on PFQ Page</span>
			<ul class='screenshots right'>
				<li><a data-featherlight="image" href="X:\IT_Grps\MarTech\Strayer Migration\QA20200827025805.png"><i class='material-icons'>panorama</i></a></li>
			</ul>
				<div class='pre'>skipped</div>
			
		</li>
	</ul>
</div>
<div class='scenario node' test-id='275' status='fail'>
	<div class='category-list'>
		<span class='category label white-text'>@IRFForm</span>
		<span class='category label white-text'>@CUPMLP</span>
		<span class='category label white-text'>@Forms</span>
	</div>
	<span class='duration right label'>0h 0m 35s+885ms</span>
	<div class='desc'>
		<b>Scenario</b>
		<span class="desc-text">TC001:Verify user is able to submit Request Information form in Lp Bachelors Page</span>
	</div>
	<ul class='steps'>
		<li test-id='276' class='node given pass' status='pass'>
			
			<b>Given</b>
			
			<span class="bdd-step-name">Given User am on Capella LP Home Page</span>
				<div class='pre'>passed</div>
			
		</li>
		<li test-id='277' class='node when pass' status='pass'>
			
			<b>When</b>
			
			<span class="bdd-step-name">When User Click on  "Request Program Details" RFP</span>
				<div class='pre'>passed</div>
			
		</li>
		<li test-id='278' class='node then pass' status='pass'>
			
			<b>Then</b>
			
			<span class="bdd-step-name">Then User should navigate to Request Information form</span>
				<div class='pre'>passed</div>
			
		</li>
		<li test-id='279' class='node and pass' status='pass'>
			
			<b>And</b>
			
			<span class="bdd-step-name">And User select "Certificate" as Degree in LP form</span>
				<div class='pre'>passed</div>
			
		</li>
		<li test-id='280' class='node and pass' status='pass'>
			
			<b>And</b>
			
			<span class="bdd-step-name">And User select "Analytics" as Area of Study in LP form</span>
				<div class='pre'>passed</div>
			
		</li>
		<li test-id='281' class='node and pass' status='pass'>
			
			<b>And</b>
			
			<span class="bdd-step-name">And User select "Grad Cert - Analytics Using SAS" as Bachelors Specialization Study in LP form</span>
				<div class='pre'>passed</div>
			
		</li>
		<li test-id='282' class='node and pass' status='pass'>
			
			<b>And</b>
			
			<span class="bdd-step-name">And User enter "LP" as First Name in LP form</span>
				<div class='pre'>passed</div>
			
		</li>
		<li test-id='283' class='node and pass' status='pass'>
			
			<b>And</b>
			
			<span class="bdd-step-name">And User enter "Form" as Last Name in LP form</span>
				<div class='pre'>passed</div>
			
		</li>
		<li test-id='284' class='node and pass' status='pass'>
			
			<b>And</b>
			
			<span class="bdd-step-name">And User enter "Email" in Email Address in LP form</span>
				<div class='pre'>passed</div>
			
		</li>
		<li test-id='285' class='node and pass' status='pass'>
			
			<b>And</b>
			
			<span class="bdd-step-name">And User enter PhoneNumber as Phone Number in LP form</span>
				<div class='pre'>passed</div>
			
		</li>
		<li test-id='286' class='node and pass' status='pass'>
			
			<b>And</b>
			
			<span class="bdd-step-name">And User enter "55111" as ZipCode in LP form</span>
				<div class='pre'>passed</div>
			
		</li>
		<li test-id='287' class='node and pass' status='pass'>
			
			<b>And</b>
			
			<span class="bdd-step-name">And User submit the LP form</span>
				<div class='pre'>passed</div>
			
		</li>
		<li test-id='288' class='node and fail' status='fail'>
			
			<b>And</b>
			
			<span class="bdd-step-name">And User should see "Thank you," in the Thankyou Page for LP Form</span>
				<div class='pre'><pre>org.openqa.selenium.NoSuchElementException: no such element: Unable to locate element: {"method":"xpath","selector":"//div[@class='title-section px-3 d-none d-md-block']"}
  (Session info: chrome=85.0.4183.83)
  (Driver info: chromedriver=85.0.4183.83 (94abc2237ae0c9a4cb5f035431c8adfb94324633-refs/branch-heads/4183@{#1658}),platform=Windows NT 10.0.17763 x86_64) (WARNING: The server did not provide any stacktrace information)
Command duration or timeout: 9 milliseconds
For documentation on this error, please visit: http://seleniumhq.org/exceptions/no_such_element.html
Build info: version: '2.53.0', revision: '35ae25b1534ae328c771e0856c93e187490ca824', time: '2016-03-15 10:43:46'
System info: host: 'SEIXDTCDj000126', ip: '10.121.166.24', os.name: 'Windows 10', os.arch: 'amd64', os.version: '10.0', java.version: '1.8.0_222'
Driver info: org.openqa.selenium.chrome.ChromeDriver
Capabilities [{mobileEmulationEnabled=false, timeouts={implicit=0, pageLoad=300000, script=30000}, hasTouchScreen=false, platform=XP, acceptSslCerts=false, goog:chromeOptions={debuggerAddress=localhost:49528}, acceptInsecureCerts=false, webStorageEnabled=true, browserName=chrome, takesScreenshot=true, javascriptEnabled=true, setWindowRect=true, unexpectedAlertBehaviour=ignore, applicationCacheEnabled=false, rotatable=false, networkConnectionEnabled=false, chrome={chromedriverVersion=85.0.4183.83 (94abc2237ae0c9a4cb5f035431c8adfb94324633-refs/branch-heads/4183@{#1658}), userDataDir=C:\Users\PAAVULA\AppData\Local\Temp\scoped_dir3280_916461280}, takesHeapSnapshot=true, pageLoadStrategy=normal, strictFileInteractability=false, databaseEnabled=false, handlesAlerts=true, version=85.0.4183.83, browserConnectionEnabled=false, proxy={}, nativeEvents=true, locationContextEnabled=true, cssSelectorsEnabled=true, webauthn:virtualAuthenticators=true}]
Session ID: d22d701b286edb9565fdbb94d3a257be
*** Element info: {Using=xpath, value=//div[@class='title-section px-3 d-none d-md-block']}
	at sun.reflect.GeneratedConstructorAccessor47.newInstance(Unknown Source)
	at sun.reflect.DelegatingConstructorAccessorImpl.newInstance(DelegatingConstructorAccessorImpl.java:45)
	at java.lang.reflect.Constructor.newInstance(Constructor.java:423)
	at org.openqa.selenium.remote.ErrorHandler.createThrowable(ErrorHandler.java:206)
	at org.openqa.selenium.remote.ErrorHandler.throwIfResponseFailed(ErrorHandler.java:158)
	at org.openqa.selenium.remote.RemoteWebDriver.execute(RemoteWebDriver.java:678)
	at org.openqa.selenium.remote.RemoteWebDriver.findElement(RemoteWebDriver.java:363)
	at org.openqa.selenium.remote.RemoteWebDriver.findElementByXPath(RemoteWebDriver.java:500)
	at org.openqa.selenium.By$ByXPath.findElement(By.java:361)
	at org.openqa.selenium.remote.RemoteWebDriver.findElement(RemoteWebDriver.java:355)
	at org.openqa.selenium.support.pagefactory.DefaultElementLocator.findElement(DefaultElementLocator.java:69)
	at org.openqa.selenium.support.pagefactory.internal.LocatingElementHandler.invoke(LocatingElementHandler.java:38)
	at com.sun.proxy.$Proxy27.getCoordinates(Unknown Source)
	at org.openqa.selenium.interactions.internal.MouseAction.getActionLocation(MouseAction.java:51)
	at org.openqa.selenium.interactions.MoveMouseAction.perform(MoveMouseAction.java:39)
	at org.openqa.selenium.interactions.CompositeAction.perform(CompositeAction.java:50)
	at org.openqa.selenium.interactions.Actions.perform(Actions.java:373)
	at pages.actions.FormsActions.moveToMenu(FormsActions.java:30)
	at pages.actions.FormsActions.getThnTxPage(FormsActions.java:1588)
	at steps.FormsSteps.i_should_see_something_in_the_thankyou_page_for_LP_form(FormsSteps.java:1827)
	at ?.And User should see "Thank you," in the Thankyou Page for LP Form(src/test/resources/features/Forms.feature:334)
</pre></div>
			
		</li>
		<li test-id='289' class='node and skip' status='skip'>
			
			<b>And</b>
			
			<span class="bdd-step-name">And User should see "trigger=irf_submit" in Thankyou Page URL</span>
			<ul class='screenshots right'>
				<li><a data-featherlight="image" href="X:\IT_Grps\MarTech\Strayer Migration\QA20200827025845.png"><i class='material-icons'>panorama</i></a></li>
			</ul>
				<div class='pre'>skipped</div>
			
		</li>
	</ul>
</div>
					</div>
				</li>
			</ul>
		</div>
	</div>
	<!-- subview left -->

	<div class='subview-right left'>
		<div class='view-summary'>
			<h5 class='test-name'></h5>

			<div id='step-filters' class="right">
				<span class="blue-text" status="info" alt="info" title="info"><i class="material-icons">info_outline</i></span>
				<span class="green-text" status="pass" alt="pass" title="pass"><i class="material-icons">check_circle</i></span>
				<span class="red-text" status="fail" alt="fail" title="fail"><i class="material-icons">cancel</i></span>
				<span class="red-text text-darken-4" status="fatal" alt="fatal" title="fatal"><i class="material-icons">cancel</i></span>
				<span class="pink-text text-lighten-1" status="error" alt="error" title="error"><i class="material-icons">error</i></span>
				<span class="orange-text" alt="warning" status="warning" title="warning"><i class="material-icons">warning</i></span>
				<span class="teal-text" status="skip" alt="skip" title="skip"><i class="material-icons">redo</i></span>
				<span status="clear" alt="Clear filters" title="Clear filters"><i class="material-icons">clear</i></span>
			</div>
		</div>
	</div>
	<!-- subview right -->

</div>
<!-- test view -->
<div id='category-view' class='view hide'>

	<section id='controls'>
		<div class='controls grey lighten-4'>
			<!-- search -->
			<div class='chip transparent' alt='Search Tests' title='Search Tests'>
				<a href="#" class='search-div'>
					<i class='material-icons'>search</i> Search
				</a>
				
				<div class='input-field left hide'>
					<input id='search-tests' type='text' class='validate browser-default' placeholder='Search Tests...'>
				</div>
				
			</div>
			<!-- search -->
		</div>
	</section>

	<div class='subview-left left'>
		
		<div class='view-summary'>
			<h5>Categories</h3>
			<ul id='category-collection' class='category-collection'>
				
				<li class='category displayed active'>
					<div class='category-heading'>
						<span class='category-name'>@PEPRFI</span>
						<span class='category-status right'>
							<span class='label fail'>1</span>
						</span>
					</div>
					<div class='category-content hide'>
						<div class='category-status-counts'>
							
							<span class='label red lighten-1 white-text'>Failed: 1</span>
							
						</div>
					
						<div class='category-tests'>
							<table class='bordered table-results'>
								<thead>
									<tr>
										<th>Timestamp</th>
										<th>TestName</th>
										<th>Status</th>
									</tr>
								</thead>
								<tbody>
									<tr>
										<td>Aug 27, 2020 02:41:18 PM</td>
										<td class='linked' test-id='2'>Console Errors in PMLP Pages in QA.TC020: Verify User is able to submit PEP  form</td>
										<td><span class='test-status fail'>fail</span></td>
									</tr>
								</tbody>
							</table>
						</div>
					</div>
				</li>
				<li class='category displayed active'>
					<div class='category-heading'>
						<span class='category-name'>@Forms</span>
						<span class='category-status right'>
							<span class='label pass'>2</span>
							<span class='label fail'>20</span>
						</span>
					</div>
					<div class='category-content hide'>
						<div class='category-status-counts'>
							<span class='label green accent-4 white-text'>Passed: 2</span>
							<span class='label red lighten-1 white-text'>Failed: 20</span>
							
						</div>
					
						<div class='category-tests'>
							<table class='bordered table-results'>
								<thead>
									<tr>
										<th>Timestamp</th>
										<th>TestName</th>
										<th>Status</th>
									</tr>
								</thead>
								<tbody>
									<tr>
										<td>Aug 27, 2020 02:41:18 PM</td>
										<td class='linked' test-id='2'>Console Errors in PMLP Pages in QA.TC020: Verify User is able to submit PEP  form</td>
										<td><span class='test-status fail'>fail</span></td>
									</tr>
									<tr>
										<td>Aug 27, 2020 02:42:23 PM</td>
										<td class='linked' test-id='17'>Console Errors in PMLP Pages in QA.TC001: Verify User is able to submit Banner form</td>
										<td><span class='test-status fail'>fail</span></td>
									</tr>
									<tr>
										<td>Aug 27, 2020 02:43:15 PM</td>
										<td class='linked' test-id='28'>Console Errors in PMLP Pages in QA.TC002: Verify User is able to submit footer  form</td>
										<td><span class='test-status fail'>fail</span></td>
									</tr>
									<tr>
										<td>Aug 27, 2020 02:44:03 PM</td>
										<td class='linked' test-id='39'>Console Errors in PMLP Pages in QA.TC006: Verify User is able to submit MBA download form</td>
										<td><span class='test-status fail'>fail</span></td>
									</tr>
									<tr>
										<td>Aug 27, 2020 02:44:41 PM</td>
										<td class='linked' test-id='50'>Console Errors in PMLP Pages in QA.TC007: Verify User is able to submit Banner with Microsite form</td>
										<td><span class='test-status fail'>fail</span></td>
									</tr>
									<tr>
										<td>Aug 27, 2020 02:45:22 PM</td>
										<td class='linked' test-id='61'>Console Errors in PMLP Pages in QA.TC008: Verify User is able to submit Banner with Microsite form in Mobile-Mba Page</td>
										<td><span class='test-status fail'>fail</span></td>
									</tr>
									<tr>
										<td>Aug 27, 2020 02:46:02 PM</td>
										<td class='linked' test-id='72'>Console Errors in PMLP Pages in QA.TC009: Verify User is able to submit Download form</td>
										<td><span class='test-status fail'>fail</span></td>
									</tr>
									<tr>
										<td>Aug 27, 2020 02:46:39 PM</td>
										<td class='linked' test-id='83'>Console Errors in PMLP Pages in QA.TC011: Verify User is able to submit form in Linked In Home page</td>
										<td><span class='test-status fail'>fail</span></td>
									</tr>
									<tr>
										<td>Aug 27, 2020 02:47:13 PM</td>
										<td class='linked' test-id='94'>Console Errors in PMLP Pages in QA.TC012: Verify User is able to submit form in Linked In BBA page</td>
										<td><span class='test-status fail'>fail</span></td>
									</tr>
									<tr>
										<td>Aug 27, 2020 02:47:49 PM</td>
										<td class='linked' test-id='105'>Console Errors in PMLP Pages in QA.TC013: Verify User is able to submit Short form</td>
										<td><span class='test-status fail'>fail</span></td>
									</tr>
									<tr>
										<td>Aug 27, 2020 02:48:28 PM</td>
										<td class='linked' test-id='116'>Console Errors in PMLP Pages in QA.TC014: Verify User is able to submit Short form with drop downs</td>
										<td><span class='test-status fail'>fail</span></td>
									</tr>
									<tr>
										<td>Aug 27, 2020 02:49:15 PM</td>
										<td class='linked' test-id='129'>Console Errors in PMLP Pages in QA.TC015: Verify User is able to submit Two Step  form</td>
										<td><span class='test-status fail'>fail</span></td>
									</tr>
									<tr>
										<td>Aug 27, 2020 02:49:56 PM</td>
										<td class='linked' test-id='144'>Console Errors in PMLP Pages in QA.TC016: Verify User is able to submit Long form</td>
										<td><span class='test-status fail'>fail</span></td>
									</tr>
									<tr>
										<td>Aug 27, 2020 02:50:50 PM</td>
										<td class='linked' test-id='158'>Console Errors in PMLP Pages in QA.TC017: Verify User is able to submit Cheddar form</td>
										<td><span class='test-status fail'>fail</span></td>
									</tr>
									<tr>
										<td>Aug 27, 2020 02:51:37 PM</td>
										<td class='linked' test-id='170'>Console Errors in PMLP Pages in QA.TC018: Verify User is able to submit Cheddar Download form</td>
										<td><span class='test-status fail'>fail</span></td>
									</tr>
									<tr>
										<td>Aug 27, 2020 02:52:20 PM</td>
										<td class='linked' test-id='182'>Console Errors in PMLP Pages in QA.TC_024: Verify user is able to subit Email Us form</td>
										<td><span class='test-status fail'>fail</span></td>
									</tr>
									<tr>
										<td>Aug 27, 2020 02:53:23 PM</td>
										<td class='linked' test-id='199'>Console Errors in PMLP Pages in QA.TC_0025: Verify user is able to subit RFI form</td>
										<td><span class='test-status fail'>fail</span></td>
									</tr>
									<tr>
										<td>Aug 27, 2020 02:54:27 PM</td>
										<td class='linked' test-id='216'>Console Errors in PMLP Pages in QA.TC_026: Verify user is able to subit Schedule Consultation form</td>
										<td><span class='test-status pass'>pass</span></td>
									</tr>
									<tr>
										<td>Aug 27, 2020 02:55:26 PM</td>
										<td class='linked' test-id='232'>Console Errors in PMLP Pages in QA.TC_027: Verify Single Course Registration form</td>
										<td><span class='test-status pass'>pass</span></td>
									</tr>
									<tr>
										<td>Aug 27, 2020 02:56:21 PM</td>
										<td class='linked' test-id='246'>Console Errors in PMLP Pages in QA.TC_028:  Verify user is able to submit My Capella Registration form</td>
										<td><span class='test-status fail'>fail</span></td>
									</tr>
									<tr>
										<td>Aug 27, 2020 02:57:13 PM</td>
										<td class='linked' test-id='260'>Console Errors in PMLP Pages in QA.TC_031: Verify User is able to Submit PFQ Form</td>
										<td><span class='test-status fail'>fail</span></td>
									</tr>
									<tr>
										<td>Aug 27, 2020 02:58:09 PM</td>
										<td class='linked' test-id='275'>Console Errors in PMLP Pages in QA.TC001:Verify user is able to submit Request Information form in Lp Bachelors Page</td>
										<td><span class='test-status fail'>fail</span></td>
									</tr>
								</tbody>
							</table>
						</div>
					</div>
				</li>
				<li class='category displayed active'>
					<div class='category-heading'>
						<span class='category-name'>@SUEDU</span>
						<span class='category-status right'>
							<span class='label fail'>3</span>
						</span>
					</div>
					<div class='category-content hide'>
						<div class='category-status-counts'>
							
							<span class='label red lighten-1 white-text'>Failed: 3</span>
							
						</div>
					
						<div class='category-tests'>
							<table class='bordered table-results'>
								<thead>
									<tr>
										<th>Timestamp</th>
										<th>TestName</th>
										<th>Status</th>
									</tr>
								</thead>
								<tbody>
									<tr>
										<td>Aug 27, 2020 02:41:18 PM</td>
										<td class='linked' test-id='2'>Console Errors in PMLP Pages in QA.TC020: Verify User is able to submit PEP  form</td>
										<td><span class='test-status fail'>fail</span></td>
									</tr>
									<tr>
										<td>Aug 27, 2020 02:42:23 PM</td>
										<td class='linked' test-id='17'>Console Errors in PMLP Pages in QA.TC001: Verify User is able to submit Banner form</td>
										<td><span class='test-status fail'>fail</span></td>
									</tr>
									<tr>
										<td>Aug 27, 2020 02:43:15 PM</td>
										<td class='linked' test-id='28'>Console Errors in PMLP Pages in QA.TC002: Verify User is able to submit footer  form</td>
										<td><span class='test-status fail'>fail</span></td>
									</tr>
								</tbody>
							</table>
						</div>
					</div>
				</li>
				<li class='category displayed active'>
					<div class='category-heading'>
						<span class='category-name'>@BannerRFI</span>
						<span class='category-status right'>
							<span class='label fail'>1</span>
						</span>
					</div>
					<div class='category-content hide'>
						<div class='category-status-counts'>
							
							<span class='label red lighten-1 white-text'>Failed: 1</span>
							
						</div>
					
						<div class='category-tests'>
							<table class='bordered table-results'>
								<thead>
									<tr>
										<th>Timestamp</th>
										<th>TestName</th>
										<th>Status</th>
									</tr>
								</thead>
								<tbody>
									<tr>
										<td>Aug 27, 2020 02:42:23 PM</td>
										<td class='linked' test-id='17'>Console Errors in PMLP Pages in QA.TC001: Verify User is able to submit Banner form</td>
										<td><span class='test-status fail'>fail</span></td>
									</tr>
								</tbody>
							</table>
						</div>
					</div>
				</li>
				<li class='category displayed active'>
					<div class='category-heading'>
						<span class='category-name'>@FooterRFI</span>
						<span class='category-status right'>
							<span class='label fail'>1</span>
						</span>
					</div>
					<div class='category-content hide'>
						<div class='category-status-counts'>
							
							<span class='label red lighten-1 white-text'>Failed: 1</span>
							
						</div>
					
						<div class='category-tests'>
							<table class='bordered table-results'>
								<thead>
									<tr>
										<th>Timestamp</th>
										<th>TestName</th>
										<th>Status</th>
									</tr>
								</thead>
								<tbody>
									<tr>
										<td>Aug 27, 2020 02:43:15 PM</td>
										<td class='linked' test-id='28'>Console Errors in PMLP Pages in QA.TC002: Verify User is able to submit footer  form</td>
										<td><span class='test-status fail'>fail</span></td>
									</tr>
								</tbody>
							</table>
						</div>
					</div>
				</li>
				<li class='category displayed active'>
					<div class='category-heading'>
						<span class='category-name'>@DownloadFormMBA</span>
						<span class='category-status right'>
							<span class='label fail'>1</span>
						</span>
					</div>
					<div class='category-content hide'>
						<div class='category-status-counts'>
							
							<span class='label red lighten-1 white-text'>Failed: 1</span>
							
						</div>
					
						<div class='category-tests'>
							<table class='bordered table-results'>
								<thead>
									<tr>
										<th>Timestamp</th>
										<th>TestName</th>
										<th>Status</th>
									</tr>
								</thead>
								<tbody>
									<tr>
										<td>Aug 27, 2020 02:44:03 PM</td>
										<td class='linked' test-id='39'>Console Errors in PMLP Pages in QA.TC006: Verify User is able to submit MBA download form</td>
										<td><span class='test-status fail'>fail</span></td>
									</tr>
								</tbody>
							</table>
						</div>
					</div>
				</li>
				<li class='category displayed active'>
					<div class='category-heading'>
						<span class='category-name'>@OMS</span>
						<span class='category-status right'>
							<span class='label fail'>6</span>
						</span>
					</div>
					<div class='category-content hide'>
						<div class='category-status-counts'>
							
							<span class='label red lighten-1 white-text'>Failed: 6</span>
							
						</div>
					
						<div class='category-tests'>
							<table class='bordered table-results'>
								<thead>
									<tr>
										<th>Timestamp</th>
										<th>TestName</th>
										<th>Status</th>
									</tr>
								</thead>
								<tbody>
									<tr>
										<td>Aug 27, 2020 02:44:03 PM</td>
										<td class='linked' test-id='39'>Console Errors in PMLP Pages in QA.TC006: Verify User is able to submit MBA download form</td>
										<td><span class='test-status fail'>fail</span></td>
									</tr>
									<tr>
										<td>Aug 27, 2020 02:44:41 PM</td>
										<td class='linked' test-id='50'>Console Errors in PMLP Pages in QA.TC007: Verify User is able to submit Banner with Microsite form</td>
										<td><span class='test-status fail'>fail</span></td>
									</tr>
									<tr>
										<td>Aug 27, 2020 02:45:22 PM</td>
										<td class='linked' test-id='61'>Console Errors in PMLP Pages in QA.TC008: Verify User is able to submit Banner with Microsite form in Mobile-Mba Page</td>
										<td><span class='test-status fail'>fail</span></td>
									</tr>
									<tr>
										<td>Aug 27, 2020 02:46:02 PM</td>
										<td class='linked' test-id='72'>Console Errors in PMLP Pages in QA.TC009: Verify User is able to submit Download form</td>
										<td><span class='test-status fail'>fail</span></td>
									</tr>
									<tr>
										<td>Aug 27, 2020 02:50:50 PM</td>
										<td class='linked' test-id='158'>Console Errors in PMLP Pages in QA.TC017: Verify User is able to submit Cheddar form</td>
										<td><span class='test-status fail'>fail</span></td>
									</tr>
									<tr>
										<td>Aug 27, 2020 02:51:37 PM</td>
										<td class='linked' test-id='170'>Console Errors in PMLP Pages in QA.TC018: Verify User is able to submit Cheddar Download form</td>
										<td><span class='test-status fail'>fail</span></td>
									</tr>
								</tbody>
							</table>
						</div>
					</div>
				</li>
				<li class='category displayed active'>
					<div class='category-heading'>
						<span class='category-name'>@MicroSiteForminMBAEntrepreneurship</span>
						<span class='category-status right'>
							<span class='label fail'>1</span>
						</span>
					</div>
					<div class='category-content hide'>
						<div class='category-status-counts'>
							
							<span class='label red lighten-1 white-text'>Failed: 1</span>
							
						</div>
					
						<div class='category-tests'>
							<table class='bordered table-results'>
								<thead>
									<tr>
										<th>Timestamp</th>
										<th>TestName</th>
										<th>Status</th>
									</tr>
								</thead>
								<tbody>
									<tr>
										<td>Aug 27, 2020 02:44:41 PM</td>
										<td class='linked' test-id='50'>Console Errors in PMLP Pages in QA.TC007: Verify User is able to submit Banner with Microsite form</td>
										<td><span class='test-status fail'>fail</span></td>
									</tr>
								</tbody>
							</table>
						</div>
					</div>
				</li>
				<li class='category displayed active'>
					<div class='category-heading'>
						<span class='category-name'>@MicroSiteForminMBAPage</span>
						<span class='category-status right'>
							<span class='label fail'>1</span>
						</span>
					</div>
					<div class='category-content hide'>
						<div class='category-status-counts'>
							
							<span class='label red lighten-1 white-text'>Failed: 1</span>
							
						</div>
					
						<div class='category-tests'>
							<table class='bordered table-results'>
								<thead>
									<tr>
										<th>Timestamp</th>
										<th>TestName</th>
										<th>Status</th>
									</tr>
								</thead>
								<tbody>
									<tr>
										<td>Aug 27, 2020 02:45:22 PM</td>
										<td class='linked' test-id='61'>Console Errors in PMLP Pages in QA.TC008: Verify User is able to submit Banner with Microsite form in Mobile-Mba Page</td>
										<td><span class='test-status fail'>fail</span></td>
									</tr>
								</tbody>
							</table>
						</div>
					</div>
				</li>
				<li class='category displayed active'>
					<div class='category-heading'>
						<span class='category-name'>@DownloadFormCheddar</span>
						<span class='category-status right'>
							<span class='label fail'>1</span>
						</span>
					</div>
					<div class='category-content hide'>
						<div class='category-status-counts'>
							
							<span class='label red lighten-1 white-text'>Failed: 1</span>
							
						</div>
					
						<div class='category-tests'>
							<table class='bordered table-results'>
								<thead>
									<tr>
										<th>Timestamp</th>
										<th>TestName</th>
										<th>Status</th>
									</tr>
								</thead>
								<tbody>
									<tr>
										<td>Aug 27, 2020 02:46:02 PM</td>
										<td class='linked' test-id='72'>Console Errors in PMLP Pages in QA.TC009: Verify User is able to submit Download form</td>
										<td><span class='test-status fail'>fail</span></td>
									</tr>
								</tbody>
							</table>
						</div>
					</div>
				</li>
				<li class='category displayed active'>
					<div class='category-heading'>
						<span class='category-name'>@LinkedInpageMBAForm</span>
						<span class='category-status right'>
							<span class='label fail'>1</span>
						</span>
					</div>
					<div class='category-content hide'>
						<div class='category-status-counts'>
							
							<span class='label red lighten-1 white-text'>Failed: 1</span>
							
						</div>
					
						<div class='category-tests'>
							<table class='bordered table-results'>
								<thead>
									<tr>
										<th>Timestamp</th>
										<th>TestName</th>
										<th>Status</th>
									</tr>
								</thead>
								<tbody>
									<tr>
										<td>Aug 27, 2020 02:46:39 PM</td>
										<td class='linked' test-id='83'>Console Errors in PMLP Pages in QA.TC011: Verify User is able to submit form in Linked In Home page</td>
										<td><span class='test-status fail'>fail</span></td>
									</tr>
								</tbody>
							</table>
						</div>
					</div>
				</li>
				<li class='category displayed active'>
					<div class='category-heading'>
						<span class='category-name'>@SUPMLP</span>
						<span class='category-status right'>
							<span class='label fail'>6</span>
						</span>
					</div>
					<div class='category-content hide'>
						<div class='category-status-counts'>
							
							<span class='label red lighten-1 white-text'>Failed: 6</span>
							
						</div>
					
						<div class='category-tests'>
							<table class='bordered table-results'>
								<thead>
									<tr>
										<th>Timestamp</th>
										<th>TestName</th>
										<th>Status</th>
									</tr>
								</thead>
								<tbody>
									<tr>
										<td>Aug 27, 2020 02:46:39 PM</td>
										<td class='linked' test-id='83'>Console Errors in PMLP Pages in QA.TC011: Verify User is able to submit form in Linked In Home page</td>
										<td><span class='test-status fail'>fail</span></td>
									</tr>
									<tr>
										<td>Aug 27, 2020 02:47:13 PM</td>
										<td class='linked' test-id='94'>Console Errors in PMLP Pages in QA.TC012: Verify User is able to submit form in Linked In BBA page</td>
										<td><span class='test-status fail'>fail</span></td>
									</tr>
									<tr>
										<td>Aug 27, 2020 02:47:49 PM</td>
										<td class='linked' test-id='105'>Console Errors in PMLP Pages in QA.TC013: Verify User is able to submit Short form</td>
										<td><span class='test-status fail'>fail</span></td>
									</tr>
									<tr>
										<td>Aug 27, 2020 02:48:28 PM</td>
										<td class='linked' test-id='116'>Console Errors in PMLP Pages in QA.TC014: Verify User is able to submit Short form with drop downs</td>
										<td><span class='test-status fail'>fail</span></td>
									</tr>
									<tr>
										<td>Aug 27, 2020 02:49:15 PM</td>
										<td class='linked' test-id='129'>Console Errors in PMLP Pages in QA.TC015: Verify User is able to submit Two Step  form</td>
										<td><span class='test-status fail'>fail</span></td>
									</tr>
									<tr>
										<td>Aug 27, 2020 02:49:56 PM</td>
										<td class='linked' test-id='144'>Console Errors in PMLP Pages in QA.TC016: Verify User is able to submit Long form</td>
										<td><span class='test-status fail'>fail</span></td>
									</tr>
								</tbody>
							</table>
						</div>
					</div>
				</li>
				<li class='category displayed active'>
					<div class='category-heading'>
						<span class='category-name'>@LinkedInpageBBAForm</span>
						<span class='category-status right'>
							<span class='label fail'>1</span>
						</span>
					</div>
					<div class='category-content hide'>
						<div class='category-status-counts'>
							
							<span class='label red lighten-1 white-text'>Failed: 1</span>
							
						</div>
					
						<div class='category-tests'>
							<table class='bordered table-results'>
								<thead>
									<tr>
										<th>Timestamp</th>
										<th>TestName</th>
										<th>Status</th>
									</tr>
								</thead>
								<tbody>
									<tr>
										<td>Aug 27, 2020 02:47:13 PM</td>
										<td class='linked' test-id='94'>Console Errors in PMLP Pages in QA.TC012: Verify User is able to submit form in Linked In BBA page</td>
										<td><span class='test-status fail'>fail</span></td>
									</tr>
								</tbody>
							</table>
						</div>
					</div>
				</li>
				<li class='category displayed active'>
					<div class='category-heading'>
						<span class='category-name'>@ShortForm</span>
						<span class='category-status right'>
							<span class='label fail'>1</span>
						</span>
					</div>
					<div class='category-content hide'>
						<div class='category-status-counts'>
							
							<span class='label red lighten-1 white-text'>Failed: 1</span>
							
						</div>
					
						<div class='category-tests'>
							<table class='bordered table-results'>
								<thead>
									<tr>
										<th>Timestamp</th>
										<th>TestName</th>
										<th>Status</th>
									</tr>
								</thead>
								<tbody>
									<tr>
										<td>Aug 27, 2020 02:47:49 PM</td>
										<td class='linked' test-id='105'>Console Errors in PMLP Pages in QA.TC013: Verify User is able to submit Short form</td>
										<td><span class='test-status fail'>fail</span></td>
									</tr>
								</tbody>
							</table>
						</div>
					</div>
				</li>
				<li class='category displayed active'>
					<div class='category-heading'>
						<span class='category-name'>@ShortFormwithDropdown</span>
						<span class='category-status right'>
							<span class='label fail'>1</span>
						</span>
					</div>
					<div class='category-content hide'>
						<div class='category-status-counts'>
							
							<span class='label red lighten-1 white-text'>Failed: 1</span>
							
						</div>
					
						<div class='category-tests'>
							<table class='bordered table-results'>
								<thead>
									<tr>
										<th>Timestamp</th>
										<th>TestName</th>
										<th>Status</th>
									</tr>
								</thead>
								<tbody>
									<tr>
										<td>Aug 27, 2020 02:48:28 PM</td>
										<td class='linked' test-id='116'>Console Errors in PMLP Pages in QA.TC014: Verify User is able to submit Short form with drop downs</td>
										<td><span class='test-status fail'>fail</span></td>
									</tr>
								</tbody>
							</table>
						</div>
					</div>
				</li>
				<li class='category displayed active'>
					<div class='category-heading'>
						<span class='category-name'>@TwoStepForm</span>
						<span class='category-status right'>
							<span class='label fail'>1</span>
						</span>
					</div>
					<div class='category-content hide'>
						<div class='category-status-counts'>
							
							<span class='label red lighten-1 white-text'>Failed: 1</span>
							
						</div>
					
						<div class='category-tests'>
							<table class='bordered table-results'>
								<thead>
									<tr>
										<th>Timestamp</th>
										<th>TestName</th>
										<th>Status</th>
									</tr>
								</thead>
								<tbody>
									<tr>
										<td>Aug 27, 2020 02:49:15 PM</td>
										<td class='linked' test-id='129'>Console Errors in PMLP Pages in QA.TC015: Verify User is able to submit Two Step  form</td>
										<td><span class='test-status fail'>fail</span></td>
									</tr>
								</tbody>
							</table>
						</div>
					</div>
				</li>
				<li class='category displayed active'>
					<div class='category-heading'>
						<span class='category-name'>@LongForm</span>
						<span class='category-status right'>
							<span class='label fail'>1</span>
						</span>
					</div>
					<div class='category-content hide'>
						<div class='category-status-counts'>
							
							<span class='label red lighten-1 white-text'>Failed: 1</span>
							
						</div>
					
						<div class='category-tests'>
							<table class='bordered table-results'>
								<thead>
									<tr>
										<th>Timestamp</th>
										<th>TestName</th>
										<th>Status</th>
									</tr>
								</thead>
								<tbody>
									<tr>
										<td>Aug 27, 2020 02:49:56 PM</td>
										<td class='linked' test-id='144'>Console Errors in PMLP Pages in QA.TC016: Verify User is able to submit Long form</td>
										<td><span class='test-status fail'>fail</span></td>
									</tr>
								</tbody>
							</table>
						</div>
					</div>
				</li>
				<li class='category displayed active'>
					<div class='category-heading'>
						<span class='category-name'>@CheddarFormWithDropdown</span>
						<span class='category-status right'>
							<span class='label fail'>1</span>
						</span>
					</div>
					<div class='category-content hide'>
						<div class='category-status-counts'>
							
							<span class='label red lighten-1 white-text'>Failed: 1</span>
							
						</div>
					
						<div class='category-tests'>
							<table class='bordered table-results'>
								<thead>
									<tr>
										<th>Timestamp</th>
										<th>TestName</th>
										<th>Status</th>
									</tr>
								</thead>
								<tbody>
									<tr>
										<td>Aug 27, 2020 02:50:50 PM</td>
										<td class='linked' test-id='158'>Console Errors in PMLP Pages in QA.TC017: Verify User is able to submit Cheddar form</td>
										<td><span class='test-status fail'>fail</span></td>
									</tr>
								</tbody>
							</table>
						</div>
					</div>
				</li>
				<li class='category displayed active'>
					<div class='category-heading'>
						<span class='category-name'>@CheddarDownloadForm</span>
						<span class='category-status right'>
							<span class='label fail'>1</span>
						</span>
					</div>
					<div class='category-content hide'>
						<div class='category-status-counts'>
							
							<span class='label red lighten-1 white-text'>Failed: 1</span>
							
						</div>
					
						<div class='category-tests'>
							<table class='bordered table-results'>
								<thead>
									<tr>
										<th>Timestamp</th>
										<th>TestName</th>
										<th>Status</th>
									</tr>
								</thead>
								<tbody>
									<tr>
										<td>Aug 27, 2020 02:51:37 PM</td>
										<td class='linked' test-id='170'>Console Errors in PMLP Pages in QA.TC018: Verify User is able to submit Cheddar Download form</td>
										<td><span class='test-status fail'>fail</span></td>
									</tr>
								</tbody>
							</table>
						</div>
					</div>
				</li>
				<li class='category displayed active'>
					<div class='category-heading'>
						<span class='category-name'>@EmailUsForm</span>
						<span class='category-status right'>
							<span class='label fail'>1</span>
						</span>
					</div>
					<div class='category-content hide'>
						<div class='category-status-counts'>
							
							<span class='label red lighten-1 white-text'>Failed: 1</span>
							
						</div>
					
						<div class='category-tests'>
							<table class='bordered table-results'>
								<thead>
									<tr>
										<th>Timestamp</th>
										<th>TestName</th>
										<th>Status</th>
									</tr>
								</thead>
								<tbody>
									<tr>
										<td>Aug 27, 2020 02:52:20 PM</td>
										<td class='linked' test-id='182'>Console Errors in PMLP Pages in QA.TC_024: Verify user is able to subit Email Us form</td>
										<td><span class='test-status fail'>fail</span></td>
									</tr>
								</tbody>
							</table>
						</div>
					</div>
				</li>
				<li class='category displayed active'>
					<div class='category-heading'>
						<span class='category-name'>@CUEDU</span>
						<span class='category-status right'>
							<span class='label pass'>2</span>
							<span class='label fail'>4</span>
						</span>
					</div>
					<div class='category-content hide'>
						<div class='category-status-counts'>
							<span class='label green accent-4 white-text'>Passed: 2</span>
							<span class='label red lighten-1 white-text'>Failed: 4</span>
							
						</div>
					
						<div class='category-tests'>
							<table class='bordered table-results'>
								<thead>
									<tr>
										<th>Timestamp</th>
										<th>TestName</th>
										<th>Status</th>
									</tr>
								</thead>
								<tbody>
									<tr>
										<td>Aug 27, 2020 02:52:20 PM</td>
										<td class='linked' test-id='182'>Console Errors in PMLP Pages in QA.TC_024: Verify user is able to subit Email Us form</td>
										<td><span class='test-status fail'>fail</span></td>
									</tr>
									<tr>
										<td>Aug 27, 2020 02:53:23 PM</td>
										<td class='linked' test-id='199'>Console Errors in PMLP Pages in QA.TC_0025: Verify user is able to subit RFI form</td>
										<td><span class='test-status fail'>fail</span></td>
									</tr>
									<tr>
										<td>Aug 27, 2020 02:54:27 PM</td>
										<td class='linked' test-id='216'>Console Errors in PMLP Pages in QA.TC_026: Verify user is able to subit Schedule Consultation form</td>
										<td><span class='test-status pass'>pass</span></td>
									</tr>
									<tr>
										<td>Aug 27, 2020 02:55:26 PM</td>
										<td class='linked' test-id='232'>Console Errors in PMLP Pages in QA.TC_027: Verify Single Course Registration form</td>
										<td><span class='test-status pass'>pass</span></td>
									</tr>
									<tr>
										<td>Aug 27, 2020 02:56:21 PM</td>
										<td class='linked' test-id='246'>Console Errors in PMLP Pages in QA.TC_028:  Verify user is able to submit My Capella Registration form</td>
										<td><span class='test-status fail'>fail</span></td>
									</tr>
									<tr>
										<td>Aug 27, 2020 02:57:13 PM</td>
										<td class='linked' test-id='260'>Console Errors in PMLP Pages in QA.TC_031: Verify User is able to Submit PFQ Form</td>
										<td><span class='test-status fail'>fail</span></td>
									</tr>
								</tbody>
							</table>
						</div>
					</div>
				</li>
				<li class='category displayed active'>
					<div class='category-heading'>
						<span class='category-name'>@RequestInfoForm</span>
						<span class='category-status right'>
							<span class='label fail'>1</span>
						</span>
					</div>
					<div class='category-content hide'>
						<div class='category-status-counts'>
							
							<span class='label red lighten-1 white-text'>Failed: 1</span>
							
						</div>
					
						<div class='category-tests'>
							<table class='bordered table-results'>
								<thead>
									<tr>
										<th>Timestamp</th>
										<th>TestName</th>
										<th>Status</th>
									</tr>
								</thead>
								<tbody>
									<tr>
										<td>Aug 27, 2020 02:53:23 PM</td>
										<td class='linked' test-id='199'>Console Errors in PMLP Pages in QA.TC_0025: Verify user is able to subit RFI form</td>
										<td><span class='test-status fail'>fail</span></td>
									</tr>
								</tbody>
							</table>
						</div>
					</div>
				</li>
				<li class='category displayed active'>
					<div class='category-heading'>
						<span class='category-name'>@ScheduleConsultationForm</span>
						<span class='category-status right'>
							<span class='label pass'>1</span>
						</span>
					</div>
					<div class='category-content hide'>
						<div class='category-status-counts'>
							<span class='label green accent-4 white-text'>Passed: 1</span>
							
							
						</div>
					
						<div class='category-tests'>
							<table class='bordered table-results'>
								<thead>
									<tr>
										<th>Timestamp</th>
										<th>TestName</th>
										<th>Status</th>
									</tr>
								</thead>
								<tbody>
									<tr>
										<td>Aug 27, 2020 02:54:27 PM</td>
										<td class='linked' test-id='216'>Console Errors in PMLP Pages in QA.TC_026: Verify user is able to subit Schedule Consultation form</td>
										<td><span class='test-status pass'>pass</span></td>
									</tr>
								</tbody>
							</table>
						</div>
					</div>
				</li>
				<li class='category displayed active'>
					<div class='category-heading'>
						<span class='category-name'>@ReferaFriendForm</span>
						<span class='category-status right'>
							<span class='label pass'>1</span>
						</span>
					</div>
					<div class='category-content hide'>
						<div class='category-status-counts'>
							<span class='label green accent-4 white-text'>Passed: 1</span>
							
							
						</div>
					
						<div class='category-tests'>
							<table class='bordered table-results'>
								<thead>
									<tr>
										<th>Timestamp</th>
										<th>TestName</th>
										<th>Status</th>
									</tr>
								</thead>
								<tbody>
									<tr>
										<td>Aug 27, 2020 02:55:26 PM</td>
										<td class='linked' test-id='232'>Console Errors in PMLP Pages in QA.TC_027: Verify Single Course Registration form</td>
										<td><span class='test-status pass'>pass</span></td>
									</tr>
								</tbody>
							</table>
						</div>
					</div>
				</li>
				<li class='category displayed active'>
					<div class='category-heading'>
						<span class='category-name'>@RegistrationForm</span>
						<span class='category-status right'>
							<span class='label fail'>1</span>
						</span>
					</div>
					<div class='category-content hide'>
						<div class='category-status-counts'>
							
							<span class='label red lighten-1 white-text'>Failed: 1</span>
							
						</div>
					
						<div class='category-tests'>
							<table class='bordered table-results'>
								<thead>
									<tr>
										<th>Timestamp</th>
										<th>TestName</th>
										<th>Status</th>
									</tr>
								</thead>
								<tbody>
									<tr>
										<td>Aug 27, 2020 02:56:21 PM</td>
										<td class='linked' test-id='246'>Console Errors in PMLP Pages in QA.TC_028:  Verify user is able to submit My Capella Registration form</td>
										<td><span class='test-status fail'>fail</span></td>
									</tr>
								</tbody>
							</table>
						</div>
					</div>
				</li>
				<li class='category displayed active'>
					<div class='category-heading'>
						<span class='category-name'>@PFQForm</span>
						<span class='category-status right'>
							<span class='label fail'>1</span>
						</span>
					</div>
					<div class='category-content hide'>
						<div class='category-status-counts'>
							
							<span class='label red lighten-1 white-text'>Failed: 1</span>
							
						</div>
					
						<div class='category-tests'>
							<table class='bordered table-results'>
								<thead>
									<tr>
										<th>Timestamp</th>
										<th>TestName</th>
										<th>Status</th>
									</tr>
								</thead>
								<tbody>
									<tr>
										<td>Aug 27, 2020 02:57:13 PM</td>
										<td class='linked' test-id='260'>Console Errors in PMLP Pages in QA.TC_031: Verify User is able to Submit PFQ Form</td>
										<td><span class='test-status fail'>fail</span></td>
									</tr>
								</tbody>
							</table>
						</div>
					</div>
				</li>
				<li class='category displayed active'>
					<div class='category-heading'>
						<span class='category-name'>@IRFForm</span>
						<span class='category-status right'>
							<span class='label fail'>1</span>
						</span>
					</div>
					<div class='category-content hide'>
						<div class='category-status-counts'>
							
							<span class='label red lighten-1 white-text'>Failed: 1</span>
							
						</div>
					
						<div class='category-tests'>
							<table class='bordered table-results'>
								<thead>
									<tr>
										<th>Timestamp</th>
										<th>TestName</th>
										<th>Status</th>
									</tr>
								</thead>
								<tbody>
									<tr>
										<td>Aug 27, 2020 02:58:09 PM</td>
										<td class='linked' test-id='275'>Console Errors in PMLP Pages in QA.TC001:Verify user is able to submit Request Information form in Lp Bachelors Page</td>
										<td><span class='test-status fail'>fail</span></td>
									</tr>
								</tbody>
							</table>
						</div>
					</div>
				</li>
				<li class='category displayed active'>
					<div class='category-heading'>
						<span class='category-name'>@CUPMLP</span>
						<span class='category-status right'>
							<span class='label fail'>1</span>
						</span>
					</div>
					<div class='category-content hide'>
						<div class='category-status-counts'>
							
							<span class='label red lighten-1 white-text'>Failed: 1</span>
							
						</div>
					
						<div class='category-tests'>
							<table class='bordered table-results'>
								<thead>
									<tr>
										<th>Timestamp</th>
										<th>TestName</th>
										<th>Status</th>
									</tr>
								</thead>
								<tbody>
									<tr>
										<td>Aug 27, 2020 02:58:09 PM</td>
										<td class='linked' test-id='275'>Console Errors in PMLP Pages in QA.TC001:Verify user is able to submit Request Information form in Lp Bachelors Page</td>
										<td><span class='test-status fail'>fail</span></td>
									</tr>
								</tbody>
							</table>
						</div>
					</div>
				</li>

			</ul>
		</div>
	</div>

	<div class='subview-right left'>
		<div class='view-summary'>
			<h5 class='category-name'></h5>
		</div>
	</div>
</div>
<!-- category view -->
<div id='exception-view' class='view hide'>

    <section id='controls'>
        <div class='controls grey lighten-4'>
            <!-- search -->
            <div class='chip transparent' alt='Search Tests' title='Search Tests'>
                <a href="#" class='search-div'>
                    <i class='material-icons'>search</i> Search
                </a>

                <div class='input-field left hide'>
                    <input id='search-tests' type='text' class='validate browser-default' placeholder='Search Tests...'>
                </div>

            </div>
            <!-- search -->
        </div>
    </section>

    <div class='subview-left left'>

        <div class='view-summary'>
            <h5>Exceptions</h3>
                <ul id='exception-collection' class='exception-collection'>

                        <li class='exception displayed active'>
                            <div class='exception-heading'>
                                <span class='exception-name'>java.lang.AssertionError</span>
                                <span class='exception-count right'><span class='label red lighten-1 white-text'>15</span></span>
                            </div>
                            <div class='exception-content hide'>
                                <div class='exception-tests'>
                                    <table class='bordered table-results'>
                                        <thead>
                                        <tr>
                                            <th>Timestamp</th>
                                            <th>TestName</th>
                                            <th>Status</th>
                                        </tr>
                                        </thead>
                                        <tbody>
                                                    <tr>
                                                        <td>Aug 27, 2020 02:42:13 PM</td>
                                                        <td class='linked' test-id='16'>Console Errors in PMLP Pages in QA.TC020: Verify User is able to submit PEP  form.Then User should navigate to "Thank You" Thank you page</td>
                                                        <td><pre><pre>java.lang.AssertionError: Title didn't match expected [true] but found [false]
	at org.testng.Assert.fail(Assert.java:94)
	at org.testng.Assert.failNotEquals(Assert.java:494)
	at org.testng.Assert.assertEquals(Assert.java:123)
	at org.testng.Assert.assertEquals(Assert.java:286)
	at steps.FormsSteps.i_should_see_navigate_to_the_thank_page(FormsSteps.java:71)
	at ?.Then User should navigate to "Thank You" Thank you page(src/test/resources/features/Forms.feature:18)
</pre></pre></td>
                                                    </tr>
                                                    <tr>
                                                        <td>Aug 27, 2020 02:43:06 PM</td>
                                                        <td class='linked' test-id='27'>Console Errors in PMLP Pages in QA.TC001: Verify User is able to submit Banner form.Then User should navigate to "Thank You" Thank you page</td>
                                                        <td><pre><pre>java.lang.AssertionError: Title didn't match expected [true] but found [false]
	at org.testng.Assert.fail(Assert.java:94)
	at org.testng.Assert.failNotEquals(Assert.java:494)
	at org.testng.Assert.assertEquals(Assert.java:123)
	at org.testng.Assert.assertEquals(Assert.java:286)
	at steps.FormsSteps.i_should_see_navigate_to_the_thank_page(FormsSteps.java:71)
	at ?.Then User should navigate to "Thank You" Thank you page(src/test/resources/features/Forms.feature:31)
</pre></pre></td>
                                                    </tr>
                                                    <tr>
                                                        <td>Aug 27, 2020 02:43:54 PM</td>
                                                        <td class='linked' test-id='38'>Console Errors in PMLP Pages in QA.TC002: Verify User is able to submit footer  form.Then User should navigate to "Thank You" Thank you page</td>
                                                        <td><pre><pre>java.lang.AssertionError: Title didn't match expected [true] but found [false]
	at org.testng.Assert.fail(Assert.java:94)
	at org.testng.Assert.failNotEquals(Assert.java:494)
	at org.testng.Assert.assertEquals(Assert.java:123)
	at org.testng.Assert.assertEquals(Assert.java:286)
	at steps.FormsSteps.i_should_see_navigate_to_the_thank_page(FormsSteps.java:71)
	at ?.Then User should navigate to "Thank You" Thank you page(src/test/resources/features/Forms.feature:44)
</pre></pre></td>
                                                    </tr>
                                                    <tr>
                                                        <td>Aug 27, 2020 02:44:32 PM</td>
                                                        <td class='linked' test-id='49'>Console Errors in PMLP Pages in QA.TC006: Verify User is able to submit MBA download form.Then User should see the "Thank you page - RFI " text on page</td>
                                                        <td><pre><pre>java.lang.AssertionError: Title didn't match expected [true] but found [false]
	at org.testng.Assert.fail(Assert.java:94)
	at org.testng.Assert.failNotEquals(Assert.java:494)
	at org.testng.Assert.assertEquals(Assert.java:123)
	at org.testng.Assert.assertEquals(Assert.java:286)
	at steps.FooterSteps.i_should_see_the_text_on_pages(FooterSteps.java:176)
	at ?.Then User should see the "Thank you page - RFI " text on page(src/test/resources/features/Forms.feature:57)
</pre></pre></td>
                                                    </tr>
                                                    <tr>
                                                        <td>Aug 27, 2020 02:45:13 PM</td>
                                                        <td class='linked' test-id='60'>Console Errors in PMLP Pages in QA.TC007: Verify User is able to submit Banner with Microsite form.Then User should see the "Thank you page - RFI | Digital Entrepreneurship MBA" text on page</td>
                                                        <td><pre><pre>java.lang.AssertionError: Title didn't match expected [true] but found [false]
	at org.testng.Assert.fail(Assert.java:94)
	at org.testng.Assert.failNotEquals(Assert.java:494)
	at org.testng.Assert.assertEquals(Assert.java:123)
	at org.testng.Assert.assertEquals(Assert.java:286)
	at steps.FooterSteps.i_should_see_the_text_on_pages(FooterSteps.java:176)
	at ?.Then User should see the "Thank you page - RFI | Digital Entrepreneurship MBA" text on page(src/test/resources/features/Forms.feature:70)
</pre></pre></td>
                                                    </tr>
                                                    <tr>
                                                        <td>Aug 27, 2020 02:45:54 PM</td>
                                                        <td class='linked' test-id='71'>Console Errors in PMLP Pages in QA.TC008: Verify User is able to submit Banner with Microsite form in Mobile-Mba Page.Then User should see the "Thank you page - RFI | Digital Entrepreneurship MBA" text on page</td>
                                                        <td><pre><pre>java.lang.AssertionError: Title didn't match expected [true] but found [false]
	at org.testng.Assert.fail(Assert.java:94)
	at org.testng.Assert.failNotEquals(Assert.java:494)
	at org.testng.Assert.assertEquals(Assert.java:123)
	at org.testng.Assert.assertEquals(Assert.java:286)
	at steps.FooterSteps.i_should_see_the_text_on_pages(FooterSteps.java:176)
	at ?.Then User should see the "Thank you page - RFI | Digital Entrepreneurship MBA" text on page(src/test/resources/features/Forms.feature:83)
</pre></pre></td>
                                                    </tr>
                                                    <tr>
                                                        <td>Aug 27, 2020 02:46:30 PM</td>
                                                        <td class='linked' test-id='82'>Console Errors in PMLP Pages in QA.TC009: Verify User is able to submit Download form.Then User should see the "Thank you page - RFI " text on page</td>
                                                        <td><pre><pre>java.lang.AssertionError: Title didn't match expected [true] but found [false]
	at org.testng.Assert.fail(Assert.java:94)
	at org.testng.Assert.failNotEquals(Assert.java:494)
	at org.testng.Assert.assertEquals(Assert.java:123)
	at org.testng.Assert.assertEquals(Assert.java:286)
	at steps.FooterSteps.i_should_see_the_text_on_pages(FooterSteps.java:176)
	at ?.Then User should see the "Thank you page - RFI " text on page(src/test/resources/features/Forms.feature:96)
</pre></pre></td>
                                                    </tr>
                                                    <tr>
                                                        <td>Aug 27, 2020 02:47:04 PM</td>
                                                        <td class='linked' test-id='93'>Console Errors in PMLP Pages in QA.TC011: Verify User is able to submit form in Linked In Home page.Then User should see the "Strayer University :: Thank You" text on page</td>
                                                        <td><pre><pre>java.lang.AssertionError: Title didn't match expected [true] but found [false]
	at org.testng.Assert.fail(Assert.java:94)
	at org.testng.Assert.failNotEquals(Assert.java:494)
	at org.testng.Assert.assertEquals(Assert.java:123)
	at org.testng.Assert.assertEquals(Assert.java:286)
	at steps.FooterSteps.i_should_see_the_text_on_pages(FooterSteps.java:176)
	at ?.Then User should see the "Strayer University :: Thank You" text on page(src/test/resources/features/Forms.feature:109)
</pre></pre></td>
                                                    </tr>
                                                    <tr>
                                                        <td>Aug 27, 2020 02:47:41 PM</td>
                                                        <td class='linked' test-id='104'>Console Errors in PMLP Pages in QA.TC012: Verify User is able to submit form in Linked In BBA page.Then User should see the "Strayer University :: Thank You" text on page</td>
                                                        <td><pre><pre>java.lang.AssertionError: Title didn't match expected [true] but found [false]
	at org.testng.Assert.fail(Assert.java:94)
	at org.testng.Assert.failNotEquals(Assert.java:494)
	at org.testng.Assert.assertEquals(Assert.java:123)
	at org.testng.Assert.assertEquals(Assert.java:286)
	at steps.FooterSteps.i_should_see_the_text_on_pages(FooterSteps.java:176)
	at ?.Then User should see the "Strayer University :: Thank You" text on page(src/test/resources/features/Forms.feature:122)
</pre></pre></td>
                                                    </tr>
                                                    <tr>
                                                        <td>Aug 27, 2020 02:48:19 PM</td>
                                                        <td class='linked' test-id='115'>Console Errors in PMLP Pages in QA.TC013: Verify User is able to submit Short form.Then User should see the "Strayer University :: Thank You" text on page</td>
                                                        <td><pre><pre>java.lang.AssertionError: Title didn't match expected [true] but found [false]
	at org.testng.Assert.fail(Assert.java:94)
	at org.testng.Assert.failNotEquals(Assert.java:494)
	at org.testng.Assert.assertEquals(Assert.java:123)
	at org.testng.Assert.assertEquals(Assert.java:286)
	at steps.FooterSteps.i_should_see_the_text_on_pages(FooterSteps.java:176)
	at ?.Then User should see the "Strayer University :: Thank You" text on page(src/test/resources/features/Forms.feature:135)
</pre></pre></td>
                                                    </tr>
                                                    <tr>
                                                        <td>Aug 27, 2020 02:49:06 PM</td>
                                                        <td class='linked' test-id='128'>Console Errors in PMLP Pages in QA.TC014: Verify User is able to submit Short form with drop downs.Then User should see the "Strayer University : Thank You" text on page</td>
                                                        <td><pre><pre>java.lang.AssertionError: Title didn't match expected [true] but found [false]
	at org.testng.Assert.fail(Assert.java:94)
	at org.testng.Assert.failNotEquals(Assert.java:494)
	at org.testng.Assert.assertEquals(Assert.java:123)
	at org.testng.Assert.assertEquals(Assert.java:286)
	at steps.FooterSteps.i_should_see_the_text_on_pages(FooterSteps.java:176)
	at ?.Then User should see the "Strayer University : Thank You" text on page(src/test/resources/features/Forms.feature:150)
</pre></pre></td>
                                                    </tr>
                                                    <tr>
                                                        <td>Aug 27, 2020 02:50:41 PM</td>
                                                        <td class='linked' test-id='157'>Console Errors in PMLP Pages in QA.TC016: Verify User is able to submit Long form.And User should see the "Strayer University :: Thank You" text on page</td>
                                                        <td><pre><pre>java.lang.AssertionError: Title didn't match expected [true] but found [false]
	at org.testng.Assert.fail(Assert.java:94)
	at org.testng.Assert.failNotEquals(Assert.java:494)
	at org.testng.Assert.assertEquals(Assert.java:123)
	at org.testng.Assert.assertEquals(Assert.java:286)
	at steps.FooterSteps.i_should_see_the_text_on_pages(FooterSteps.java:176)
	at ?.And User should see the "Strayer University :: Thank You" text on page(src/test/resources/features/Forms.feature:184)
</pre></pre></td>
                                                    </tr>
                                                    <tr>
                                                        <td>Aug 27, 2020 02:51:28 PM</td>
                                                        <td class='linked' test-id='169'>Console Errors in PMLP Pages in QA.TC017: Verify User is able to submit Cheddar form.Then User should see the "Thank you page - RFI | Digital Entrepreneurship MBA" text on page</td>
                                                        <td><pre><pre>java.lang.AssertionError: Title didn't match expected [true] but found [false]
	at org.testng.Assert.fail(Assert.java:94)
	at org.testng.Assert.failNotEquals(Assert.java:494)
	at org.testng.Assert.assertEquals(Assert.java:123)
	at org.testng.Assert.assertEquals(Assert.java:286)
	at steps.FooterSteps.i_should_see_the_text_on_pages(FooterSteps.java:176)
	at ?.Then User should see the "Thank you page - RFI | Digital Entrepreneurship MBA" text on page(src/test/resources/features/Forms.feature:198)
</pre></pre></td>
                                                    </tr>
                                                    <tr>
                                                        <td>Aug 27, 2020 02:52:11 PM</td>
                                                        <td class='linked' test-id='181'>Console Errors in PMLP Pages in QA.TC018: Verify User is able to submit Cheddar Download form.Then User should see the "Thank you page - RFI " text on page</td>
                                                        <td><pre><pre>java.lang.AssertionError: Title didn't match expected [true] but found [false]
	at org.testng.Assert.fail(Assert.java:94)
	at org.testng.Assert.failNotEquals(Assert.java:494)
	at org.testng.Assert.assertEquals(Assert.java:123)
	at org.testng.Assert.assertEquals(Assert.java:286)
	at steps.FooterSteps.i_should_see_the_text_on_pages(FooterSteps.java:176)
	at ?.Then User should see the "Thank you page - RFI " text on page(src/test/resources/features/Forms.feature:212)
</pre></pre></td>
                                                    </tr>
                                                    <tr>
                                                        <td>Aug 27, 2020 02:56:47 PM</td>
                                                        <td class='linked' test-id='259'>Console Errors in PMLP Pages in QA.TC_028:  Verify user is able to submit My Capella Registration form.Then User should see the "MY PROFILE" text on My Capella Dashboard</td>
                                                        <td><pre><pre>java.lang.AssertionError: Title didn't match expected [true] but found [false]
	at org.testng.Assert.fail(Assert.java:94)
	at org.testng.Assert.failNotEquals(Assert.java:494)
	at org.testng.Assert.assertEquals(Assert.java:123)
	at org.testng.Assert.assertEquals(Assert.java:286)
	at steps.FormsSteps.i_should_see_the_something_text_on_my_capella_dashboard(FormsSteps.java:1044)
	at ?.Then User should see the "MY PROFILE" text on My Capella Dashboard(src/test/resources/features/Forms.feature:300)
</pre></pre></td>
                                                    </tr>
                                        </tbody>
                                    </table>
                                </div>
                            </div>
                        </li>
                        <li class='exception displayed active'>
                            <div class='exception-heading'>
                                <span class='exception-name'>org.openqa.selenium.ElementNotVisibleException</span>
                                <span class='exception-count right'><span class='label red lighten-1 white-text'>1</span></span>
                            </div>
                            <div class='exception-content hide'>
                                <div class='exception-tests'>
                                    <table class='bordered table-results'>
                                        <thead>
                                        <tr>
                                            <th>Timestamp</th>
                                            <th>TestName</th>
                                            <th>Status</th>
                                        </tr>
                                        </thead>
                                        <tbody>
                                                    <tr>
                                                        <td>Aug 27, 2020 02:49:47 PM</td>
                                                        <td class='linked' test-id='138'>Console Errors in PMLP Pages in QA.TC015: Verify User is able to submit Two Step  form.And User select "MBA" as Degree in Two Step form</td>
                                                        <td><pre><pre>org.openqa.selenium.ElementNotVisibleException: element not interactable
  (Session info: chrome=85.0.4183.83)
  (Driver info: chromedriver=85.0.4183.83 (94abc2237ae0c9a4cb5f035431c8adfb94324633-refs/branch-heads/4183@{#1658}),platform=Windows NT 10.0.17763 x86_64) (WARNING: The server did not provide any stacktrace information)
Command duration or timeout: 14 milliseconds
Build info: version: '2.53.0', revision: '35ae25b1534ae328c771e0856c93e187490ca824', time: '2016-03-15 10:43:46'
System info: host: 'SEIXDTCDj000126', ip: '10.121.166.24', os.name: 'Windows 10', os.arch: 'amd64', os.version: '10.0', java.version: '1.8.0_222'
Driver info: org.openqa.selenium.chrome.ChromeDriver
Capabilities [{mobileEmulationEnabled=false, timeouts={implicit=0, pageLoad=300000, script=30000}, hasTouchScreen=false, platform=XP, acceptSslCerts=false, goog:chromeOptions={debuggerAddress=localhost:64945}, acceptInsecureCerts=false, webStorageEnabled=true, browserName=chrome, takesScreenshot=true, javascriptEnabled=true, setWindowRect=true, unexpectedAlertBehaviour=ignore, applicationCacheEnabled=false, rotatable=false, networkConnectionEnabled=false, chrome={chromedriverVersion=85.0.4183.83 (94abc2237ae0c9a4cb5f035431c8adfb94324633-refs/branch-heads/4183@{#1658}), userDataDir=C:\Users\PAAVULA\AppData\Local\Temp\scoped_dir9832_2053053405}, takesHeapSnapshot=true, pageLoadStrategy=normal, strictFileInteractability=false, databaseEnabled=false, handlesAlerts=true, version=85.0.4183.83, browserConnectionEnabled=false, proxy={}, nativeEvents=true, locationContextEnabled=true, cssSelectorsEnabled=true, webauthn:virtualAuthenticators=true}]
Session ID: 3e602e93f6c2ec1a9c4a2db7fa75442f
	at sun.reflect.NativeConstructorAccessorImpl.newInstance0(Native Method)
	at sun.reflect.NativeConstructorAccessorImpl.newInstance(NativeConstructorAccessorImpl.java:62)
	at sun.reflect.DelegatingConstructorAccessorImpl.newInstance(DelegatingConstructorAccessorImpl.java:45)
	at java.lang.reflect.Constructor.newInstance(Constructor.java:423)
	at org.openqa.selenium.remote.ErrorHandler.createThrowable(ErrorHandler.java:206)
	at org.openqa.selenium.remote.ErrorHandler.throwIfResponseFailed(ErrorHandler.java:158)
	at org.openqa.selenium.remote.RemoteWebDriver.execute(RemoteWebDriver.java:678)
	at org.openqa.selenium.remote.RemoteWebElement.execute(RemoteWebElement.java:327)
	at org.openqa.selenium.remote.RemoteWebElement.click(RemoteWebElement.java:85)
	at sun.reflect.GeneratedMethodAccessor23.invoke(Unknown Source)
	at sun.reflect.DelegatingMethodAccessorImpl.invoke(DelegatingMethodAccessorImpl.java:43)
	at java.lang.reflect.Method.invoke(Method.java:498)
	at org.openqa.selenium.support.pagefactory.internal.LocatingElementHandler.invoke(LocatingElementHandler.java:51)
	at com.sun.proxy.$Proxy27.click(Unknown Source)
	at pages.actions.FormsActions.selectDegree2sf(FormsActions.java:717)
	at steps.FormsSteps.i_select_as_Degree_in_two_step_form(FormsSteps.java:838)
	at ?.And User select "MBA" as Degree in Two Step form(src/test/resources/features/Forms.feature:162)
</pre></pre></td>
                                                    </tr>
                                        </tbody>
                                    </table>
                                </div>
                            </div>
                        </li>
                        <li class='exception displayed active'>
                            <div class='exception-heading'>
                                <span class='exception-name'>org.openqa.selenium.NoSuchElementException</span>
                                <span class='exception-count right'><span class='label red lighten-1 white-text'>4</span></span>
                            </div>
                            <div class='exception-content hide'>
                                <div class='exception-tests'>
                                    <table class='bordered table-results'>
                                        <thead>
                                        <tr>
                                            <th>Timestamp</th>
                                            <th>TestName</th>
                                            <th>Status</th>
                                        </tr>
                                        </thead>
                                        <tbody>
                                                    <tr>
                                                        <td>Aug 27, 2020 02:53:16 PM</td>
                                                        <td class='linked' test-id='197'>Console Errors in PMLP Pages in QA.TC_024: Verify user is able to subit Email Us form.And User should see "Thank you,Email." in the Thankyou Page for EmailUs Form</td>
                                                        <td><pre><pre>org.openqa.selenium.NoSuchElementException: no such element: Unable to locate element: {"method":"xpath","selector":"//h2[@class='h1']"}
  (Session info: chrome=85.0.4183.83)
  (Driver info: chromedriver=85.0.4183.83 (94abc2237ae0c9a4cb5f035431c8adfb94324633-refs/branch-heads/4183@{#1658}),platform=Windows NT 10.0.17763 x86_64) (WARNING: The server did not provide any stacktrace information)
Command duration or timeout: 7 milliseconds
For documentation on this error, please visit: http://seleniumhq.org/exceptions/no_such_element.html
Build info: version: '2.53.0', revision: '35ae25b1534ae328c771e0856c93e187490ca824', time: '2016-03-15 10:43:46'
System info: host: 'SEIXDTCDj000126', ip: '10.121.166.24', os.name: 'Windows 10', os.arch: 'amd64', os.version: '10.0', java.version: '1.8.0_222'
Driver info: org.openqa.selenium.chrome.ChromeDriver
Capabilities [{mobileEmulationEnabled=false, timeouts={implicit=0, pageLoad=300000, script=30000}, hasTouchScreen=false, platform=XP, acceptSslCerts=false, goog:chromeOptions={debuggerAddress=localhost:65276}, acceptInsecureCerts=false, webStorageEnabled=true, browserName=chrome, takesScreenshot=true, javascriptEnabled=true, setWindowRect=true, unexpectedAlertBehaviour=ignore, applicationCacheEnabled=false, rotatable=false, networkConnectionEnabled=false, chrome={chromedriverVersion=85.0.4183.83 (94abc2237ae0c9a4cb5f035431c8adfb94324633-refs/branch-heads/4183@{#1658}), userDataDir=C:\Users\PAAVULA\AppData\Local\Temp\scoped_dir3888_223978088}, takesHeapSnapshot=true, pageLoadStrategy=normal, strictFileInteractability=false, databaseEnabled=false, handlesAlerts=true, version=85.0.4183.83, browserConnectionEnabled=false, proxy={}, nativeEvents=true, locationContextEnabled=true, cssSelectorsEnabled=true, webauthn:virtualAuthenticators=true}]
Session ID: b442e4f55a1ae9da44c6358e2601f77c
*** Element info: {Using=xpath, value=//h2[@class='h1']}
	at sun.reflect.NativeConstructorAccessorImpl.newInstance0(Native Method)
	at sun.reflect.NativeConstructorAccessorImpl.newInstance(NativeConstructorAccessorImpl.java:62)
	at sun.reflect.DelegatingConstructorAccessorImpl.newInstance(DelegatingConstructorAccessorImpl.java:45)
	at java.lang.reflect.Constructor.newInstance(Constructor.java:423)
	at org.openqa.selenium.remote.ErrorHandler.createThrowable(ErrorHandler.java:206)
	at org.openqa.selenium.remote.ErrorHandler.throwIfResponseFailed(ErrorHandler.java:158)
	at org.openqa.selenium.remote.RemoteWebDriver.execute(RemoteWebDriver.java:678)
	at org.openqa.selenium.remote.RemoteWebDriver.findElement(RemoteWebDriver.java:363)
	at org.openqa.selenium.remote.RemoteWebDriver.findElementByXPath(RemoteWebDriver.java:500)
	at org.openqa.selenium.By$ByXPath.findElement(By.java:361)
	at org.openqa.selenium.remote.RemoteWebDriver.findElement(RemoteWebDriver.java:355)
	at org.openqa.selenium.support.pagefactory.DefaultElementLocator.findElement(DefaultElementLocator.java:69)
	at org.openqa.selenium.support.pagefactory.internal.LocatingElementHandler.invoke(LocatingElementHandler.java:38)
	at com.sun.proxy.$Proxy27.getCoordinates(Unknown Source)
	at org.openqa.selenium.interactions.internal.MouseAction.getActionLocation(MouseAction.java:51)
	at org.openqa.selenium.interactions.MoveMouseAction.perform(MoveMouseAction.java:39)
	at org.openqa.selenium.interactions.CompositeAction.perform(CompositeAction.java:50)
	at org.openqa.selenium.interactions.Actions.perform(Actions.java:373)
	at pages.actions.FormsActions.moveToMenu(FormsActions.java:30)
	at pages.actions.FormsActions.getThnTxtwinodw(FormsActions.java:1323)
	at steps.FormsSteps.i_should_see_something_in_the_thankyou_page_for_emailus_form(FormsSteps.java:1289)
	at ?.And User should see "Thank you,Email." in the Thankyou Page for EmailUs Form(src/test/resources/features/Forms.feature:230)
</pre></pre></td>
                                                    </tr>
                                                    <tr>
                                                        <td>Aug 27, 2020 02:54:21 PM</td>
                                                        <td class='linked' test-id='214'>Console Errors in PMLP Pages in QA.TC_0025: Verify user is able to subit RFI form.And User should see "Thank you,Request Info." in the Thankyou Page for EmailUs Form</td>
                                                        <td><pre><pre>org.openqa.selenium.NoSuchElementException: no such element: Unable to locate element: {"method":"xpath","selector":"//h2[@class='h1']"}
  (Session info: chrome=85.0.4183.83)
  (Driver info: chromedriver=85.0.4183.83 (94abc2237ae0c9a4cb5f035431c8adfb94324633-refs/branch-heads/4183@{#1658}),platform=Windows NT 10.0.17763 x86_64) (WARNING: The server did not provide any stacktrace information)
Command duration or timeout: 7 milliseconds
For documentation on this error, please visit: http://seleniumhq.org/exceptions/no_such_element.html
Build info: version: '2.53.0', revision: '35ae25b1534ae328c771e0856c93e187490ca824', time: '2016-03-15 10:43:46'
System info: host: 'SEIXDTCDj000126', ip: '10.121.166.24', os.name: 'Windows 10', os.arch: 'amd64', os.version: '10.0', java.version: '1.8.0_222'
Driver info: org.openqa.selenium.chrome.ChromeDriver
Capabilities [{mobileEmulationEnabled=false, timeouts={implicit=0, pageLoad=300000, script=30000}, hasTouchScreen=false, platform=XP, acceptSslCerts=false, goog:chromeOptions={debuggerAddress=localhost:65378}, acceptInsecureCerts=false, webStorageEnabled=true, browserName=chrome, takesScreenshot=true, javascriptEnabled=true, setWindowRect=true, unexpectedAlertBehaviour=ignore, applicationCacheEnabled=false, rotatable=false, networkConnectionEnabled=false, chrome={chromedriverVersion=85.0.4183.83 (94abc2237ae0c9a4cb5f035431c8adfb94324633-refs/branch-heads/4183@{#1658}), userDataDir=C:\Users\PAAVULA\AppData\Local\Temp\scoped_dir2372_1793100511}, takesHeapSnapshot=true, pageLoadStrategy=normal, strictFileInteractability=false, databaseEnabled=false, handlesAlerts=true, version=85.0.4183.83, browserConnectionEnabled=false, proxy={}, nativeEvents=true, locationContextEnabled=true, cssSelectorsEnabled=true, webauthn:virtualAuthenticators=true}]
Session ID: f97e3d80f77a733e6073f1ef6bb5c5ba
*** Element info: {Using=xpath, value=//h2[@class='h1']}
	at sun.reflect.GeneratedConstructorAccessor47.newInstance(Unknown Source)
	at sun.reflect.DelegatingConstructorAccessorImpl.newInstance(DelegatingConstructorAccessorImpl.java:45)
	at java.lang.reflect.Constructor.newInstance(Constructor.java:423)
	at org.openqa.selenium.remote.ErrorHandler.createThrowable(ErrorHandler.java:206)
	at org.openqa.selenium.remote.ErrorHandler.throwIfResponseFailed(ErrorHandler.java:158)
	at org.openqa.selenium.remote.RemoteWebDriver.execute(RemoteWebDriver.java:678)
	at org.openqa.selenium.remote.RemoteWebDriver.findElement(RemoteWebDriver.java:363)
	at org.openqa.selenium.remote.RemoteWebDriver.findElementByXPath(RemoteWebDriver.java:500)
	at org.openqa.selenium.By$ByXPath.findElement(By.java:361)
	at org.openqa.selenium.remote.RemoteWebDriver.findElement(RemoteWebDriver.java:355)
	at org.openqa.selenium.support.pagefactory.DefaultElementLocator.findElement(DefaultElementLocator.java:69)
	at org.openqa.selenium.support.pagefactory.internal.LocatingElementHandler.invoke(LocatingElementHandler.java:38)
	at com.sun.proxy.$Proxy27.getCoordinates(Unknown Source)
	at org.openqa.selenium.interactions.internal.MouseAction.getActionLocation(MouseAction.java:51)
	at org.openqa.selenium.interactions.MoveMouseAction.perform(MoveMouseAction.java:39)
	at org.openqa.selenium.interactions.CompositeAction.perform(CompositeAction.java:50)
	at org.openqa.selenium.interactions.Actions.perform(Actions.java:373)
	at pages.actions.FormsActions.moveToMenu(FormsActions.java:30)
	at pages.actions.FormsActions.getThnTxtwinodw(FormsActions.java:1323)
	at steps.FormsSteps.i_should_see_something_in_the_thankyou_page_for_emailus_form(FormsSteps.java:1289)
	at ?.And User should see "Thank you,Request Info." in the Thankyou Page for EmailUs Form(src/test/resources/features/Forms.feature:249)
</pre></pre></td>
                                                    </tr>
                                                    <tr>
                                                        <td>Aug 27, 2020 02:58:05 PM</td>
                                                        <td class='linked' test-id='264'>Console Errors in PMLP Pages in QA.TC_031: Verify User is able to Submit PFQ Form.And User select "Certificate" as Degree</td>
                                                        <td><pre><textarea>org.openqa.selenium.NoSuchElementException: no such element: Unable to locate element: {"method":"xpath","selector":"//*[@id='degree_code']"}
  (Session info: chrome=85.0.4183.83)
  (Driver info: chromedriver=85.0.4183.83 (94abc2237ae0c9a4cb5f035431c8adfb94324633-refs/branch-heads/4183@{#1658}),platform=Windows NT 10.0.17763 x86_64) (WARNING: The server did not provide any stacktrace information)
Command duration or timeout: 31 milliseconds
For documentation on this error, please visit: http://seleniumhq.org/exceptions/no_such_element.html
Build info: version: '2.53.0', revision: '35ae25b1534ae328c771e0856c93e187490ca824', time: '2016-03-15 10:43:46'
System info: host: 'SEIXDTCDj000126', ip: '10.121.166.24', os.name: 'Windows 10', os.arch: 'amd64', os.version: '10.0', java.version: '1.8.0_222'
Driver info: org.openqa.selenium.chrome.ChromeDriver
Capabilities [{mobileEmulationEnabled=false, timeouts={implicit=0, pageLoad=300000, script=30000}, hasTouchScreen=false, platform=XP, acceptSslCerts=false, goog:chromeOptions={debuggerAddress=localhost:49419}, acceptInsecureCerts=false, webStorageEnabled=true, browserName=chrome, takesScreenshot=true, javascriptEnabled=true, setWindowRect=true, unexpectedAlertBehaviour=ignore, applicationCacheEnabled=false, rotatable=false, networkConnectionEnabled=false, chrome={chromedriverVersion=85.0.4183.83 (94abc2237ae0c9a4cb5f035431c8adfb94324633-refs/branch-heads/4183@{#1658}), userDataDir=C:\Users\PAAVULA\AppData\Local\Temp\scoped_dir9652_1530918767}, takesHeapSnapshot=true, pageLoadStrategy=normal, strictFileInteractability=false, databaseEnabled=false, handlesAlerts=true, version=85.0.4183.83, browserConnectionEnabled=false, proxy={}, nativeEvents=true, locationContextEnabled=true, cssSelectorsEnabled=true, webauthn:virtualAuthenticators=true}]
Session ID: 041fe75311aedd8c6686e009e43b615e
*** Element info: {Using=xpath, value=//*[@id='degree_code']}
	at sun.reflect.GeneratedConstructorAccessor47.newInstance(Unknown Source)
	at sun.reflect.DelegatingConstructorAccessorImpl.newInstance(DelegatingConstructorAccessorImpl.java:45)
	at java.lang.reflect.Constructor.newInstance(Constructor.java:423)
	at org.openqa.selenium.remote.ErrorHandler.createThrowable(ErrorHandler.java:206)
	at org.openqa.selenium.remote.ErrorHandler.throwIfResponseFailed(ErrorHandler.java:158)
	at org.openqa.selenium.remote.RemoteWebDriver.execute(RemoteWebDriver.java:678)
	at org.openqa.selenium.remote.RemoteWebDriver.findElement(RemoteWebDriver.java:363)
	at org.openqa.selenium.remote.RemoteWebDriver.findElementByXPath(RemoteWebDriver.java:500)
	at org.openqa.selenium.By$ByXPath.findElement(By.java:361)
	at org.openqa.selenium.remote.RemoteWebDriver.findElement(RemoteWebDriver.java:355)
	at org.openqa.selenium.support.pagefactory.DefaultElementLocator.findElement(DefaultElementLocator.java:69)
	at org.openqa.selenium.support.pagefactory.internal.LocatingElementHandler.invoke(LocatingElementHandler.java:38)
	at com.sun.proxy.$Proxy27.getTagName(Unknown Source)
	at org.openqa.selenium.support.ui.Select.<init>(Select.java:44)
	at pages.actions.FormsActions.PFQSelectDegree(FormsActions.java:1712)
	at steps.FormsSteps.user_select_something_as_degree(FormsSteps.java:1978)
	at ?.And User select "Certificate" as Degree(src/test/resources/features/Forms.feature:307)
</textarea></pre></td>
                                                    </tr>
                                                    <tr>
                                                        <td>Aug 27, 2020 02:58:43 PM</td>
                                                        <td class='linked' test-id='288'>Console Errors in PMLP Pages in QA.TC001:Verify user is able to submit Request Information form in Lp Bachelors Page.And User should see "Thank you," in the Thankyou Page for LP Form</td>
                                                        <td><pre><pre>org.openqa.selenium.NoSuchElementException: no such element: Unable to locate element: {"method":"xpath","selector":"//div[@class='title-section px-3 d-none d-md-block']"}
  (Session info: chrome=85.0.4183.83)
  (Driver info: chromedriver=85.0.4183.83 (94abc2237ae0c9a4cb5f035431c8adfb94324633-refs/branch-heads/4183@{#1658}),platform=Windows NT 10.0.17763 x86_64) (WARNING: The server did not provide any stacktrace information)
Command duration or timeout: 9 milliseconds
For documentation on this error, please visit: http://seleniumhq.org/exceptions/no_such_element.html
Build info: version: '2.53.0', revision: '35ae25b1534ae328c771e0856c93e187490ca824', time: '2016-03-15 10:43:46'
System info: host: 'SEIXDTCDj000126', ip: '10.121.166.24', os.name: 'Windows 10', os.arch: 'amd64', os.version: '10.0', java.version: '1.8.0_222'
Driver info: org.openqa.selenium.chrome.ChromeDriver
Capabilities [{mobileEmulationEnabled=false, timeouts={implicit=0, pageLoad=300000, script=30000}, hasTouchScreen=false, platform=XP, acceptSslCerts=false, goog:chromeOptions={debuggerAddress=localhost:49528}, acceptInsecureCerts=false, webStorageEnabled=true, browserName=chrome, takesScreenshot=true, javascriptEnabled=true, setWindowRect=true, unexpectedAlertBehaviour=ignore, applicationCacheEnabled=false, rotatable=false, networkConnectionEnabled=false, chrome={chromedriverVersion=85.0.4183.83 (94abc2237ae0c9a4cb5f035431c8adfb94324633-refs/branch-heads/4183@{#1658}), userDataDir=C:\Users\PAAVULA\AppData\Local\Temp\scoped_dir3280_916461280}, takesHeapSnapshot=true, pageLoadStrategy=normal, strictFileInteractability=false, databaseEnabled=false, handlesAlerts=true, version=85.0.4183.83, browserConnectionEnabled=false, proxy={}, nativeEvents=true, locationContextEnabled=true, cssSelectorsEnabled=true, webauthn:virtualAuthenticators=true}]
Session ID: d22d701b286edb9565fdbb94d3a257be
*** Element info: {Using=xpath, value=//div[@class='title-section px-3 d-none d-md-block']}
	at sun.reflect.GeneratedConstructorAccessor47.newInstance(Unknown Source)
	at sun.reflect.DelegatingConstructorAccessorImpl.newInstance(DelegatingConstructorAccessorImpl.java:45)
	at java.lang.reflect.Constructor.newInstance(Constructor.java:423)
	at org.openqa.selenium.remote.ErrorHandler.createThrowable(ErrorHandler.java:206)
	at org.openqa.selenium.remote.ErrorHandler.throwIfResponseFailed(ErrorHandler.java:158)
	at org.openqa.selenium.remote.RemoteWebDriver.execute(RemoteWebDriver.java:678)
	at org.openqa.selenium.remote.RemoteWebDriver.findElement(RemoteWebDriver.java:363)
	at org.openqa.selenium.remote.RemoteWebDriver.findElementByXPath(RemoteWebDriver.java:500)
	at org.openqa.selenium.By$ByXPath.findElement(By.java:361)
	at org.openqa.selenium.remote.RemoteWebDriver.findElement(RemoteWebDriver.java:355)
	at org.openqa.selenium.support.pagefactory.DefaultElementLocator.findElement(DefaultElementLocator.java:69)
	at org.openqa.selenium.support.pagefactory.internal.LocatingElementHandler.invoke(LocatingElementHandler.java:38)
	at com.sun.proxy.$Proxy27.getCoordinates(Unknown Source)
	at org.openqa.selenium.interactions.internal.MouseAction.getActionLocation(MouseAction.java:51)
	at org.openqa.selenium.interactions.MoveMouseAction.perform(MoveMouseAction.java:39)
	at org.openqa.selenium.interactions.CompositeAction.perform(CompositeAction.java:50)
	at org.openqa.selenium.interactions.Actions.perform(Actions.java:373)
	at pages.actions.FormsActions.moveToMenu(FormsActions.java:30)
	at pages.actions.FormsActions.getThnTxPage(FormsActions.java:1588)
	at steps.FormsSteps.i_should_see_something_in_the_thankyou_page_for_LP_form(FormsSteps.java:1827)
	at ?.And User should see "Thank you," in the Thankyou Page for LP Form(src/test/resources/features/Forms.feature:334)
</pre></pre></td>
                                                    </tr>
                                        </tbody>
                                    </table>
                                </div>
                            </div>
                        </li>
                </ul>
        </div>
    </div>

    <div class='subview-right left'>
        <div class='view-summary'>
            <h5 class='exception-name'></h5>
        </div>
    </div>
</div>
<!-- exception view -->
<div id='dashboard-view' class='view hide'>
	<div class='card-panel transparent np-v'>
		<h5>Dashboard</h5>

		<div class='row'>
			<div class='col s2'>
				<div class='card-panel r'>
					Features
					<div class='panel-lead'>1</div>
				</div>
			</div>
			<div class='col s2'>
				<div class='card-panel r'>
					Scenarios
					<div class='panel-lead'>22</div>
				</div>
			</div>
			<div class='col s2'>
				<div class='card-panel r'>
					Steps
					<div class='panel-lead'>266</div>
				</div>
			</div>
			<div class='col s2'>
				<div class='card-panel r'>
					Start
					<div class='panel-lead'>Aug 27, 2020 02:41:17 PM</div>
				</div>
			</div>
			<div class='col s2'>
				<div class='card-panel r'>
			 		End
			 		<div class='panel-lead'>Aug 27, 2020 02:58:48 PM</div>
				</div>
			</div>
			<div class='col s2'>
				<div class='card-panel r'>
					Time Taken
					<div class='panel-lead'>0h 17m 30s+940ms</div>
				</div>
			</div>
			<div class='col s4'>
				<div class='card-panel dashboard-environment'>
					<span class='right label cyan white-text'>Environment</span><p>&nbsp;</p>
					
					<table>
						<tr>
							<th>Name</th>
							<th>Value</th>
						</tr>
							<tr>
								<td>user</td>
								<td>PAAVULA</td>
							</tr>
							<tr>
								<td>os</td>
								<td>Windows-10</td>
							</tr>
					</table>
				</div>
			</div>
			<div class='col s6'>
				<div class='card-panel dashboard-categories'>
					<span class='right label cyan white-text'>Categories</span><p>&nbsp;</p>
					
					<table>
						<tr>
							<th>Name</th>
							<th>Passed</th>
							<th>Failed</th>
							<th>Others</th>
							<th>Passed %</th>
						</tr>
						<tr>
							<td>@PEPRFI</td>
							<td>0</td>
							<td>1</td>
							<td>0</td>
							<td>
									0%
							</td>
						</tr>
						<tr>
							<td>@Forms</td>
							<td>2</td>
							<td>20</td>
							<td>0</td>
							<td>
									9.091%
							</td>
						</tr>
						<tr>
							<td>@SUEDU</td>
							<td>0</td>
							<td>3</td>
							<td>0</td>
							<td>
									0%
							</td>
						</tr>
						<tr>
							<td>@BannerRFI</td>
							<td>0</td>
							<td>1</td>
							<td>0</td>
							<td>
									0%
							</td>
						</tr>
						<tr>
							<td>@FooterRFI</td>
							<td>0</td>
							<td>1</td>
							<td>0</td>
							<td>
									0%
							</td>
						</tr>
						<tr>
							<td>@DownloadFormMBA</td>
							<td>0</td>
							<td>1</td>
							<td>0</td>
							<td>
									0%
							</td>
						</tr>
						<tr>
							<td>@OMS</td>
							<td>0</td>
							<td>6</td>
							<td>0</td>
							<td>
									0%
							</td>
						</tr>
						<tr>
							<td>@MicroSiteForminMBAEntrepreneurship</td>
							<td>0</td>
							<td>1</td>
							<td>0</td>
							<td>
									0%
							</td>
						</tr>
						<tr>
							<td>@MicroSiteForminMBAPage</td>
							<td>0</td>
							<td>1</td>
							<td>0</td>
							<td>
									0%
							</td>
						</tr>
						<tr>
							<td>@DownloadFormCheddar</td>
							<td>0</td>
							<td>1</td>
							<td>0</td>
							<td>
									0%
							</td>
						</tr>
						<tr>
							<td>@LinkedInpageMBAForm</td>
							<td>0</td>
							<td>1</td>
							<td>0</td>
							<td>
									0%
							</td>
						</tr>
						<tr>
							<td>@SUPMLP</td>
							<td>0</td>
							<td>6</td>
							<td>0</td>
							<td>
									0%
							</td>
						</tr>
						<tr>
							<td>@LinkedInpageBBAForm</td>
							<td>0</td>
							<td>1</td>
							<td>0</td>
							<td>
									0%
							</td>
						</tr>
						<tr>
							<td>@ShortForm</td>
							<td>0</td>
							<td>1</td>
							<td>0</td>
							<td>
									0%
							</td>
						</tr>
						<tr>
							<td>@ShortFormwithDropdown</td>
							<td>0</td>
							<td>1</td>
							<td>0</td>
							<td>
									0%
							</td>
						</tr>
						<tr>
							<td>@TwoStepForm</td>
							<td>0</td>
							<td>1</td>
							<td>0</td>
							<td>
									0%
							</td>
						</tr>
						<tr>
							<td>@LongForm</td>
							<td>0</td>
							<td>1</td>
							<td>0</td>
							<td>
									0%
							</td>
						</tr>
						<tr>
							<td>@CheddarFormWithDropdown</td>
							<td>0</td>
							<td>1</td>
							<td>0</td>
							<td>
									0%
							</td>
						</tr>
						<tr>
							<td>@CheddarDownloadForm</td>
							<td>0</td>
							<td>1</td>
							<td>0</td>
							<td>
									0%
							</td>
						</tr>
						<tr>
							<td>@EmailUsForm</td>
							<td>0</td>
							<td>1</td>
							<td>0</td>
							<td>
									0%
							</td>
						</tr>
						<tr>
							<td>@CUEDU</td>
							<td>2</td>
							<td>4</td>
							<td>0</td>
							<td>
									33.333%
							</td>
						</tr>
						<tr>
							<td>@RequestInfoForm</td>
							<td>0</td>
							<td>1</td>
							<td>0</td>
							<td>
									0%
							</td>
						</tr>
						<tr>
							<td>@ScheduleConsultationForm</td>
							<td>1</td>
							<td>0</td>
							<td>0</td>
							<td>
									100%
							</td>
						</tr>
						<tr>
							<td>@ReferaFriendForm</td>
							<td>1</td>
							<td>0</td>
							<td>0</td>
							<td>
									100%
							</td>
						</tr>
						<tr>
							<td>@RegistrationForm</td>
							<td>0</td>
							<td>1</td>
							<td>0</td>
							<td>
									0%
							</td>
						</tr>
						<tr>
							<td>@PFQForm</td>
							<td>0</td>
							<td>1</td>
							<td>0</td>
							<td>
									0%
							</td>
						</tr>
						<tr>
							<td>@IRFForm</td>
							<td>0</td>
							<td>1</td>
							<td>0</td>
							<td>
									0%
							</td>
						</tr>
						<tr>
							<td>@CUPMLP</td>
							<td>0</td>
							<td>1</td>
							<td>0</td>
							<td>
									0%
							</td>
						</tr>
					</table>
				</div>
			</div>
		</div>
	</div>
</div>
<!-- dashboard view -->
<!-- testrunner-logs view -->
		</div>
		<!-- container -->

		<script>
			var statusGroup = {
				passParent: 0,
				failParent: 1,
				fatalParent: 0,
				errorParent: 0,
				warningParent: 0,
				skipParent: 0,
				exceptionsParent: 1,
				
				passChild: 2,
				failChild: 20,
				fatalChild: 0,
				errorChild: 0,
				warningChild: 0,
				skipChild: 0,
				infoChild: 0,
				exceptionsChild: 20,
				
				passGrandChild: 228,
				failGrandChild: 20,
				fatalGrandChild: 0,
				errorGrandChild: 0,
				warningGrandChild: 0,
				skipGrandChild: 18,
				infoGrandChild: 0,
				exceptionsGrandChild: 38,
			};
		</script>
		
			<script src='https://cdn.rawgit.com/anshooarora/extentreports-java/fca20fb7653aade98810546ab96a2a4360e3e712/dist/js/extent.js' type='text/javascript'></script>
		
		
 		<script type='text/javascript'>
 		</script>
	</body>
	
</html>
