<?xml version="1.0" encoding="utf-8" ?>
<!DOCTYPE html PUBLIC "-//W3C//DTD XHTML 1.0 Strict//EN"
        "http://www.w3.org/TR/xhtml1/DTD/xhtml1-strict.dtd">
<html xmlns="http://www.w3.org/1999/xhtml" xml:lang="" lang="">
<head>
  <title>Test Results Report - SEI Smoke Suite</title>
  <meta http-equiv="Content-Type" content="text/html;charset=utf-8" />
  <meta name="description" content="TestNG unit test results." />
  <link href="reportng.css" rel="stylesheet" type="text/css" />
    <script type="text/javascript" src="reportng.js"></script>
</head>
<body>
<h1>SEI Smoke Suite</h1>
<p>
  Test duration: 1055.370s
</p>



  <table class="resultsTable">
    <tr><th colspan="3" class="header failed">Failed Tests</th></tr>
          <tr>
        <td colspan="3" class="group">runner.RunCuke</td>
      </tr>
            
<tr>
  <td class="method">
                  <span class="description" title="Runs Cucumber Feature">feature</span>
      </td>
  <td class="duration">
    1050.985s
  </td>
  <td class="result">
        
          <i>Method arguments: </i><span class="arguments">Console Errors in PMLP Pages in QA</span><br />
    
        

        <a href="javascript:toggleElement('exception-0', 'block')" title="Click to expand/collapse"><b>java.lang.Throwable: Multiple failures (16):nnFailure 1 of 16:njava.lang.AssertionError: Title didn&apos;t match expected [true] but found [false]<br/>
	at org.testng.Assert.fail(Assert.java:94)<br/>
	at org.testng.Assert.failNotEquals(Assert.java:494)<br/>
	at org.testng.Assert.assertEquals(Assert.java:123)<br/>
	at org.testng.Assert.assertEquals(Assert.java:286)<br/>
	at steps.FormsSteps.i_should_see_navigate_to_the_thank_page(FormsSteps.java:71)<br/>
	at ?.Then User should navigate to &quot;Thank You&quot; Thank you page(src/test/resources/features/Forms.feature:18)<br/>
nnFailure 2 of 16:njava.lang.AssertionError: Title didn&apos;t match expected [true] but found [false]<br/>
	at org.testng.Assert.fail(Assert.java:94)<br/>
	at org.testng.Assert.failNotEquals(Assert.java:494)<br/>
	at org.testng.Assert.assertEquals(Assert.java:123)<br/>
	at org.testng.Assert.assertEquals(Assert.java:286)<br/>
	at steps.FormsSteps.i_should_see_navigate_to_the_thank_page(FormsSteps.java:71)<br/>
	at ?.Then User should navigate to &quot;Thank You&quot; Thank you page(src/test/resources/features/Forms.feature:31)<br/>
nnFailure 3 of 16:njava.lang.AssertionError: Title didn&apos;t match expected [true] but found [false]<br/>
	at org.testng.Assert.fail(Assert.java:94)<br/>
	at org.testng.Assert.failNotEquals(Assert.java:494)<br/>
	at org.testng.Assert.assertEquals(Assert.java:123)<br/>
	at org.testng.Assert.assertEquals(Assert.java:286)<br/>
	at steps.FormsSteps.i_should_see_navigate_to_the_thank_page(FormsSteps.java:71)<br/>
	at ?.Then User should navigate to &quot;Thank You&quot; Thank you page(src/test/resources/features/Forms.feature:44)<br/>
nnFailure 4 of 16:njava.lang.AssertionError: Title didn&apos;t match expected [true] but found [false]<br/>
	at org.testng.Assert.fail(Assert.java:94)<br/>
	at org.testng.Assert.failNotEquals(Assert.java:494)<br/>
	at org.testng.Assert.assertEquals(Assert.java:123)<br/>
	at org.testng.Assert.assertEquals(Assert.java:286)<br/>
	at steps.FooterSteps.i_should_see_the_text_on_pages(FooterSteps.java:176)<br/>
	at ?.Then User should see the &quot;Thank you page - RFI &quot; text on page(src/test/resources/features/Forms.feature:57)<br/>
nnFailure 5 of 16:njava.lang.AssertionError: Title didn&apos;t match expected [true] but found [false]<br/>
	at org.testng.Assert.fail(Assert.java:94)<br/>
	at org.testng.Assert.failNotEquals(Assert.java:494)<br/>
	at org.testng.Assert.assertEquals(Assert.java:123)<br/>
	at org.testng.Assert.assertEquals(Assert.java:286)<br/>
	at steps.FooterSteps.i_should_see_the_text_on_pages(FooterSteps.java:176)<br/>
	at ?.Then User should see the &quot;Thank you page - RFI | Digital Entrepreneurship MBA&quot; text on page(src/test/resources/features/Forms.feature:70)<br/>
nnFailure 6 of 16:njava.lang.AssertionError: Title didn&apos;t match expected [true] but found [false]<br/>
	at org.testng.Assert.fail(Assert.java:94)<br/>
	at org.testng.Assert.failNotEquals(Assert.java:494)<br/>
	at org.testng.Assert.assertEquals(Assert.java:123)<br/>
	at org.testng.Assert.assertEquals(Assert.java:286)<br/>
	at steps.FooterSteps.i_should_see_the_text_on_pages(FooterSteps.java:176)<br/>
	at ?.Then User should see the &quot;Thank you page - RFI | Digital Entrepreneurship MBA&quot; text on page(src/test/resources/features/Forms.feature:83)<br/>
nnFailure 7 of 16:njava.lang.AssertionError: Title didn&apos;t match expected [true] but found [false]<br/>
	at org.testng.Assert.fail(Assert.java:94)<br/>
	at org.testng.Assert.failNotEquals(Assert.java:494)<br/>
	at org.testng.Assert.assertEquals(Assert.java:123)<br/>
	at org.testng.Assert.assertEquals(Assert.java:286)<br/>
	at steps.FooterSteps.i_should_see_the_text_on_pages(FooterSteps.java:176)<br/>
	at ?.Then User should see the &quot;Thank you page - RFI &quot; text on page(src/test/resources/features/Forms.feature:96)<br/>
nnFailure 8 of 16:njava.lang.AssertionError: Title didn&apos;t match expected [true] but found [false]<br/>
	at org.testng.Assert.fail(Assert.java:94)<br/>
	at org.testng.Assert.failNotEquals(Assert.java:494)<br/>
	at org.testng.Assert.assertEquals(Assert.java:123)<br/>
	at org.testng.Assert.assertEquals(Assert.java:286)<br/>
	at steps.FooterSteps.i_should_see_the_text_on_pages(FooterSteps.java:176)<br/>
	at ?.Then User should see the &quot;Strayer University :: Thank You&quot; text on page(src/test/resources/features/Forms.feature:109)<br/>
nnFailure 9 of 16:njava.lang.AssertionError: Title didn&apos;t match expected [true] but found [false]<br/>
	at org.testng.Assert.fail(Assert.java:94)<br/>
	at org.testng.Assert.failNotEquals(Assert.java:494)<br/>
	at org.testng.Assert.assertEquals(Assert.java:123)<br/>
	at org.testng.Assert.assertEquals(Assert.java:286)<br/>
	at steps.FooterSteps.i_should_see_the_text_on_pages(FooterSteps.java:176)<br/>
	at ?.Then User should see the &quot;Strayer University :: Thank You&quot; text on page(src/test/resources/features/Forms.feature:122)<br/>
nnFailure 10 of 16:njava.lang.AssertionError: Title didn&apos;t match expected [true] but found [false]<br/>
	at org.testng.Assert.fail(Assert.java:94)<br/>
	at org.testng.Assert.failNotEquals(Assert.java:494)<br/>
	at org.testng.Assert.assertEquals(Assert.java:123)<br/>
	at org.testng.Assert.assertEquals(Assert.java:286)<br/>
	at steps.FooterSteps.i_should_see_the_text_on_pages(FooterSteps.java:176)<br/>
	at ?.Then User should see the &quot;Strayer University :: Thank You&quot; text on page(src/test/resources/features/Forms.feature:135)<br/>
nnFailure 11 of 16:njava.lang.AssertionError: Title didn&apos;t match expected [true] but found [false]<br/>
	at org.testng.Assert.fail(Assert.java:94)<br/>
	at org.testng.Assert.failNotEquals(Assert.java:494)<br/>
	at org.testng.Assert.assertEquals(Assert.java:123)<br/>
	at org.testng.Assert.assertEquals(Assert.java:286)<br/>
	at steps.FooterSteps.i_should_see_the_text_on_pages(FooterSteps.java:176)<br/>
	at ?.Then User should see the &quot;Strayer University : Thank You&quot; text on page(src/test/resources/features/Forms.feature:150)<br/>
nnFailure 12 of 16:njava.lang.AssertionError: Title didn&apos;t match expected [true] but found [false]<br/>
	at org.testng.Assert.fail(Assert.java:94)<br/>
	at org.testng.Assert.failNotEquals(Assert.java:494)<br/>
	at org.testng.Assert.assertEquals(Assert.java:123)<br/>
	at org.testng.Assert.assertEquals(Assert.java:286)<br/>
	at steps.FooterSteps.i_should_see_the_text_on_pages(FooterSteps.java:176)<br/>
	at ?.And User should see the &quot;Strayer University :: Thank You&quot; text on page(src/test/resources/features/Forms.feature:184)<br/>
nnFailure 13 of 16:njava.lang.AssertionError: Title didn&apos;t match expected [true] but found [false]<br/>
	at org.testng.Assert.fail(Assert.java:94)<br/>
	at org.testng.Assert.failNotEquals(Assert.java:494)<br/>
	at org.testng.Assert.assertEquals(Assert.java:123)<br/>
	at org.testng.Assert.assertEquals(Assert.java:286)<br/>
	at steps.FooterSteps.i_should_see_the_text_on_pages(FooterSteps.java:176)<br/>
	at ?.Then User should see the &quot;Thank you page - RFI | Digital Entrepreneurship MBA&quot; text on page(src/test/resources/features/Forms.feature:198)<br/>
nnFailure 14 of 16:njava.lang.AssertionError: Title didn&apos;t match expected [true] but found [false]<br/>
	at org.testng.Assert.fail(Assert.java:94)<br/>
	at org.testng.Assert.failNotEquals(Assert.java:494)<br/>
	at org.testng.Assert.assertEquals(Assert.java:123)<br/>
	at org.testng.Assert.assertEquals(Assert.java:286)<br/>
	at steps.FooterSteps.i_should_see_the_text_on_pages(FooterSteps.java:176)<br/>
	at ?.Then User should see the &quot;Thank you page - RFI &quot; text on page(src/test/resources/features/Forms.feature:212)<br/>
nnFailure 15 of 16:njava.lang.AssertionError: Title didn&apos;t match expected [true] but found [false]<br/>
	at org.testng.Assert.fail(Assert.java:94)<br/>
	at org.testng.Assert.failNotEquals(Assert.java:494)<br/>
	at org.testng.Assert.assertEquals(Assert.java:123)<br/>
	at org.testng.Assert.assertEquals(Assert.java:286)<br/>
	at steps.FormsSteps.i_should_see_the_something_text_on_my_capella_dashboard(FormsSteps.java:1044)<br/>
	at ?.Then User should see the &quot;MY PROFILE&quot; text on My Capella Dashboard(src/test/resources/features/Forms.feature:300)<br/>
nnFailure 16 of 16:ncucumber.runtime.CucumberException: java.lang.AssertionError: Title didn&apos;t match expected [true] but found [false]</b></a><br />
    <div class="stackTrace" id="exception-0">
              cucumber.api.testng.TestNGCucumberRunner.runCucumber(TestNGCucumberRunner.java:69)<br />
              cucumber.api.testng.AbstractTestNGCucumberTests.feature(AbstractTestNGCucumberTests.java:21)<br />
              sun.reflect.NativeMethodAccessorImpl.invoke0(Native Method)<br />
              sun.reflect.NativeMethodAccessorImpl.invoke(NativeMethodAccessorImpl.java:62)<br />
              sun.reflect.DelegatingMethodAccessorImpl.invoke(DelegatingMethodAccessorImpl.java:43)<br />
              java.lang.reflect.Method.invoke(Method.java:498)<br />
              org.testng.internal.MethodInvocationHelper.invokeMethod(MethodInvocationHelper.java:80)<br />
              org.testng.internal.Invoker.invokeMethod(Invoker.java:714)<br />
              org.testng.internal.Invoker.invokeTestMethod(Invoker.java:901)<br />
              org.testng.internal.Invoker.invokeTestMethods(Invoker.java:1231)<br />
              org.testng.internal.TestMethodWorker.invokeTestMethods(TestMethodWorker.java:127)<br />
              org.testng.internal.TestMethodWorker.run(TestMethodWorker.java:111)<br />
              org.testng.TestRunner.privateRun(TestRunner.java:767)<br />
              org.testng.TestRunner.run(TestRunner.java:617)<br />
              org.testng.SuiteRunner.runTest(SuiteRunner.java:334)<br />
              org.testng.SuiteRunner.runSequentially(SuiteRunner.java:329)<br />
              org.testng.SuiteRunner.privateRun(SuiteRunner.java:291)<br />
              org.testng.SuiteRunner.run(SuiteRunner.java:240)<br />
              org.testng.SuiteRunnerWorker.runSuite(SuiteRunnerWorker.java:52)<br />
              org.testng.SuiteRunnerWorker.run(SuiteRunnerWorker.java:86)<br />
              org.testng.TestNG.runSuitesSequentially(TestNG.java:1198)<br />
              org.testng.TestNG.runSuitesLocally(TestNG.java:1123)<br />
              org.testng.TestNG.run(TestNG.java:1031)<br />
              org.apache.maven.surefire.testng.TestNGExecutor.run(TestNGExecutor.java:281)<br />
              org.apache.maven.surefire.testng.TestNGXmlTestSuite.execute(TestNGXmlTestSuite.java:75)<br />
              org.apache.maven.surefire.testng.TestNGProvider.invoke(TestNGProvider.java:121)<br />
              org.apache.maven.surefire.booter.ForkedBooter.invokeProviderInSameClassLoader(ForkedBooter.java:290)<br />
              org.apache.maven.surefire.booter.ForkedBooter.runSuitesInProcess(ForkedBooter.java:242)<br />
              org.apache.maven.surefire.booter.ForkedBooter.main(ForkedBooter.java:121)<br />
                </div>
      </td>
</tr>
      </table>


  
</body>
</html>
