<!DOCTYPE html PUBLIC "-//W3C//DTD XHTML 1.1//EN" "http://www.w3.org/TR/xhtml11/DTD/xhtml11.dtd">
<html xmlns="http://www.w3.org/1999/xhtml">
<head>
<title>TestNG:  Unit Test</title>
<style type="text/css">
table caption,table.info_table,table.result,table.passed,table.failed {margin-bottom:10px;border:1px solid #000099;border-collapse:collapse;empty-cells:show;}
table.info_table td,table.info_table th,table.result td,table.result th,table.passed td,table.passed th,table.failed td,table.failed th {
border:1px solid #000099;padding:.25em .5em .25em .5em
}
table.result th {vertical-align:bottom}
tr.param th {padding-left:1em;padding-right:1em}
tr.param td {padding-left:.5em;padding-right:2em}
td.numi,th.numi,td.numi_attn {
text-align:right
}
tr.total td {font-weight:bold}
table caption {
text-align:center;font-weight:bold;
}
table.passed tr.stripe td,table tr.passedodd td {background-color: #00AA00;}
table.passed td,table tr.passedeven td {background-color: #33FF33;}
table.passed tr.stripe td,table tr.skippedodd td {background-color: #cccccc;}
table.passed td,table tr.skippedodd td {background-color: #dddddd;}
table.failed tr.stripe td,table tr.failedodd td,table.result td.numi_attn {background-color: #FF3333;}
table.failed td,table tr.failedeven td,table.result tr.stripe td.numi_attn {background-color: #DD0000;}
tr.stripe td,tr.stripe th {background-color: #E6EBF9;}
p.totop {font-size:85%;text-align:center;border-bottom:2px black solid}
div.shootout {padding:2em;border:3px #4854A8 solid}
</style>
</head>
<body>
<table cellspacing="0" cellpadding="0" class="result">
<tr><th>Test</th><th class="numi">Methods<br/>Passed</th><th class="numi">Scenarios<br/>Passed</th><th class="numi"># skipped</th><th class="numi"># failed</th><th class="numi">Total<br/>Time</th><th class="numi">Included<br/>Groups</th><th class="numi">Excluded<br/>Groups</th></tr>
<tr><td style="text-align:left;padding-right:2em">SEI Smoke Suite</td><td class="numi">0</td><td class="numi">0</td><td class="numi">0</td><td class="numi_attn">1</td><td class="numi">1,055.8 seconds</td><td class="numi"></td><td class="numi"></td></tr>
</table>
<table cellspacing="0" cellpadding="0" class="passed" id="summary">
<tr><th>Class</th><th>Method</th><th># of<br/>Scenarios</th><th>Start</th><th>Time<br/>(ms)</th></tr>
<tr><th colspan="4">SEI Smoke Suite &#8212; failed</th></tr>
<tr class="failedodd"><td rowspan="1">runner.RunCuke</td><td><a href="#m1"><b>feature</b> (cucumber) ("Runs Cucumber Feature")</a></td><td class="numi">1</td><td>1598519477883</td><td class="numi">1050985</td></tr>
</table>
<h1>SEI Smoke Suite</h1>
<h2 id="m1">runner.RunCuke:feature</h2>
<table cellspacing="0" cellpadding="0" class="result">
<tr class="param"><th>Parameter #1</th></tr>
<tr class="param stripe"><td>Console Errors in PMLP Pages in QA</td>
</tr>
<tr><td style="padding-left:3em" colspan="1">
<p>Multiple failures (16):nnFailure 1 of 16:njava.lang.AssertionError: Title didn&apos;t match expected [true] but found [false]
	at org.testng.Assert.fail(Assert.java:94)
	at org.testng.Assert.failNotEquals(Assert.java:494)
	at org.testng.Assert.assertEquals(Assert.java:123)
	at org.testng.Assert.assertEquals(Assert.java:286)
	at steps.FormsSteps.i_should_see_navigate_to_the_thank_page(FormsSteps.java:71)
	at ?.Then User should navigate to &quot;Thank You&quot; Thank you page(src/test/resources/features/Forms.feature:18)
nnFailure 2 of 16:njava.lang.AssertionError: Title didn&apos;t match expected [true] but found [false]
	at org.testng.Assert.fail(Assert.java:94)
	at org.testng.Assert.failNotEquals(Assert.java:494)
	at org.testng.Assert.assertEquals(Assert.java:123)
	at org.testng.Assert.assertEquals(Assert.java:286)
	at steps.FormsSteps.i_should_see_navigate_to_the_thank_page(FormsSteps.java:71)
	at ?.Then User should navigate to &quot;Thank You&quot; Thank you page(src/test/resources/features/Forms.feature:31)
nnFailure 3 of 16:njava.lang.AssertionError: Title didn&apos;t match expected [true] but found [false]
	at org.testng.Assert.fail(Assert.java:94)
	at org.testng.Assert.failNotEquals(Assert.java:494)
	at org.testng.Assert.assertEquals(Assert.java:123)
	at org.testng.Assert.assertEquals(Assert.java:286)
	at steps.FormsSteps.i_should_see_navigate_to_the_thank_page(FormsSteps.java:71)
	at ?.Then User should navigate to &quot;Thank You&quot; Thank you page(src/test/resources/features/Forms.feature:44)
nnFailure 4 of 16:njava.lang.AssertionError: Title didn&apos;t match expected [true] but found [false]
	at org.testng.Assert.fail(Assert.java:94)
	at org.testng.Assert.failNotEquals(Assert.java:494)
	at org.testng.Assert.assertEquals(Assert.java:123)
	at org.testng.Assert.assertEquals(Assert.java:286)
	at steps.FooterSteps.i_should_see_the_text_on_pages(FooterSteps.java:176)
	at ?.Then User should see the &quot;Thank you page - RFI &quot; text on page(src/test/resources/features/Forms.feature:57)
nnFailure 5 of 16:njava.lang.AssertionError: Title didn&apos;t match expected [true] but found [false]
	at org.testng.Assert.fail(Assert.java:94)
	at org.testng.Assert.failNotEquals(Assert.java:494)
	at org.testng.Assert.assertEquals(Assert.java:123)
	at org.testng.Assert.assertEquals(Assert.java:286)
	at steps.FooterSteps.i_should_see_the_text_on_pages(FooterSteps.java:176)
	at ?.Then User should see the &quot;Thank you page - RFI | Digital Entrepreneurship MBA&quot; text on page(src/test/resources/features/Forms.feature:70)
nnFailure 6 of 16:njava.lang.AssertionError: Title didn&apos;t match expected [true] but found [false]
	at org.testng.Assert.fail(Assert.java:94)
	at org.testng.Assert.failNotEquals(Assert.java:494)
	at org.testng.Assert.assertEquals(Assert.java:123)
	at org.testng.Assert.assertEquals(Assert.java:286)
	at steps.FooterSteps.i_should_see_the_text_on_pages(FooterSteps.java:176)
	at ?.Then User should see the &quot;Thank you page - RFI | Digital Entrepreneurship MBA&quot; text on page(src/test/resources/features/Forms.feature:83)
nnFailure 7 of 16:njava.lang.AssertionError: Title didn&apos;t match expected [true] but found [false]
	at org.testng.Assert.fail(Assert.java:94)
	at org.testng.Assert.failNotEquals(Assert.java:494)
	at org.testng.Assert.assertEquals(Assert.java:123)
	at org.testng.Assert.assertEquals(Assert.java:286)
	at steps.FooterSteps.i_should_see_the_text_on_pages(FooterSteps.java:176)
	at ?.Then User should see the &quot;Thank you page - RFI &quot; text on page(src/test/resources/features/Forms.feature:96)
nnFailure 8 of 16:njava.lang.AssertionError: Title didn&apos;t match expected [true] but found [false]
	at org.testng.Assert.fail(Assert.java:94)
	at org.testng.Assert.failNotEquals(Assert.java:494)
	at org.testng.Assert.assertEquals(Assert.java:123)
	at org.testng.Assert.assertEquals(Assert.java:286)
	at steps.FooterSteps.i_should_see_the_text_on_pages(FooterSteps.java:176)
	at ?.Then User should see the &quot;Strayer University :: Thank You&quot; text on page(src/test/resources/features/Forms.feature:109)
nnFailure 9 of 16:njava.lang.AssertionError: Title didn&apos;t match expected [true] but found [false]
	at org.testng.Assert.fail(Assert.java:94)
	at org.testng.Assert.failNotEquals(Assert.java:494)
	at org.testng.Assert.assertEquals(Assert.java:123)
	at org.testng.Assert.assertEquals(Assert.java:286)
	at steps.FooterSteps.i_should_see_the_text_on_pages(FooterSteps.java:176)
	at ?.Then User should see the &quot;Strayer University :: Thank You&quot; text on page(src/test/resources/features/Forms.feature:122)
nnFailure 10 of 16:njava.lang.AssertionError: Title didn&apos;t match expected [true] but found [false]
	at org.testng.Assert.fail(Assert.java:94)
	at org.testng.Assert.failNotEquals(Assert.java:494)
	at org.testng.Assert.assertEquals(Assert.java:123)
	at org.testng.Assert.assertEquals(Assert.java:286)
	at steps.FooterSteps.i_should_see_the_text_on_pages(FooterSteps.java:176)
	at ?.Then User should see the &quot;Strayer University :: Thank You&quot; text on page(src/test/resources/features/Forms.feature:135)
nnFailure 11 of 16:njava.lang.AssertionError: Title didn&apos;t match expected [true] but found [false]
	at org.testng.Assert.fail(Assert.java:94)
	at org.testng.Assert.failNotEquals(Assert.java:494)
	at org.testng.Assert.assertEquals(Assert.java:123)
	at org.testng.Assert.assertEquals(Assert.java:286)
	at steps.FooterSteps.i_should_see_the_text_on_pages(FooterSteps.java:176)
	at ?.Then User should see the &quot;Strayer University : Thank You&quot; text on page(src/test/resources/features/Forms.feature:150)
nnFailure 12 of 16:njava.lang.AssertionError: Title didn&apos;t match expected [true] but found [false]
	at org.testng.Assert.fail(Assert.java:94)
	at org.testng.Assert.failNotEquals(Assert.java:494)
	at org.testng.Assert.assertEquals(Assert.java:123)
	at org.testng.Assert.assertEquals(Assert.java:286)
	at steps.FooterSteps.i_should_see_the_text_on_pages(FooterSteps.java:176)
	at ?.And User should see the &quot;Strayer University :: Thank You&quot; text on page(src/test/resources/features/Forms.feature:184)
nnFailure 13 of 16:njava.lang.AssertionError: Title didn&apos;t match expected [true] but found [false]
	at org.testng.Assert.fail(Assert.java:94)
	at org.testng.Assert.failNotEquals(Assert.java:494)
	at org.testng.Assert.assertEquals(Assert.java:123)
	at org.testng.Assert.assertEquals(Assert.java:286)
	at steps.FooterSteps.i_should_see_the_text_on_pages(FooterSteps.java:176)
	at ?.Then User should see the &quot;Thank you page - RFI | Digital Entrepreneurship MBA&quot; text on page(src/test/resources/features/Forms.feature:198)
nnFailure 14 of 16:njava.lang.AssertionError: Title didn&apos;t match expected [true] but found [false]
	at org.testng.Assert.fail(Assert.java:94)
	at org.testng.Assert.failNotEquals(Assert.java:494)
	at org.testng.Assert.assertEquals(Assert.java:123)
	at org.testng.Assert.assertEquals(Assert.java:286)
	at steps.FooterSteps.i_should_see_the_text_on_pages(FooterSteps.java:176)
	at ?.Then User should see the &quot;Thank you page - RFI &quot; text on page(src/test/resources/features/Forms.feature:212)
nnFailure 15 of 16:njava.lang.AssertionError: Title didn&apos;t match expected [true] but found [false]
	at org.testng.Assert.fail(Assert.java:94)
	at org.testng.Assert.failNotEquals(Assert.java:494)
	at org.testng.Assert.assertEquals(Assert.java:123)
	at org.testng.Assert.assertEquals(Assert.java:286)
	at steps.FormsSteps.i_should_see_the_something_text_on_my_capella_dashboard(FormsSteps.java:1044)
	at ?.Then User should see the &quot;MY PROFILE&quot; text on My Capella Dashboard(src/test/resources/features/Forms.feature:300)
nnFailure 16 of 16:ncucumber.runtime.CucumberException: java.lang.AssertionError: Title didn&apos;t match expected [true] but found [false]</p>
cucumber.api.testng.TestNGCucumberRunner.runCucumber(TestNGCucumberRunner.java:69)
<br/>at cucumber.api.testng.AbstractTestNGCucumberTests.feature(AbstractTestNGCucumberTests.java:21)
<br/>at sun.reflect.NativeMethodAccessorImpl.invoke0(Native Method)
<br/>at sun.reflect.NativeMethodAccessorImpl.invoke(NativeMethodAccessorImpl.java:62)
<br/>at sun.reflect.DelegatingMethodAccessorImpl.invoke(DelegatingMethodAccessorImpl.java:43)
<br/>at java.lang.reflect.Method.invoke(Method.java:498)
<br/>at org.testng.internal.MethodInvocationHelper.invokeMethod(MethodInvocationHelper.java:80)
<br/>at org.testng.internal.Invoker.invokeMethod(Invoker.java:714)
<br/>at org.testng.internal.Invoker.invokeTestMethod(Invoker.java:901)
<br/>at org.testng.internal.Invoker.invokeTestMethods(Invoker.java:1231)
<br/>at org.testng.internal.TestMethodWorker.invokeTestMethods(TestMethodWorker.java:127)
<br/>at org.testng.internal.TestMethodWorker.run(TestMethodWorker.java:111)
<br/>at org.testng.TestRunner.privateRun(TestRunner.java:767)
<br/>at org.testng.TestRunner.run(TestRunner.java:617)
<br/>at org.testng.SuiteRunner.runTest(SuiteRunner.java:334)
<br/>at org.testng.SuiteRunner.runSequentially(SuiteRunner.java:329)
<br/>at org.testng.SuiteRunner.privateRun(SuiteRunner.java:291)
<br/>at org.testng.SuiteRunner.run(SuiteRunner.java:240)
<br/>at org.testng.SuiteRunnerWorker.runSuite(SuiteRunnerWorker.java:52)
<br/>at org.testng.SuiteRunnerWorker.run(SuiteRunnerWorker.java:86)
<br/>at org.testng.TestNG.runSuitesSequentially(TestNG.java:1198)
<br/>at org.testng.TestNG.runSuitesLocally(TestNG.java:1123)
<br/>at org.testng.TestNG.run(TestNG.java:1031)
<br/>at org.apache.maven.surefire.testng.TestNGExecutor.run(TestNGExecutor.java:281)
<br/>at org.apache.maven.surefire.testng.TestNGXmlTestSuite.execute(TestNGXmlTestSuite.java:75)
<br/>at org.apache.maven.surefire.testng.TestNGProvider.invoke(TestNGProvider.java:121)
<br/>at org.apache.maven.surefire.booter.ForkedBooter.invokeProviderInSameClassLoader(ForkedBooter.java:290)
<br/>at org.apache.maven.surefire.booter.ForkedBooter.runSuitesInProcess(ForkedBooter.java:242)
<br/>at org.apache.maven.surefire.booter.ForkedBooter.main(ForkedBooter.java:121)
<br/>1 lines not shown
</td></tr>
</table>
<p class="totop"><a href="#summary">back to summary</a></p>
</body></html>
