<!DOCTYPE html>

<html>
  <head>
  <title>TestNG reports</title>

    <link type="text/css" href="testng-reports.css" rel="stylesheet" />  
    <script type="text/javascript" src="jquery-1.7.1.min.js"></script>
    <script type="text/javascript" src="testng-reports.js"></script>
    <script type="text/javascript" src="https://www.google.com/jsapi"></script>
    <script type='text/javascript'>
      google.load('visualization', '1', {packages:['table']});
      google.setOnLoadCallback(drawTable);
      var suiteTableInitFunctions = new Array();
      var suiteTableData = new Array();
    </script>
    <!--
      <script type="text/javascript" src="jquery-ui/js/jquery-ui-1.8.16.custom.min.js"></script>
     -->
  </head>

  <body>
    <div class="top-banner-root">
      <span class="top-banner-title-font">Test results</span>
      <br/>
      <span class="top-banner-font-1">1 suite, 1 failed test</span>
    </div> <!-- top-banner-root -->
    <div class="navigator-root">
      <div class="navigator-suite-header">
        <span>All suites</span>
        <a href="#" class="collapse-all-link" title="Collapse/expand all the suites">
          <img class="collapse-all-icon" src="collapseall.gif">
          </img> <!-- collapse-all-icon -->
        </a> <!-- collapse-all-link -->
      </div> <!-- navigator-suite-header -->
      <div class="suite">
        <div class="rounded-window">
          <div class="suite-header light-rounded-window-top">
            <a href="#" class="navigator-link" panel-name="suite-SEI_Automation_Project">
              <span class="suite-name border-failed">SEI Automation Project</span>
            </a> <!-- navigator-link -->
          </div> <!-- suite-header light-rounded-window-top -->
          <div class="navigator-suite-content">
            <div class="suite-section-title">
              <span>Info</span>
            </div> <!-- suite-section-title -->
            <div class="suite-section-content">
              <ul>
                <li>
                  <a href="#" class="navigator-link " panel-name="test-xml-SEI_Automation_Project">
                    <span>H:\SEI\src\test\resources\runner\SEI.xml</span>
                  </a> <!-- navigator-link  -->
                </li>
                <li>
                  <a href="#" class="navigator-link " panel-name="testlist-SEI_Automation_Project">
                    <span class="test-stats">1 test</span>
                  </a> <!-- navigator-link  -->
                </li>
                <li>
                  <a href="#" class="navigator-link " panel-name="group-SEI_Automation_Project">
                    <span>1 group</span>
                  </a> <!-- navigator-link  -->
                </li>
                <li>
                  <a href="#" class="navigator-link " panel-name="times-SEI_Automation_Project">
                    <span>Times</span>
                  </a> <!-- navigator-link  -->
                </li>
                <li>
                  <a href="#" class="navigator-link " panel-name="reporter-SEI_Automation_Project">
                    <span>Reporter output</span>
                  </a> <!-- navigator-link  -->
                </li>
                <li>
                  <a href="#" class="navigator-link " panel-name="ignored-methods-SEI_Automation_Project">
                    <span>Ignored methods</span>
                  </a> <!-- navigator-link  -->
                </li>
                <li>
                  <a href="#" class="navigator-link " panel-name="chronological-SEI_Automation_Project">
                    <span>Chronological view</span>
                  </a> <!-- navigator-link  -->
                </li>
              </ul>
            </div> <!-- suite-section-content -->
            <div class="result-section">
              <div class="suite-section-title">
                <span>Results</span>
              </div> <!-- suite-section-title -->
              <div class="suite-section-content">
                <ul>
                  <li>
                    <span class="method-stats">1 method, 1 failed,   </span>
                  </li>
                  <li>
                    <span class="method-list-title failed">Failed methods</span>
                    <span class="show-or-hide-methods failed">
                      <a href="#" panel-name="suite-SEI_Automation_Project" class="hide-methods failed suite-SEI_Automation_Project"> (hide)</a> <!-- hide-methods failed suite-SEI_Automation_Project -->
                      <a href="#" panel-name="suite-SEI_Automation_Project" class="show-methods failed suite-SEI_Automation_Project"> (show)</a> <!-- show-methods failed suite-SEI_Automation_Project -->
                    </span>
                    <div class="method-list-content failed suite-SEI_Automation_Project">
                      <span>
                        <img width="3%" src="failed.png"/>
                        <a href="#" class="method navigator-link" panel-name="suite-SEI_Automation_Project" title="runner.RunCuke" hash-for-method="feature(Console Errors in PMLP Pages in QA)">feature(Console Errors in PMLP Pages in QA)</a> <!-- method navigator-link -->
                      </span>
                      <br/>
                    </div> <!-- method-list-content failed suite-SEI_Automation_Project -->
                  </li>
                </ul>
              </div> <!-- suite-section-content -->
            </div> <!-- result-section -->
          </div> <!-- navigator-suite-content -->
        </div> <!-- rounded-window -->
      </div> <!-- suite -->
    </div> <!-- navigator-root -->
    <div class="wrapper">
      <div class="main-panel-root">
        <div panel-name="suite-SEI_Automation_Project" class="panel SEI_Automation_Project">
          <div class="suite-SEI_Automation_Project-class-failed">
            <div class="main-panel-header rounded-window-top">
              <img src="failed.png"/>
              <span class="class-name">runner.RunCuke</span>
            </div> <!-- main-panel-header rounded-window-top -->
            <div class="main-panel-content rounded-window-bottom">
              <div class="method">
                <div class="method-content">
                  <a name="feature(Console Errors in PMLP Pages in QA)">
                  </a> <!-- feature(Console Errors in PMLP Pages in QA) -->
                  <span class="method-name">feature</span>
                  <span class="parameters">(Console Errors in PMLP Pages in QA)</span>
                  <div class="stack-trace"><b>"java.lang.Throwable: Multiple failures (16):nnFailure 1 of 16:njava.lang.AssertionError: Title didn&apos;t match expected [true] but found [false]
	at steps.FormsSteps.i_should_see_navigate_to_the_thank_page(FormsSteps.java:71)
	at ?.Then User should navigate to &quot;Thank You&quot; Thank you page(src/test/resources/features/Forms.feature:18)
nnFailure 2 of 16:njava.lang.AssertionError: Title didn&apos;t match expected [true] but found [false]
	at steps.FormsSteps.i_should_see_navigate_to_the_thank_page(FormsSteps.java:71)
	at ?.Then User should navigate to &quot;Thank You&quot; Thank you page(src/test/resources/features/Forms.feature:31)
nnFailure 3 of 16:njava.lang.AssertionError: Title didn&apos;t match expected [true] but found [false]
	at steps.FormsSteps.i_should_see_navigate_to_the_thank_page(FormsSteps.java:71)
	at ?.Then User should navigate to &quot;Thank You&quot; Thank you page(src/test/resources/features/Forms.feature:44)
nnFailure 4 of 16:njava.lang.AssertionError: Title didn&apos;t match expected [true] but found [false]
	at steps.FooterSteps.i_should_see_the_text_on_pages(FooterSteps.java:176)
	at ?.Then User should see the &quot;Thank you page - RFI &quot; text on page(src/test/resources/features/Forms.feature:57)
nnFailure 5 of 16:njava.lang.AssertionError: Title didn&apos;t match expected [true] but found [false]
	at steps.FooterSteps.i_should_see_the_text_on_pages(FooterSteps.java:176)
	at ?.Then User should see the &quot;Thank you page - RFI | Digital Entrepreneurship MBA&quot; text on page(src/test/resources/features/Forms.feature:70)
nnFailure 6 of 16:njava.lang.AssertionError: Title didn&apos;t match expected [true] but found [false]
	at steps.FooterSteps.i_should_see_the_text_on_pages(FooterSteps.java:176)
	at ?.Then User should see the &quot;Thank you page - RFI | Digital Entrepreneurship MBA&quot; text on page(src/test/resources/features/Forms.feature:83)
nnFailure 7 of 16:njava.lang.AssertionError: Title didn&apos;t match expected [true] but found [false]
	at steps.FooterSteps.i_should_see_the_text_on_pages(FooterSteps.java:176)
	at ?.Then User should see the &quot;Thank you page - RFI &quot; text on page(src/test/resources/features/Forms.feature:96)
nnFailure 8 of 16:njava.lang.AssertionError: Title didn&apos;t match expected [true] but found [false]
	at steps.FooterSteps.i_should_see_the_text_on_pages(FooterSteps.java:176)
	at ?.Then User should see the &quot;Strayer University :: Thank You&quot; text on page(src/test/resources/features/Forms.feature:109)
nnFailure 9 of 16:njava.lang.AssertionError: Title didn&apos;t match expected [true] but found [false]
	at steps.FooterSteps.i_should_see_the_text_on_pages(FooterSteps.java:176)
	at ?.Then User should see the &quot;Strayer University :: Thank You&quot; text on page(src/test/resources/features/Forms.feature:122)
nnFailure 10 of 16:njava.lang.AssertionError: Title didn&apos;t match expected [true] but found [false]
	at steps.FooterSteps.i_should_see_the_text_on_pages(FooterSteps.java:176)
	at ?.Then User should see the &quot;Strayer University :: Thank You&quot; text on page(src/test/resources/features/Forms.feature:135)
nnFailure 11 of 16:njava.lang.AssertionError: Title didn&apos;t match expected [true] but found [false]
	at steps.FooterSteps.i_should_see_the_text_on_pages(FooterSteps.java:176)
	at ?.Then User should see the &quot;Strayer University : Thank You&quot; text on page(src/test/resources/features/Forms.feature:150)
nnFailure 12 of 16:njava.lang.AssertionError: Title didn&apos;t match expected [true] but found [false]
	at steps.FooterSteps.i_should_see_the_text_on_pages(FooterSteps.java:176)
	at ?.And User should see the &quot;Strayer University :: Thank You&quot; text on page(src/test/resources/features/Forms.feature:184)
nnFailure 13 of 16:njava.lang.AssertionError: Title didn&apos;t match expected [true] but found [false]
	at steps.FooterSteps.i_should_see_the_text_on_pages(FooterSteps.java:176)
	at ?.Then User should see the &quot;Thank you page - RFI | Digital Entrepreneurship MBA&quot; text on page(src/test/resources/features/Forms.feature:198)
nnFailure 14 of 16:njava.lang.AssertionError: Title didn&apos;t match expected [true] but found [false]
	at steps.FooterSteps.i_should_see_the_text_on_pages(FooterSteps.java:176)
	at ?.Then User should see the &quot;Thank you page - RFI &quot; text on page(src/test/resources/features/Forms.feature:212)
nnFailure 15 of 16:njava.lang.AssertionError: Title didn&apos;t match expected [true] but found [false]
	at steps.FormsSteps.i_should_see_the_something_text_on_my_capella_dashboard(FormsSteps.java:1044)
	at ?.Then User should see the &quot;MY PROFILE&quot; text on My Capella Dashboard(src/test/resources/features/Forms.feature:300)
nnFailure 16 of 16:ncucumber.runtime.CucumberException: java.lang.AssertionError: Title didn&apos;t match expected [true] but found [false]
	at cucumber.api.testng.TestNGCucumberRunner.runCucumber(TestNGCucumberRunner.java:69)
	at cucumber.api.testng.AbstractTestNGCucumberTests.feature(AbstractTestNGCucumberTests.java:21)
	at org.apache.maven.surefire.testng.TestNGExecutor.run(TestNGExecutor.java:281)
	at org.apache.maven.surefire.testng.TestNGXmlTestSuite.execute(TestNGXmlTestSuite.java:75)
	at org.apache.maven.surefire.testng.TestNGProvider.invoke(TestNGProvider.java:121)
	at org.apache.maven.surefire.booter.ForkedBooter.invokeProviderInSameClassLoader(ForkedBooter.java:290)
	at org.apache.maven.surefire.booter.ForkedBooter.runSuitesInProcess(ForkedBooter.java:242)
	at org.apache.maven.surefire.booter.ForkedBooter.main(ForkedBooter.java:121)
... Removed 81 stack frames<br/> java.lang.Throwable: Multiple failures (16):nnFailure 1 of 16:njava.lang.AssertionError: Title didn&apos;t match expected [true] but found [false]
	at org.testng.Assert.fail(Assert.java:94)
	at org.testng.Assert.failNotEquals(Assert.java:494)
	at org.testng.Assert.assertEquals(Assert.java:123)
	at org.testng.Assert.assertEquals(Assert.java:286)
	at steps.FormsSteps.i_should_see_navigate_to_the_thank_page(FormsSteps.java:71)
	at ?.Then User should navigate to &quot;Thank You&quot; Thank you page(src/test/resources/features/Forms.feature:18)
nnFailure 2 of 16:njava.lang.AssertionError: Title didn&apos;t match expected [true] but found [false]
	at org.testng.Assert.fail(Assert.java:94)
	at org.testng.Assert.failNotEquals(Assert.java:494)
	at org.testng.Assert.assertEquals(Assert.java:123)
	at org.testng.Assert.assertEquals(Assert.java:286)
	at steps.FormsSteps.i_should_see_navigate_to_the_thank_page(FormsSteps.java:71)
	at ?.Then User should navigate to &quot;Thank You&quot; Thank you page(src/test/resources/features/Forms.feature:31)
nnFailure 3 of 16:njava.lang.AssertionError: Title didn&apos;t match expected [true] but found [false]
	at org.testng.Assert.fail(Assert.java:94)
	at org.testng.Assert.failNotEquals(Assert.java:494)
	at org.testng.Assert.assertEquals(Assert.java:123)
	at org.testng.Assert.assertEquals(Assert.java:286)
	at steps.FormsSteps.i_should_see_navigate_to_the_thank_page(FormsSteps.java:71)
	at ?.Then User should navigate to &quot;Thank You&quot; Thank you page(src/test/resources/features/Forms.feature:44)
nnFailure 4 of 16:njava.lang.AssertionError: Title didn&apos;t match expected [true] but found [false]
	at org.testng.Assert.fail(Assert.java:94)
	at org.testng.Assert.failNotEquals(Assert.java:494)
	at org.testng.Assert.assertEquals(Assert.java:123)
	at org.testng.Assert.assertEquals(Assert.java:286)
	at steps.FooterSteps.i_should_see_the_text_on_pages(FooterSteps.java:176)
	at ?.Then User should see the &quot;Thank you page - RFI &quot; text on page(src/test/resources/features/Forms.feature:57)
nnFailure 5 of 16:njava.lang.AssertionError: Title didn&apos;t match expected [true] but found [false]
	at org.testng.Assert.fail(Assert.java:94)
	at org.testng.Assert.failNotEquals(Assert.java:494)
	at org.testng.Assert.assertEquals(Assert.java:123)
	at org.testng.Assert.assertEquals(Assert.java:286)
	at steps.FooterSteps.i_should_see_the_text_on_pages(FooterSteps.java:176)
	at ?.Then User should see the &quot;Thank you page - RFI | Digital Entrepreneurship MBA&quot; text on page(src/test/resources/features/Forms.feature:70)
nnFailure 6 of 16:njava.lang.AssertionError: Title didn&apos;t match expected [true] but found [false]
	at org.testng.Assert.fail(Assert.java:94)
	at org.testng.Assert.failNotEquals(Assert.java:494)
	at org.testng.Assert.assertEquals(Assert.java:123)
	at org.testng.Assert.assertEquals(Assert.java:286)
	at steps.FooterSteps.i_should_see_the_text_on_pages(FooterSteps.java:176)
	at ?.Then User should see the &quot;Thank you page - RFI | Digital Entrepreneurship MBA&quot; text on page(src/test/resources/features/Forms.feature:83)
nnFailure 7 of 16:njava.lang.AssertionError: Title didn&apos;t match expected [true] but found [false]
	at org.testng.Assert.fail(Assert.java:94)
	at org.testng.Assert.failNotEquals(Assert.java:494)
	at org.testng.Assert.assertEquals(Assert.java:123)
	at org.testng.Assert.assertEquals(Assert.java:286)
	at steps.FooterSteps.i_should_see_the_text_on_pages(FooterSteps.java:176)
	at ?.Then User should see the &quot;Thank you page - RFI &quot; text on page(src/test/resources/features/Forms.feature:96)
nnFailure 8 of 16:njava.lang.AssertionError: Title didn&apos;t match expected [true] but found [false]
	at org.testng.Assert.fail(Assert.java:94)
	at org.testng.Assert.failNotEquals(Assert.java:494)
	at org.testng.Assert.assertEquals(Assert.java:123)
	at org.testng.Assert.assertEquals(Assert.java:286)
	at steps.FooterSteps.i_should_see_the_text_on_pages(FooterSteps.java:176)
	at ?.Then User should see the &quot;Strayer University :: Thank You&quot; text on page(src/test/resources/features/Forms.feature:109)
nnFailure 9 of 16:njava.lang.AssertionError: Title didn&apos;t match expected [true] but found [false]
	at org.testng.Assert.fail(Assert.java:94)
	at org.testng.Assert.failNotEquals(Assert.java:494)
	at org.testng.Assert.assertEquals(Assert.java:123)
	at org.testng.Assert.assertEquals(Assert.java:286)
	at steps.FooterSteps.i_should_see_the_text_on_pages(FooterSteps.java:176)
	at ?.Then User should see the &quot;Strayer University :: Thank You&quot; text on page(src/test/resources/features/Forms.feature:122)
nnFailure 10 of 16:njava.lang.AssertionError: Title didn&apos;t match expected [true] but found [false]
	at org.testng.Assert.fail(Assert.java:94)
	at org.testng.Assert.failNotEquals(Assert.java:494)
	at org.testng.Assert.assertEquals(Assert.java:123)
	at org.testng.Assert.assertEquals(Assert.java:286)
	at steps.FooterSteps.i_should_see_the_text_on_pages(FooterSteps.java:176)
	at ?.Then User should see the &quot;Strayer University :: Thank You&quot; text on page(src/test/resources/features/Forms.feature:135)
nnFailure 11 of 16:njava.lang.AssertionError: Title didn&apos;t match expected [true] but found [false]
	at org.testng.Assert.fail(Assert.java:94)
	at org.testng.Assert.failNotEquals(Assert.java:494)
	at org.testng.Assert.assertEquals(Assert.java:123)
	at org.testng.Assert.assertEquals(Assert.java:286)
	at steps.FooterSteps.i_should_see_the_text_on_pages(FooterSteps.java:176)
	at ?.Then User should see the &quot;Strayer University : Thank You&quot; text on page(src/test/resources/features/Forms.feature:150)
nnFailure 12 of 16:njava.lang.AssertionError: Title didn&apos;t match expected [true] but found [false]
	at org.testng.Assert.fail(Assert.java:94)
	at org.testng.Assert.failNotEquals(Assert.java:494)
	at org.testng.Assert.assertEquals(Assert.java:123)
	at org.testng.Assert.assertEquals(Assert.java:286)
	at steps.FooterSteps.i_should_see_the_text_on_pages(FooterSteps.java:176)
	at ?.And User should see the &quot;Strayer University :: Thank You&quot; text on page(src/test/resources/features/Forms.feature:184)
nnFailure 13 of 16:njava.lang.AssertionError: Title didn&apos;t match expected [true] but found [false]
	at org.testng.Assert.fail(Assert.java:94)
	at org.testng.Assert.failNotEquals(Assert.java:494)
	at org.testng.Assert.assertEquals(Assert.java:123)
	at org.testng.Assert.assertEquals(Assert.java:286)
	at steps.FooterSteps.i_should_see_the_text_on_pages(FooterSteps.java:176)
	at ?.Then User should see the &quot;Thank you page - RFI | Digital Entrepreneurship MBA&quot; text on page(src/test/resources/features/Forms.feature:198)
nnFailure 14 of 16:njava.lang.AssertionError: Title didn&apos;t match expected [true] but found [false]
	at org.testng.Assert.fail(Assert.java:94)
	at org.testng.Assert.failNotEquals(Assert.java:494)
	at org.testng.Assert.assertEquals(Assert.java:123)
	at org.testng.Assert.assertEquals(Assert.java:286)
	at steps.FooterSteps.i_should_see_the_text_on_pages(FooterSteps.java:176)
	at ?.Then User should see the &quot;Thank you page - RFI &quot; text on page(src/test/resources/features/Forms.feature:212)
nnFailure 15 of 16:njava.lang.AssertionError: Title didn&apos;t match expected [true] but found [false]
	at org.testng.Assert.fail(Assert.java:94)
	at org.testng.Assert.failNotEquals(Assert.java:494)
	at org.testng.Assert.assertEquals(Assert.java:123)
	at org.testng.Assert.assertEquals(Assert.java:286)
	at steps.FormsSteps.i_should_see_the_something_text_on_my_capella_dashboard(FormsSteps.java:1044)
	at ?.Then User should see the &quot;MY PROFILE&quot; text on My Capella Dashboard(src/test/resources/features/Forms.feature:300)
nnFailure 16 of 16:ncucumber.runtime.CucumberException: java.lang.AssertionError: Title didn&apos;t match expected [true] but found [false]
	at cucumber.api.testng.TestNGCucumberRunner.runCucumber(TestNGCucumberRunner.java:69)
	at cucumber.api.testng.AbstractTestNGCucumberTests.feature(AbstractTestNGCucumberTests.java:21)
	at sun.reflect.NativeMethodAccessorImpl.invoke0(Native Method)
	at sun.reflect.NativeMethodAccessorImpl.invoke(NativeMethodAccessorImpl.java:62)
	at sun.reflect.DelegatingMethodAccessorImpl.invoke(DelegatingMethodAccessorImpl.java:43)
	at java.lang.reflect.Method.invoke(Method.java:498)
	at org.testng.internal.MethodInvocationHelper.invokeMethod(MethodInvocationHelper.java:80)
	at org.testng.internal.Invoker.invokeMethod(Invoker.java:714)
	at org.testng.internal.Invoker.invokeTestMethod(Invoker.java:901)
	at org.testng.internal.Invoker.invokeTestMethods(Invoker.java:1231)
	at org.testng.internal.TestMethodWorker.invokeTestMethods(TestMethodWorker.java:127)
	at org.testng.internal.TestMethodWorker.run(TestMethodWorker.java:111)
	at org.testng.TestRunner.privateRun(TestRunner.java:767)
	at org.testng.TestRunner.run(TestRunner.java:617)
	at org.testng.SuiteRunner.runTest(SuiteRunner.java:334)
	at org.testng.SuiteRunner.runSequentially(SuiteRunner.java:329)
	at org.testng.SuiteRunner.privateRun(SuiteRunner.java:291)
	at org.testng.SuiteRunner.run(SuiteRunner.java:240)
	at org.testng.SuiteRunnerWorker.runSuite(SuiteRunnerWorker.java:52)
	at org.testng.SuiteRunnerWorker.run(SuiteRunnerWorker.java:86)
	at org.testng.TestNG.runSuitesSequentially(TestNG.java:1198)
	at org.testng.TestNG.runSuitesLocally(TestNG.java:1123)
	at org.testng.TestNG.run(TestNG.java:1031)
	at org.apache.maven.surefire.testng.TestNGExecutor.run(TestNGExecutor.java:281)
	at org.apache.maven.surefire.testng.TestNGXmlTestSuite.execute(TestNGXmlTestSuite.java:75)
	at org.apache.maven.surefire.testng.TestNGProvider.invoke(TestNGProvider.java:121)
	at org.apache.maven.surefire.booter.ForkedBooter.invokeProviderInSameClassLoader(ForkedBooter.java:290)
	at org.apache.maven.surefire.booter.ForkedBooter.runSuitesInProcess(ForkedBooter.java:242)
	at org.apache.maven.surefire.booter.ForkedBooter.main(ForkedBooter.java:121)
"</b><br>cucumber.api.testng.TestNGCucumberRunner.runCucumber(TestNGCucumberRunner.java:69)<br>cucumber.api.testng.AbstractTestNGCucumberTests.feature(AbstractTestNGCucumberTests.java:21)<br>sun.reflect.NativeMethodAccessorImpl.invoke0(Native Method)<br>sun.reflect.NativeMethodAccessorImpl.invoke(NativeMethodAccessorImpl.java:62)<br>sun.reflect.DelegatingMethodAccessorImpl.invoke(DelegatingMethodAccessorImpl.java:43)<br>java.lang.reflect.Method.invoke(Method.java:498)<br>org.testng.internal.MethodInvocationHelper.invokeMethod(MethodInvocationHelper.java:80)<br>org.testng.internal.Invoker.invokeMethod(Invoker.java:714)<br>org.testng.internal.Invoker.invokeTestMethod(Invoker.java:901)<br>org.testng.internal.Invoker.invokeTestMethods(Invoker.java:1231)<br>org.testng.internal.TestMethodWorker.invokeTestMethods(TestMethodWorker.java:127)<br>org.testng.internal.TestMethodWorker.run(TestMethodWorker.java:111)<br>org.testng.TestRunner.privateRun(TestRunner.java:767)<br>org.testng.TestRunner.run(TestRunner.java:617)<br>org.testng.SuiteRunner.runTest(SuiteRunner.java:334)<br>org.testng.SuiteRunner.runSequentially(SuiteRunner.java:329)<br>org.testng.SuiteRunner.privateRun(SuiteRunner.java:291)<br>org.testng.SuiteRunner.run(SuiteRunner.java:240)<br>org.testng.SuiteRunnerWorker.runSuite(SuiteRunnerWorker.java:52)<br>org.testng.SuiteRunnerWorker.run(SuiteRunnerWorker.java:86)<br>org.testng.TestNG.runSuitesSequentially(TestNG.java:1198)<br>org.testng.TestNG.runSuitesLocally(TestNG.java:1123)<br>org.testng.TestNG.run(TestNG.java:1031)<br>org.apache.maven.surefire.testng.TestNGExecutor.run(TestNGExecutor.java:281)<br>org.apache.maven.surefire.testng.TestNGXmlTestSuite.execute(TestNGXmlTestSuite.java:75)<br>org.apache.maven.surefire.testng.TestNGProvider.invoke(TestNGProvider.java:121)<br>org.apache.maven.surefire.booter.ForkedBooter.invokeProviderInSameClassLoader(ForkedBooter.java:290)<br>org.apache.maven.surefire.booter.ForkedBooter.runSuitesInProcess(ForkedBooter.java:242)<br>org.apache.maven.surefire.booter.ForkedBooter.main(ForkedBooter.java:121)<br>
</div> <!-- stack-trace -->
                  <em>
(Runs Cucumber Feature)                  </em>
                </div> <!-- method-content -->
              </div> <!-- method -->
            </div> <!-- main-panel-content rounded-window-bottom -->
          </div> <!-- suite-SEI_Automation_Project-class-failed -->
        </div> <!-- panel SEI_Automation_Project -->
        <div panel-name="test-xml-SEI_Automation_Project" class="panel">
          <div class="main-panel-header rounded-window-top">
            <span class="header-content">H:\SEI\src\test\resources\runner\SEI.xml</span>
          </div> <!-- main-panel-header rounded-window-top -->
          <div class="main-panel-content rounded-window-bottom">
            <pre>
&lt;?xml version=&quot;1.0&quot; encoding=&quot;UTF-8&quot;?&gt;
&lt;!DOCTYPE suite SYSTEM &quot;http://testng.org/testng-1.0.dtd&quot;&gt;
&lt;suite verbose=&quot;0&quot; name=&quot;SEI Automation Project&quot;&gt;
  &lt;listeners&gt;
    &lt;listener class-name=&quot;utils.TestsListenerAdapter&quot;/&gt;
    &lt;listener class-name=&quot;org.uncommons.reportng.HTMLReporter&quot;/&gt;
    &lt;listener class-name=&quot;org.uncommons.reportng.JUnitXMLReporter&quot;/&gt;
  &lt;/listeners&gt;
  &lt;test name=&quot;SEI Smoke Suite&quot;&gt;
    &lt;parameter name=&quot;mobiledevice&quot; value=&quot;true&quot;/&gt;
    &lt;classes&gt;
      &lt;class name=&quot;runner.RunCuke&quot;/&gt;
    &lt;/classes&gt;
  &lt;/test&gt; &lt;!-- SEI Smoke Suite --&gt;
&lt;/suite&gt; &lt;!-- SEI Automation Project --&gt;
            </pre>
          </div> <!-- main-panel-content rounded-window-bottom -->
        </div> <!-- panel -->
        <div panel-name="testlist-SEI_Automation_Project" class="panel">
          <div class="main-panel-header rounded-window-top">
            <span class="header-content">Tests for SEI Automation Project</span>
          </div> <!-- main-panel-header rounded-window-top -->
          <div class="main-panel-content rounded-window-bottom">
            <ul>
              <li>
                <span class="test-name">SEI Smoke Suite (1 class)</span>
              </li>
            </ul>
          </div> <!-- main-panel-content rounded-window-bottom -->
        </div> <!-- panel -->
        <div panel-name="group-SEI_Automation_Project" class="panel">
          <div class="main-panel-header rounded-window-top">
            <span class="header-content">Groups for SEI Automation Project</span>
          </div> <!-- main-panel-header rounded-window-top -->
          <div class="main-panel-content rounded-window-bottom">
            <div class="test-group">
              <span class="test-group-name">cucumber</span>
              <br/>
              <div class="method-in-group">
                <span class="method-in-group-name">feature</span>
                <br/>
              </div> <!-- method-in-group -->
            </div> <!-- test-group -->
          </div> <!-- main-panel-content rounded-window-bottom -->
        </div> <!-- panel -->
        <div panel-name="times-SEI_Automation_Project" class="panel">
          <div class="main-panel-header rounded-window-top">
            <span class="header-content">Times for SEI Automation Project</span>
          </div> <!-- main-panel-header rounded-window-top -->
          <div class="main-panel-content rounded-window-bottom">
            <div class="times-div">
              <script type="text/javascript">
suiteTableInitFunctions.push('tableData_SEI_Automation_Project');
function tableData_SEI_Automation_Project() {
var data = new google.visualization.DataTable();
data.addColumn('number', 'Number');
data.addColumn('string', 'Method');
data.addColumn('string', 'Class');
data.addColumn('number', 'Time (ms)');
data.addRows(1);
data.setCell(0, 0, 0)
data.setCell(0, 1, 'feature')
data.setCell(0, 2, 'runner.RunCuke')
data.setCell(0, 3, 1050985);
window.suiteTableData['SEI_Automation_Project']= { tableData: data, tableDiv: 'times-div-SEI_Automation_Project'}
return data;
}
              </script>
              <span class="suite-total-time">Total running time: 17 minutes</span>
              <div id="times-div-SEI_Automation_Project">
              </div> <!-- times-div-SEI_Automation_Project -->
            </div> <!-- times-div -->
          </div> <!-- main-panel-content rounded-window-bottom -->
        </div> <!-- panel -->
        <div panel-name="reporter-SEI_Automation_Project" class="panel">
          <div class="main-panel-header rounded-window-top">
            <span class="header-content">Reporter output for SEI Automation Project</span>
          </div> <!-- main-panel-header rounded-window-top -->
          <div class="main-panel-content rounded-window-bottom">
          </div> <!-- main-panel-content rounded-window-bottom -->
        </div> <!-- panel -->
        <div panel-name="ignored-methods-SEI_Automation_Project" class="panel">
          <div class="main-panel-header rounded-window-top">
            <span class="header-content">0 ignored methods</span>
          </div> <!-- main-panel-header rounded-window-top -->
          <div class="main-panel-content rounded-window-bottom">
          </div> <!-- main-panel-content rounded-window-bottom -->
        </div> <!-- panel -->
        <div panel-name="chronological-SEI_Automation_Project" class="panel">
          <div class="main-panel-header rounded-window-top">
            <span class="header-content">Methods in chronological order</span>
          </div> <!-- main-panel-header rounded-window-top -->
          <div class="main-panel-content rounded-window-bottom">
            <div class="chronological-class">
              <div class="chronological-class-name">runner.RunCuke</div> <!-- chronological-class-name -->
              <div class="configuration-class before">
                <span class="method-name">setUpClass</span>
                <span class="method-start">0 ms</span>
              </div> <!-- configuration-class before -->
              <div class="configuration-class before">
                <span class="method-name">devicePreCheck(true)</span>
                <span class="method-start">1118 ms</span>
              </div> <!-- configuration-class before -->
              <div class="test-method">
                <img src="failed.png">
                </img>
                <span class="method-name">feature(Console Errors in PMLP Pages in QA)</span>
                <span class="method-start">3116 ms</span>
              </div> <!-- test-method -->
              <div class="configuration-class after">
                <span class="method-name">writeExtentReport</span>
                <span class="method-start">1054150 ms</span>
              </div> <!-- configuration-class after -->
              <div class="configuration-class after">
                <span class="method-name">tearDownClass</span>
                <span class="method-start">1054157 ms</span>
              </div> <!-- configuration-class after -->
          </div> <!-- main-panel-content rounded-window-bottom -->
        </div> <!-- panel -->
      </div> <!-- main-panel-root -->
    </div> <!-- wrapper -->
  </body>
</html>
