<?xml version="1.0" encoding="UTF-8"?>
<testsuite name="SEI Smoke Suite"
           tests="1"
           failures="1"
           errors="0"
           skipped="0"
           time="1050.985">
  <properties />
            <testcase name="feature" time="1050.985" classname="runner.RunCuke">
                <failure type="java.lang.Throwable"
                  message="Multiple failures (16):nnFailure 1 of 16:njava.lang.AssertionError: Title didn&apos;t match expected [true] but found [false]
	at org.testng.Assert.fail(Assert.java:94)
	at org.testng.Assert.failNotEquals(Assert.java:494)
	at org.testng.Assert.assertEquals(Assert.java:123)
	at org.testng.Assert.assertEquals(Assert.java:286)
	at steps.FormsSteps.i_should_see_navigate_to_the_thank_page(FormsSteps.java:71)
	at ?.Then User should navigate to &quot;Thank You&quot; Thank you page(src/test/resources/features/Forms.feature:18)
nnFailure 2 of 16:njava.lang.AssertionError: Title didn&apos;t match expected [true] but found [false]
	at org.testng.Assert.fail(Assert.java:94)
	at org.testng.Assert.failNotEquals(Assert.java:494)
	at org.testng.Assert.assertEquals(Assert.java:123)
	at org.testng.Assert.assertEquals(Assert.java:286)
	at steps.FormsSteps.i_should_see_navigate_to_the_thank_page(FormsSteps.java:71)
	at ?.Then User should navigate to &quot;Thank You&quot; Thank you page(src/test/resources/features/Forms.feature:31)
nnFailure 3 of 16:njava.lang.AssertionError: Title didn&apos;t match expected [true] but found [false]
	at org.testng.Assert.fail(Assert.java:94)
	at org.testng.Assert.failNotEquals(Assert.java:494)
	at org.testng.Assert.assertEquals(Assert.java:123)
	at org.testng.Assert.assertEquals(Assert.java:286)
	at steps.FormsSteps.i_should_see_navigate_to_the_thank_page(FormsSteps.java:71)
	at ?.Then User should navigate to &quot;Thank You&quot; Thank you page(src/test/resources/features/Forms.feature:44)
nnFailure 4 of 16:njava.lang.AssertionError: Title didn&apos;t match expected [true] but found [false]
	at org.testng.Assert.fail(Assert.java:94)
	at org.testng.Assert.failNotEquals(Assert.java:494)
	at org.testng.Assert.assertEquals(Assert.java:123)
	at org.testng.Assert.assertEquals(Assert.java:286)
	at steps.FooterSteps.i_should_see_the_text_on_pages(FooterSteps.java:176)
	at ?.Then User should see the &quot;Thank you page - RFI &quot; text on page(src/test/resources/features/Forms.feature:57)
nnFailure 5 of 16:njava.lang.AssertionError: Title didn&apos;t match expected [true] but found [false]
	at org.testng.Assert.fail(Assert.java:94)
	at org.testng.Assert.failNotEquals(Assert.java:494)
	at org.testng.Assert.assertEquals(Assert.java:123)
	at org.testng.Assert.assertEquals(Assert.java:286)
	at steps.FooterSteps.i_should_see_the_text_on_pages(FooterSteps.java:176)
	at ?.Then User should see the &quot;Thank you page - RFI | Digital Entrepreneurship MBA&quot; text on page(src/test/resources/features/Forms.feature:70)
nnFailure 6 of 16:njava.lang.AssertionError: Title didn&apos;t match expected [true] but found [false]
	at org.testng.Assert.fail(Assert.java:94)
	at org.testng.Assert.failNotEquals(Assert.java:494)
	at org.testng.Assert.assertEquals(Assert.java:123)
	at org.testng.Assert.assertEquals(Assert.java:286)
	at steps.FooterSteps.i_should_see_the_text_on_pages(FooterSteps.java:176)
	at ?.Then User should see the &quot;Thank you page - RFI | Digital Entrepreneurship MBA&quot; text on page(src/test/resources/features/Forms.feature:83)
nnFailure 7 of 16:njava.lang.AssertionError: Title didn&apos;t match expected [true] but found [false]
	at org.testng.Assert.fail(Assert.java:94)
	at org.testng.Assert.failNotEquals(Assert.java:494)
	at org.testng.Assert.assertEquals(Assert.java:123)
	at org.testng.Assert.assertEquals(Assert.java:286)
	at steps.FooterSteps.i_should_see_the_text_on_pages(FooterSteps.java:176)
	at ?.Then User should see the &quot;Thank you page - RFI &quot; text on page(src/test/resources/features/Forms.feature:96)
nnFailure 8 of 16:njava.lang.AssertionError: Title didn&apos;t match expected [true] but found [false]
	at org.testng.Assert.fail(Assert.java:94)
	at org.testng.Assert.failNotEquals(Assert.java:494)
	at org.testng.Assert.assertEquals(Assert.java:123)
	at org.testng.Assert.assertEquals(Assert.java:286)
	at steps.FooterSteps.i_should_see_the_text_on_pages(FooterSteps.java:176)
	at ?.Then User should see the &quot;Strayer University :: Thank You&quot; text on page(src/test/resources/features/Forms.feature:109)
nnFailure 9 of 16:njava.lang.AssertionError: Title didn&apos;t match expected [true] but found [false]
	at org.testng.Assert.fail(Assert.java:94)
	at org.testng.Assert.failNotEquals(Assert.java:494)
	at org.testng.Assert.assertEquals(Assert.java:123)
	at org.testng.Assert.assertEquals(Assert.java:286)
	at steps.FooterSteps.i_should_see_the_text_on_pages(FooterSteps.java:176)
	at ?.Then User should see the &quot;Strayer University :: Thank You&quot; text on page(src/test/resources/features/Forms.feature:122)
nnFailure 10 of 16:njava.lang.AssertionError: Title didn&apos;t match expected [true] but found [false]
	at org.testng.Assert.fail(Assert.java:94)
	at org.testng.Assert.failNotEquals(Assert.java:494)
	at org.testng.Assert.assertEquals(Assert.java:123)
	at org.testng.Assert.assertEquals(Assert.java:286)
	at steps.FooterSteps.i_should_see_the_text_on_pages(FooterSteps.java:176)
	at ?.Then User should see the &quot;Strayer University :: Thank You&quot; text on page(src/test/resources/features/Forms.feature:135)
nnFailure 11 of 16:njava.lang.AssertionError: Title didn&apos;t match expected [true] but found [false]
	at org.testng.Assert.fail(Assert.java:94)
	at org.testng.Assert.failNotEquals(Assert.java:494)
	at org.testng.Assert.assertEquals(Assert.java:123)
	at org.testng.Assert.assertEquals(Assert.java:286)
	at steps.FooterSteps.i_should_see_the_text_on_pages(FooterSteps.java:176)
	at ?.Then User should see the &quot;Strayer University : Thank You&quot; text on page(src/test/resources/features/Forms.feature:150)
nnFailure 12 of 16:njava.lang.AssertionError: Title didn&apos;t match expected [true] but found [false]
	at org.testng.Assert.fail(Assert.java:94)
	at org.testng.Assert.failNotEquals(Assert.java:494)
	at org.testng.Assert.assertEquals(Assert.java:123)
	at org.testng.Assert.assertEquals(Assert.java:286)
	at steps.FooterSteps.i_should_see_the_text_on_pages(FooterSteps.java:176)
	at ?.And User should see the &quot;Strayer University :: Thank You&quot; text on page(src/test/resources/features/Forms.feature:184)
nnFailure 13 of 16:njava.lang.AssertionError: Title didn&apos;t match expected [true] but found [false]
	at org.testng.Assert.fail(Assert.java:94)
	at org.testng.Assert.failNotEquals(Assert.java:494)
	at org.testng.Assert.assertEquals(Assert.java:123)
	at org.testng.Assert.assertEquals(Assert.java:286)
	at steps.FooterSteps.i_should_see_the_text_on_pages(FooterSteps.java:176)
	at ?.Then User should see the &quot;Thank you page - RFI | Digital Entrepreneurship MBA&quot; text on page(src/test/resources/features/Forms.feature:198)
nnFailure 14 of 16:njava.lang.AssertionError: Title didn&apos;t match expected [true] but found [false]
	at org.testng.Assert.fail(Assert.java:94)
	at org.testng.Assert.failNotEquals(Assert.java:494)
	at org.testng.Assert.assertEquals(Assert.java:123)
	at org.testng.Assert.assertEquals(Assert.java:286)
	at steps.FooterSteps.i_should_see_the_text_on_pages(FooterSteps.java:176)
	at ?.Then User should see the &quot;Thank you page - RFI &quot; text on page(src/test/resources/features/Forms.feature:212)
nnFailure 15 of 16:njava.lang.AssertionError: Title didn&apos;t match expected [true] but found [false]
	at org.testng.Assert.fail(Assert.java:94)
	at org.testng.Assert.failNotEquals(Assert.java:494)
	at org.testng.Assert.assertEquals(Assert.java:123)
	at org.testng.Assert.assertEquals(Assert.java:286)
	at steps.FormsSteps.i_should_see_the_something_text_on_my_capella_dashboard(FormsSteps.java:1044)
	at ?.Then User should see the &quot;MY PROFILE&quot; text on My Capella Dashboard(src/test/resources/features/Forms.feature:300)
nnFailure 16 of 16:ncucumber.runtime.CucumberException: java.lang.AssertionError: Title didn&apos;t match expected [true] but found [false]"
              >
<![CDATA[java.lang.Throwable: Multiple failures (16):nnFailure 1 of 16:njava.lang.AssertionError: Title didn't match expected [true] but found [false]
	at org.testng.Assert.fail(Assert.java:94)
	at org.testng.Assert.failNotEquals(Assert.java:494)
	at org.testng.Assert.assertEquals(Assert.java:123)
	at org.testng.Assert.assertEquals(Assert.java:286)
	at steps.FormsSteps.i_should_see_navigate_to_the_thank_page(FormsSteps.java:71)
	at ?.Then User should navigate to "Thank You" Thank you page(src/test/resources/features/Forms.feature:18)
nnFailure 2 of 16:njava.lang.AssertionError: Title didn't match expected [true] but found [false]
	at org.testng.Assert.fail(Assert.java:94)
	at org.testng.Assert.failNotEquals(Assert.java:494)
	at org.testng.Assert.assertEquals(Assert.java:123)
	at org.testng.Assert.assertEquals(Assert.java:286)
	at steps.FormsSteps.i_should_see_navigate_to_the_thank_page(FormsSteps.java:71)
	at ?.Then User should navigate to "Thank You" Thank you page(src/test/resources/features/Forms.feature:31)
nnFailure 3 of 16:njava.lang.AssertionError: Title didn't match expected [true] but found [false]
	at org.testng.Assert.fail(Assert.java:94)
	at org.testng.Assert.failNotEquals(Assert.java:494)
	at org.testng.Assert.assertEquals(Assert.java:123)
	at org.testng.Assert.assertEquals(Assert.java:286)
	at steps.FormsSteps.i_should_see_navigate_to_the_thank_page(FormsSteps.java:71)
	at ?.Then User should navigate to "Thank You" Thank you page(src/test/resources/features/Forms.feature:44)
nnFailure 4 of 16:njava.lang.AssertionError: Title didn't match expected [true] but found [false]
	at org.testng.Assert.fail(Assert.java:94)
	at org.testng.Assert.failNotEquals(Assert.java:494)
	at org.testng.Assert.assertEquals(Assert.java:123)
	at org.testng.Assert.assertEquals(Assert.java:286)
	at steps.FooterSteps.i_should_see_the_text_on_pages(FooterSteps.java:176)
	at ?.Then User should see the "Thank you page - RFI " text on page(src/test/resources/features/Forms.feature:57)
nnFailure 5 of 16:njava.lang.AssertionError: Title didn't match expected [true] but found [false]
	at org.testng.Assert.fail(Assert.java:94)
	at org.testng.Assert.failNotEquals(Assert.java:494)
	at org.testng.Assert.assertEquals(Assert.java:123)
	at org.testng.Assert.assertEquals(Assert.java:286)
	at steps.FooterSteps.i_should_see_the_text_on_pages(FooterSteps.java:176)
	at ?.Then User should see the "Thank you page - RFI | Digital Entrepreneurship MBA" text on page(src/test/resources/features/Forms.feature:70)
nnFailure 6 of 16:njava.lang.AssertionError: Title didn't match expected [true] but found [false]
	at org.testng.Assert.fail(Assert.java:94)
	at org.testng.Assert.failNotEquals(Assert.java:494)
	at org.testng.Assert.assertEquals(Assert.java:123)
	at org.testng.Assert.assertEquals(Assert.java:286)
	at steps.FooterSteps.i_should_see_the_text_on_pages(FooterSteps.java:176)
	at ?.Then User should see the "Thank you page - RFI | Digital Entrepreneurship MBA" text on page(src/test/resources/features/Forms.feature:83)
nnFailure 7 of 16:njava.lang.AssertionError: Title didn't match expected [true] but found [false]
	at org.testng.Assert.fail(Assert.java:94)
	at org.testng.Assert.failNotEquals(Assert.java:494)
	at org.testng.Assert.assertEquals(Assert.java:123)
	at org.testng.Assert.assertEquals(Assert.java:286)
	at steps.FooterSteps.i_should_see_the_text_on_pages(FooterSteps.java:176)
	at ?.Then User should see the "Thank you page - RFI " text on page(src/test/resources/features/Forms.feature:96)
nnFailure 8 of 16:njava.lang.AssertionError: Title didn't match expected [true] but found [false]
	at org.testng.Assert.fail(Assert.java:94)
	at org.testng.Assert.failNotEquals(Assert.java:494)
	at org.testng.Assert.assertEquals(Assert.java:123)
	at org.testng.Assert.assertEquals(Assert.java:286)
	at steps.FooterSteps.i_should_see_the_text_on_pages(FooterSteps.java:176)
	at ?.Then User should see the "Strayer University :: Thank You" text on page(src/test/resources/features/Forms.feature:109)
nnFailure 9 of 16:njava.lang.AssertionError: Title didn't match expected [true] but found [false]
	at org.testng.Assert.fail(Assert.java:94)
	at org.testng.Assert.failNotEquals(Assert.java:494)
	at org.testng.Assert.assertEquals(Assert.java:123)
	at org.testng.Assert.assertEquals(Assert.java:286)
	at steps.FooterSteps.i_should_see_the_text_on_pages(FooterSteps.java:176)
	at ?.Then User should see the "Strayer University :: Thank You" text on page(src/test/resources/features/Forms.feature:122)
nnFailure 10 of 16:njava.lang.AssertionError: Title didn't match expected [true] but found [false]
	at org.testng.Assert.fail(Assert.java:94)
	at org.testng.Assert.failNotEquals(Assert.java:494)
	at org.testng.Assert.assertEquals(Assert.java:123)
	at org.testng.Assert.assertEquals(Assert.java:286)
	at steps.FooterSteps.i_should_see_the_text_on_pages(FooterSteps.java:176)
	at ?.Then User should see the "Strayer University :: Thank You" text on page(src/test/resources/features/Forms.feature:135)
nnFailure 11 of 16:njava.lang.AssertionError: Title didn't match expected [true] but found [false]
	at org.testng.Assert.fail(Assert.java:94)
	at org.testng.Assert.failNotEquals(Assert.java:494)
	at org.testng.Assert.assertEquals(Assert.java:123)
	at org.testng.Assert.assertEquals(Assert.java:286)
	at steps.FooterSteps.i_should_see_the_text_on_pages(FooterSteps.java:176)
	at ?.Then User should see the "Strayer University : Thank You" text on page(src/test/resources/features/Forms.feature:150)
nnFailure 12 of 16:njava.lang.AssertionError: Title didn't match expected [true] but found [false]
	at org.testng.Assert.fail(Assert.java:94)
	at org.testng.Assert.failNotEquals(Assert.java:494)
	at org.testng.Assert.assertEquals(Assert.java:123)
	at org.testng.Assert.assertEquals(Assert.java:286)
	at steps.FooterSteps.i_should_see_the_text_on_pages(FooterSteps.java:176)
	at ?.And User should see the "Strayer University :: Thank You" text on page(src/test/resources/features/Forms.feature:184)
nnFailure 13 of 16:njava.lang.AssertionError: Title didn't match expected [true] but found [false]
	at org.testng.Assert.fail(Assert.java:94)
	at org.testng.Assert.failNotEquals(Assert.java:494)
	at org.testng.Assert.assertEquals(Assert.java:123)
	at org.testng.Assert.assertEquals(Assert.java:286)
	at steps.FooterSteps.i_should_see_the_text_on_pages(FooterSteps.java:176)
	at ?.Then User should see the "Thank you page - RFI | Digital Entrepreneurship MBA" text on page(src/test/resources/features/Forms.feature:198)
nnFailure 14 of 16:njava.lang.AssertionError: Title didn't match expected [true] but found [false]
	at org.testng.Assert.fail(Assert.java:94)
	at org.testng.Assert.failNotEquals(Assert.java:494)
	at org.testng.Assert.assertEquals(Assert.java:123)
	at org.testng.Assert.assertEquals(Assert.java:286)
	at steps.FooterSteps.i_should_see_the_text_on_pages(FooterSteps.java:176)
	at ?.Then User should see the "Thank you page - RFI " text on page(src/test/resources/features/Forms.feature:212)
nnFailure 15 of 16:njava.lang.AssertionError: Title didn't match expected [true] but found [false]
	at org.testng.Assert.fail(Assert.java:94)
	at org.testng.Assert.failNotEquals(Assert.java:494)
	at org.testng.Assert.assertEquals(Assert.java:123)
	at org.testng.Assert.assertEquals(Assert.java:286)
	at steps.FormsSteps.i_should_see_the_something_text_on_my_capella_dashboard(FormsSteps.java:1044)
	at ?.Then User should see the "MY PROFILE" text on My Capella Dashboard(src/test/resources/features/Forms.feature:300)
nnFailure 16 of 16:ncucumber.runtime.CucumberException: java.lang.AssertionError: Title didn't match expected [true] but found [false]
  cucumber.api.testng.TestNGCucumberRunner.runCucumber(TestNGCucumberRunner.java:69)
  cucumber.api.testng.AbstractTestNGCucumberTests.feature(AbstractTestNGCucumberTests.java:21)
  sun.reflect.NativeMethodAccessorImpl.invoke0(Native Method)
  sun.reflect.NativeMethodAccessorImpl.invoke(NativeMethodAccessorImpl.java:62)
  sun.reflect.DelegatingMethodAccessorImpl.invoke(DelegatingMethodAccessorImpl.java:43)
  java.lang.reflect.Method.invoke(Method.java:498)
  org.testng.internal.MethodInvocationHelper.invokeMethod(MethodInvocationHelper.java:80)
  org.testng.internal.Invoker.invokeMethod(Invoker.java:714)
  org.testng.internal.Invoker.invokeTestMethod(Invoker.java:901)
  org.testng.internal.Invoker.invokeTestMethods(Invoker.java:1231)
  org.testng.internal.TestMethodWorker.invokeTestMethods(TestMethodWorker.java:127)
  org.testng.internal.TestMethodWorker.run(TestMethodWorker.java:111)
  org.testng.TestRunner.privateRun(TestRunner.java:767)
  org.testng.TestRunner.run(TestRunner.java:617)
  org.testng.SuiteRunner.runTest(SuiteRunner.java:334)
  org.testng.SuiteRunner.runSequentially(SuiteRunner.java:329)
  org.testng.SuiteRunner.privateRun(SuiteRunner.java:291)
  org.testng.SuiteRunner.run(SuiteRunner.java:240)
  org.testng.SuiteRunnerWorker.runSuite(SuiteRunnerWorker.java:52)
  org.testng.SuiteRunnerWorker.run(SuiteRunnerWorker.java:86)
  org.testng.TestNG.runSuitesSequentially(TestNG.java:1198)
  org.testng.TestNG.runSuitesLocally(TestNG.java:1123)
  org.testng.TestNG.run(TestNG.java:1031)
  org.apache.maven.surefire.testng.TestNGExecutor.run(TestNGExecutor.java:281)
  org.apache.maven.surefire.testng.TestNGXmlTestSuite.execute(TestNGXmlTestSuite.java:75)
  org.apache.maven.surefire.testng.TestNGProvider.invoke(TestNGProvider.java:121)
  org.apache.maven.surefire.booter.ForkedBooter.invokeProviderInSameClassLoader(ForkedBooter.java:290)
  org.apache.maven.surefire.booter.ForkedBooter.runSuitesInProcess(ForkedBooter.java:242)
  org.apache.maven.surefire.booter.ForkedBooter.main(ForkedBooter.java:121)
]]>
      </failure>

          </testcase>
  
  
  
</testsuite>
